0,/Src2,PUB,/Src2::1
0,/Rtr1,PUB,/Rtr1::1
0,/Rtr2,PUB,/Rtr2::1
0,/Dst1,PUB,/Dst1::1
0,/Dst2,PUB,/Dst2::1
110.042,/Rtr1,RECV,/Src2::1
110.042,/Src2,RECV,/Rtr1::1
110.042,/Dst1,RECV,/Rtr2::1
110.042,/Dst2,RECV,/Rtr2::1
110.042,/Rtr2,RECV,/Dst1::1
110.042,/Rtr2,RECV,/Dst2::1
110.416,/Rtr2,RECV,/Rtr1::1
110.416,/Rtr1,RECV,/Rtr2::1
120.083,/Dst2,RECV,/Dst1::1
120.083,/Dst1,RECV,/Dst2::1
120.458,/Rtr2,RECV,/Src2::1
120.458,/Rtr1,RECV,/Dst1::1
120.458,/Dst1,RECV,/Rtr1::1
120.458,/Dst2,RECV,/Rtr1::1
120.458,/Src2,RECV,/Rtr2::1
120.874,/Rtr1,RECV,/Dst2::1
130.499,/Dst1,RECV,/Src2::1
130.499,/Dst2,RECV,/Src2::1
130.499,/Src2,RECV,/Dst1::1
130.915,/Src2,RECV,/Dst2::1
657,/Dst2,PUB,/Dst2::2
668.073,/Rtr2,RECV,/Dst2::2
678.146,/Dst1,RECV,/Dst2::2
678.801,/Rtr1,RECV,/Dst2::2
688.874,/Src2,RECV,/Dst2::2
745,/Rtr2,PUB,/Rtr2::2
756.073,/Dst1,RECV,/Rtr2::2
756.073,/Dst2,RECV,/Rtr2::2
756.728,/Rtr1,RECV,/Rtr2::2
766.801,/Src2,RECV,/Rtr2::2
836,/Dst1,PUB,/Dst1::2
847.114,/Rtr2,RECV,/Dst1::2
848,/Rtr1,PUB,/Rtr1::2
857.187,/Dst2,RECV,/Dst1::2
858.217,/Rtr1,RECV,/Dst1::2
859.073,/Src2,RECV,/Rtr1::2
859.728,/Rtr2,RECV,/Rtr1::2
868.258,/Src2,RECV,/Dst1::2
869.801,/Dst1,RECV,/Rtr1::2
869.801,/Dst2,RECV,/Rtr1::2
920,/Src2,PUB,/Src2::2
931.073,/Rtr1,RECV,/Src2::2
941.801,/Rtr2,RECV,/Src2::2
951.874,/Dst1,RECV,/Src2::2
951.874,/Dst2,RECV,/Src2::2
1446,/Rtr2,PUB,/Rtr2::3
1457.07,/Dst1,RECV,/Rtr2::3
1457.07,/Dst2,RECV,/Rtr2::3
1457.73,/Rtr1,RECV,/Rtr2::3
1463,/Dst2,PUB,/Dst2::3
1467.8,/Src2,RECV,/Rtr2::3
1474.07,/Rtr2,RECV,/Dst2::3
1484.15,/Dst1,RECV,/Dst2::3
1484.8,/Rtr1,RECV,/Dst2::3
1494.87,/Src2,RECV,/Dst2::3
1716,/Dst1,PUB,/Dst1::3
1727.11,/Rtr2,RECV,/Dst1::3
1737.19,/Dst2,RECV,/Dst1::3
1738.22,/Rtr1,RECV,/Dst1::3
1748.26,/Src2,RECV,/Dst1::3
1856,/Src2,PUB,/Src2::3
1867.07,/Rtr1,RECV,/Src2::3
1877.8,/Rtr2,RECV,/Src2::3
1887.87,/Dst1,RECV,/Src2::3
1887.87,/Dst2,RECV,/Src2::3
1894,/Rtr1,PUB,/Rtr1::3
1905.07,/Src2,RECV,/Rtr1::3
1905.73,/Rtr2,RECV,/Rtr1::3
1915.8,/Dst1,RECV,/Rtr1::3
1915.8,/Dst2,RECV,/Rtr1::3
2308,/Rtr2,PUB,/Rtr2::4
2319.07,/Dst1,RECV,/Rtr2::4
2319.07,/Dst2,RECV,/Rtr2::4
2319.73,/Rtr1,RECV,/Rtr2::4
2329.8,/Src2,RECV,/Rtr2::4
2386,/Dst1,PUB,/Dst1::4
2397.11,/Rtr2,RECV,/Dst1::4
2407.19,/Dst2,RECV,/Dst1::4
2408.22,/Rtr1,RECV,/Dst1::4
2418.26,/Src2,RECV,/Dst1::4
2454,/Dst2,PUB,/Dst2::4
2465.07,/Rtr2,RECV,/Dst2::4
2475.15,/Dst1,RECV,/Dst2::4
2475.8,/Rtr1,RECV,/Dst2::4
2485.87,/Src2,RECV,/Dst2::4
2558,/Src2,PUB,/Src2::4
2569.07,/Rtr1,RECV,/Src2::4
2579.8,/Rtr2,RECV,/Src2::4
2589.87,/Dst1,RECV,/Src2::4
2589.87,/Dst2,RECV,/Src2::4
2851,/Rtr1,PUB,/Rtr1::4
2862.07,/Src2,RECV,/Rtr1::4
2862.73,/Rtr2,RECV,/Rtr1::4
2872.8,/Dst1,RECV,/Rtr1::4
2872.8,/Dst2,RECV,/Rtr1::4
3000,/Src1,PUB,/Src1::1
3110.04,/Rtr1,RECV,/Src1::1
3120.08,/Src2,RECV,/Src1::1
3120.46,/Rtr2,RECV,/Src1::1
3130.5,/Dst1,RECV,/Src1::1
3130.5,/Dst2,RECV,/Src1::1
3233,/Rtr2,PUB,/Rtr2::5
3244.07,/Dst1,RECV,/Rtr2::5
3244.07,/Dst2,RECV,/Rtr2::5
3244.73,/Rtr1,RECV,/Rtr2::5
3254.8,/Src1,RECV,/Rtr1::1
3254.8,/Src1,RECV,/Rtr1::2
3254.8,/Src1,RECV,/Rtr1::3
3254.8,/Src1,RECV,/Rtr1::4
3254.8,/Src1,RECV,/Rtr2::1
3254.8,/Src1,RECV,/Rtr2::2
3254.8,/Src1,RECV,/Rtr2::3
3254.8,/Src1,RECV,/Rtr2::4
3254.8,/Src1,RECV,/Rtr2::5
3254.8,/Src1,RECV,/Src2::1
3254.8,/Src1,RECV,/Src2::2
3254.8,/Src1,RECV,/Src2::3
3254.8,/Src1,RECV,/Src2::4
3254.8,/Src2,RECV,/Rtr2::5
3255.3,/Src1,RECV,/Dst1::1
3255.3,/Src1,RECV,/Dst1::2
3255.3,/Src1,RECV,/Dst1::3
3255.3,/Src1,RECV,/Dst1::4
3255.3,/Src1,RECV,/Dst2::1
3255.3,/Src1,RECV,/Dst2::2
3255.3,/Src1,RECV,/Dst2::3
3255.3,/Src1,RECV,/Dst2::4
3360,/Dst2,PUB,/Dst2::5
3371.12,/Rtr2,RECV,/Dst2::5
3381.2,/Dst1,RECV,/Dst2::5
3382.32,/Rtr1,RECV,/Dst2::5
3392.37,/Src1,RECV,/Dst2::5
3392.37,/Src2,RECV,/Dst2::5
3407,/Src2,PUB,/Src2::5
3418.07,/Rtr1,RECV,/Src2::5
3428.15,/Src1,RECV,/Src2::5
3428.8,/Rtr2,RECV,/Src2::5
3433,/Dst1,PUB,/Dst1::5
3438.87,/Dst1,RECV,/Src2::5
3438.87,/Dst2,RECV,/Src2::5
3444.12,/Rtr2,RECV,/Dst1::5
3454.2,/Dst2,RECV,/Dst1::5
3455.32,/Rtr1,RECV,/Dst1::5
3465.37,/Src1,RECV,/Dst1::5
3465.37,/Src2,RECV,/Dst1::5
3641,/Src1,PUB,/Src1::2
3651,/Rtr1,PUB,/Rtr1::5
3652.07,/Rtr1,RECV,/Src1::2
3662.07,/Src1,RECV,/Rtr1::5
3662.07,/Src2,RECV,/Rtr1::5
3662.15,/Src2,RECV,/Src1::2
3662.73,/Rtr2,RECV,/Rtr1::5
3663.98,/Rtr2,RECV,/Src1::2
3672.8,/Dst1,RECV,/Rtr1::5
3672.8,/Dst2,RECV,/Rtr1::5
3674.05,/Dst1,RECV,/Src1::2
3674.05,/Dst2,RECV,/Src1::2
3970,/Rtr2,PUB,/Rtr2::6
3981.07,/Dst1,RECV,/Rtr2::6
3981.07,/Dst2,RECV,/Rtr2::6
3981.73,/Rtr1,RECV,/Rtr2::6
3991.8,/Src1,RECV,/Rtr2::6
3991.8,/Src2,RECV,/Rtr2::6
4216,/Src2,PUB,/Src2::6
4227.07,/Rtr1,RECV,/Src2::6
4237.15,/Src1,RECV,/Src2::6
4237.8,/Rtr2,RECV,/Src2::6
4247.87,/Dst1,RECV,/Src2::6
4247.87,/Dst2,RECV,/Src2::6
4255,/Dst2,PUB,/Dst2::6
4266.12,/Rtr2,RECV,/Dst2::6
4276.2,/Dst1,RECV,/Dst2::6
4277.32,/Rtr1,RECV,/Dst2::6
4287.37,/Src1,RECV,/Dst2::6
4287.37,/Src2,RECV,/Dst2::6
4330,/Dst1,PUB,/Dst1::6
4341.12,/Rtr2,RECV,/Dst1::6
4351.2,/Dst2,RECV,/Dst1::6
4352.32,/Rtr1,RECV,/Dst1::6
4362.37,/Src1,RECV,/Dst1::6
4362.37,/Src2,RECV,/Dst1::6
4647,/Rtr1,PUB,/Rtr1::6
4655,/Src1,PUB,/Src1::3
4658.07,/Src1,RECV,/Rtr1::6
4658.07,/Src2,RECV,/Rtr1::6
4658.73,/Rtr2,RECV,/Rtr1::6
4666.07,/Rtr1,RECV,/Src1::3
4668.8,/Dst1,RECV,/Rtr1::6
4668.8,/Dst2,RECV,/Rtr1::6
4676.15,/Src2,RECV,/Src1::3
4676.8,/Rtr2,RECV,/Src1::3
4686.87,/Dst1,RECV,/Src1::3
4686.87,/Dst2,RECV,/Src1::3
4998,/Rtr2,PUB,/Rtr2::7
5009.07,/Dst1,RECV,/Rtr2::7
5009.07,/Dst2,RECV,/Rtr2::7
5009.73,/Rtr1,RECV,/Rtr2::7
5019.8,/Src1,RECV,/Rtr2::7
5019.8,/Src2,RECV,/Rtr2::7
5043,/Dst2,PUB,/Dst2::7
5054.12,/Rtr2,RECV,/Dst2::7
5064.2,/Dst1,RECV,/Dst2::7
5065.32,/Rtr1,RECV,/Dst2::7
5075.37,/Src1,RECV,/Dst2::7
5075.37,/Src2,RECV,/Dst2::7
5083,/Src2,PUB,/Src2::7
5094.07,/Rtr1,RECV,/Src2::7
5104.15,/Src1,RECV,/Src2::7
5104.8,/Rtr2,RECV,/Src2::7
5114.87,/Dst1,RECV,/Src2::7
5114.87,/Dst2,RECV,/Src2::7
5323,/Dst1,PUB,/Dst1::7
5327,/Src1,PUB,/Src1::4
5334.12,/Rtr2,RECV,/Dst1::7
5338.07,/Rtr1,RECV,/Src1::4
5344.2,/Dst2,RECV,/Dst1::7
5345.32,/Rtr1,RECV,/Dst1::7
5348.15,/Src2,RECV,/Src1::4
5348.8,/Rtr2,RECV,/Src1::4
5355.37,/Src1,RECV,/Dst1::7
5355.37,/Src2,RECV,/Dst1::7
5358.87,/Dst1,RECV,/Src1::4
5358.87,/Dst2,RECV,/Src1::4
5518,/Rtr1,PUB,/Rtr1::7
5529.07,/Src1,RECV,/Rtr1::7
5529.07,/Src2,RECV,/Rtr1::7
5529.73,/Rtr2,RECV,/Rtr1::7
5539.8,/Dst1,RECV,/Rtr1::7
5539.8,/Dst2,RECV,/Rtr1::7
5676,/Rtr2,PUB,/Rtr2::8
5687.07,/Dst1,RECV,/Rtr2::8
5687.07,/Dst2,RECV,/Rtr2::8
5687.73,/Rtr1,RECV,/Rtr2::8
5697.8,/Src1,RECV,/Rtr2::8
5697.8,/Src2,RECV,/Rtr2::8
5858,/Dst2,PUB,/Dst2::8
5869.12,/Rtr2,RECV,/Dst2::8
5879.2,/Dst1,RECV,/Dst2::8
5880.32,/Rtr1,RECV,/Dst2::8
5890.37,/Src1,RECV,/Dst2::8
5890.37,/Src2,RECV,/Dst2::8
6014,/Src1,PUB,/Src1::5
6025.07,/Rtr1,RECV,/Src1::5
6035.15,/Src2,RECV,/Src1::5
6035.8,/Rtr2,RECV,/Src1::5
6045.87,/Dst1,RECV,/Src1::5
6045.87,/Dst2,RECV,/Src1::5
6140,/Src2,PUB,/Src2::8
6151.07,/Rtr1,RECV,/Src2::8
6156,/Dst1,PUB,/Dst1::8
6161.15,/Src1,RECV,/Src2::8
6161.8,/Rtr2,RECV,/Src2::8
6167.12,/Rtr2,RECV,/Dst1::8
6171.87,/Dst1,RECV,/Src2::8
6171.87,/Dst2,RECV,/Src2::8
6177.2,/Dst2,RECV,/Dst1::8
6178.32,/Rtr1,RECV,/Dst1::8
6188.37,/Src1,RECV,/Dst1::8
6188.37,/Src2,RECV,/Dst1::8
6209,/Rtr1,PUB,/Rtr1::8
6220.07,/Src1,RECV,/Rtr1::8
6220.07,/Src2,RECV,/Rtr1::8
6220.73,/Rtr2,RECV,/Rtr1::8
6230.8,/Dst1,RECV,/Rtr1::8
6230.8,/Dst2,RECV,/Rtr1::8
6498,/Rtr2,PUB,/Rtr2::9
6509.07,/Dst1,RECV,/Rtr2::9
6509.07,/Dst2,RECV,/Rtr2::9
6509.73,/Rtr1,RECV,/Rtr2::9
6519.8,/Src1,RECV,/Rtr2::9
6519.8,/Src2,RECV,/Rtr2::9
6649,/Dst2,PUB,/Dst2::9
6660.12,/Rtr2,RECV,/Dst2::9
6670.2,/Dst1,RECV,/Dst2::9
6671.32,/Rtr1,RECV,/Dst2::9
6681.37,/Src1,RECV,/Dst2::9
6681.37,/Src2,RECV,/Dst2::9
6876,/Dst1,PUB,/Dst1::9
6887.12,/Rtr2,RECV,/Dst1::9
6897.2,/Dst2,RECV,/Dst1::9
6898.32,/Rtr1,RECV,/Dst1::9
6907,/Src1,PUB,/Src1::6
6908.37,/Src1,RECV,/Dst1::9
6908.37,/Src2,RECV,/Dst1::9
6918.07,/Rtr1,RECV,/Src1::6
6928.15,/Src2,RECV,/Src1::6
6928.8,/Rtr2,RECV,/Src1::6
6938.87,/Dst1,RECV,/Src1::6
6938.87,/Dst2,RECV,/Src1::6
6948,/Src2,PUB,/Src2::9
6959.07,/Rtr1,RECV,/Src2::9
6969.15,/Src1,RECV,/Src2::9
6969.8,/Rtr2,RECV,/Src2::9
6979.87,/Dst1,RECV,/Src2::9
6979.87,/Dst2,RECV,/Src2::9
7055,/Rtr1,PUB,/Rtr1::9
7066.07,/Src1,RECV,/Rtr1::9
7066.07,/Src2,RECV,/Rtr1::9
7066.73,/Rtr2,RECV,/Rtr1::9
7076.8,/Dst1,RECV,/Rtr1::9
7076.8,/Dst2,RECV,/Rtr1::9
7236,/Rtr2,PUB,/Rtr2::10
7247.07,/Dst1,RECV,/Rtr2::10
7247.07,/Dst2,RECV,/Rtr2::10
7247.73,/Rtr1,RECV,/Rtr2::10
7257.8,/Src1,RECV,/Rtr2::10
7257.8,/Src2,RECV,/Rtr2::10
7446,/Dst2,PUB,/Dst2::10
7457.12,/Rtr2,RECV,/Dst2::10
7467.2,/Dst1,RECV,/Dst2::10
7468.32,/Rtr1,RECV,/Dst2::10
7478.37,/Src1,RECV,/Dst2::10
7478.37,/Src2,RECV,/Dst2::10
7615,/Src1,PUB,/Src1::7
7626.07,/Rtr1,RECV,/Src1::7
7636.15,/Src2,RECV,/Src1::7
7636.8,/Rtr2,RECV,/Src1::7
7646.87,/Dst1,RECV,/Src1::7
7646.87,/Dst2,RECV,/Src1::7
7766,/Dst1,PUB,/Dst1::10
7777.12,/Rtr2,RECV,/Dst1::10
7787.2,/Dst2,RECV,/Dst1::10
7788.32,/Rtr1,RECV,/Dst1::10
7798.37,/Src1,RECV,/Dst1::10
7798.37,/Src2,RECV,/Dst1::10
7886,/Src2,PUB,/Src2::10
7897.07,/Rtr1,RECV,/Src2::10
7903,/Rtr2,PUB,/Rtr2::11
7907.15,/Src1,RECV,/Src2::10
7907.8,/Rtr2,RECV,/Src2::10
7914.07,/Dst1,RECV,/Rtr2::11
7914.07,/Dst2,RECV,/Rtr2::11
7914.73,/Rtr1,RECV,/Rtr2::11
7917.87,/Dst1,RECV,/Src2::10
7917.87,/Dst2,RECV,/Src2::10
7924.8,/Src1,RECV,/Rtr2::11
7924.8,/Src2,RECV,/Rtr2::11
7992,/Rtr1,PUB,/Rtr1::10
8003.07,/Src1,RECV,/Rtr1::10
8003.07,/Src2,RECV,/Rtr1::10
8003.73,/Rtr2,RECV,/Rtr1::10
8013.8,/Dst1,RECV,/Rtr1::10
8013.8,/Dst2,RECV,/Rtr1::10
8469,/Dst2,PUB,/Dst2::11
8480.12,/Rtr2,RECV,/Dst2::11
8488,/Dst1,PUB,/Dst1::11
8490.2,/Dst1,RECV,/Dst2::11
8491.32,/Rtr1,RECV,/Dst2::11
8499.12,/Rtr2,RECV,/Dst1::11
8501.37,/Src1,RECV,/Dst2::11
8501.37,/Src2,RECV,/Dst2::11
8509.2,/Dst2,RECV,/Dst1::11
8510.32,/Rtr1,RECV,/Dst1::11
8520.37,/Src1,RECV,/Dst1::11
8520.37,/Src2,RECV,/Dst1::11
8532,/Src1,PUB,/Src1::8
8543.07,/Rtr1,RECV,/Src1::8
8553.15,/Src2,RECV,/Src1::8
8553.8,/Rtr2,RECV,/Src1::8
8563.87,/Dst1,RECV,/Src1::8
8563.87,/Dst2,RECV,/Src1::8
8678,/Src2,PUB,/Src2::11
8689.07,/Rtr1,RECV,/Src2::11
8699.15,/Src1,RECV,/Src2::11
8699.8,/Rtr2,RECV,/Src2::11
8709.87,/Dst1,RECV,/Src2::11
8709.87,/Dst2,RECV,/Src2::11
8827,/Rtr2,PUB,/Rtr2::12
8838.07,/Dst1,RECV,/Rtr2::12
8838.07,/Dst2,RECV,/Rtr2::12
8838.73,/Rtr1,RECV,/Rtr2::12
8848.8,/Src1,RECV,/Rtr2::12
8848.8,/Src2,RECV,/Rtr2::12
8854,/Rtr1,PUB,/Rtr1::11
8865.07,/Src1,RECV,/Rtr1::11
8865.07,/Src2,RECV,/Rtr1::11
8865.73,/Rtr2,RECV,/Rtr1::11
8875.8,/Dst1,RECV,/Rtr1::11
8875.8,/Dst2,RECV,/Rtr1::11
9267,/Dst2,PUB,/Dst2::12
9278.12,/Rtr2,RECV,/Dst2::12
9288.2,/Dst1,RECV,/Dst2::12
9289.32,/Rtr1,RECV,/Dst2::12
9299.37,/Src1,RECV,/Dst2::12
9299.37,/Src2,RECV,/Dst2::12
9303,/Dst1,PUB,/Dst1::12
9314.12,/Rtr2,RECV,/Dst1::12
9324.2,/Dst2,RECV,/Dst1::12
9325.32,/Rtr1,RECV,/Dst1::12
9335.37,/Src1,RECV,/Dst1::12
9335.37,/Src2,RECV,/Dst1::12
9403,/Src2,PUB,/Src2::12
9414.07,/Rtr1,RECV,/Src2::12
9424.15,/Src1,RECV,/Src2::12
9424.8,/Rtr2,RECV,/Src2::12
9434.87,/Dst1,RECV,/Src2::12
9434.87,/Dst2,RECV,/Src2::12
9499,/Src1,PUB,/Src1::9
9510.07,/Rtr1,RECV,/Src1::9
9520.15,/Src2,RECV,/Src1::9
9520.8,/Rtr2,RECV,/Src1::9
9530.87,/Dst1,RECV,/Src1::9
9530.87,/Dst2,RECV,/Src1::9
9562,/Rtr1,PUB,/Rtr1::12
9573.07,/Src1,RECV,/Rtr1::12
9573.07,/Src2,RECV,/Rtr1::12
9573.73,/Rtr2,RECV,/Rtr1::12
9583.8,/Dst1,RECV,/Rtr1::12
9583.8,/Dst2,RECV,/Rtr1::12
9655,/Rtr2,PUB,/Rtr2::13
9666.07,/Dst1,RECV,/Rtr2::13
9666.07,/Dst2,RECV,/Rtr2::13
9666.73,/Rtr1,RECV,/Rtr2::13
9676.8,/Src1,RECV,/Rtr2::13
9676.8,/Src2,RECV,/Rtr2::13
9920,/Dst2,PUB,/Dst2::13
9931.12,/Rtr2,RECV,/Dst2::13
9941.2,/Dst1,RECV,/Dst2::13
9942.32,/Rtr1,RECV,/Dst2::13
9952.37,/Src1,RECV,/Dst2::13
9952.37,/Src2,RECV,/Dst2::13
10169,/Src2,PUB,/Src2::13
10180.1,/Rtr1,RECV,/Src2::13
10190.1,/Src1,RECV,/Src2::13
10190.8,/Rtr2,RECV,/Src2::13
10200.9,/Dst1,RECV,/Src2::13
10200.9,/Dst2,RECV,/Src2::13
10290,/Rtr1,PUB,/Rtr1::13
10301.1,/Src1,RECV,/Rtr1::13
10301.1,/Src2,RECV,/Rtr1::13
10301.7,/Rtr2,RECV,/Rtr1::13
10311.8,/Dst1,RECV,/Rtr1::13
10311.8,/Dst2,RECV,/Rtr1::13
10348,/Dst1,PUB,/Dst1::13
10359.1,/Rtr2,RECV,/Dst1::13
10368,/Rtr2,PUB,/Rtr2::14
10369.2,/Dst2,RECV,/Dst1::13
10370.3,/Rtr1,RECV,/Dst1::13
10379.1,/Dst1,RECV,/Rtr2::14
10379.1,/Dst2,RECV,/Rtr2::14
10379.7,/Rtr1,RECV,/Rtr2::14
10380.4,/Src1,RECV,/Dst1::13
10380.4,/Src2,RECV,/Dst1::13
10389.8,/Src1,RECV,/Rtr2::14
10389.8,/Src2,RECV,/Rtr2::14
10513,/Src1,PUB,/Src1::10
10524.1,/Rtr1,RECV,/Src1::10
10534.1,/Src2,RECV,/Src1::10
10534.8,/Rtr2,RECV,/Src1::10
10544.9,/Dst1,RECV,/Src1::10
10544.9,/Dst2,RECV,/Src1::10
10852,/Dst2,PUB,/Dst2::14
10863.1,/Rtr2,RECV,/Dst2::14
10873.2,/Dst1,RECV,/Dst2::14
10874.3,/Rtr1,RECV,/Dst2::14
10884.4,/Src1,RECV,/Dst2::14
10884.4,/Src2,RECV,/Dst2::14
10934,/Src2,PUB,/Src2::14
10945.1,/Rtr1,RECV,/Src2::14
10955.1,/Src1,RECV,/Src2::14
10955.8,/Rtr2,RECV,/Src2::14
10965.9,/Dst1,RECV,/Src2::14
10965.9,/Dst2,RECV,/Src2::14
11007,/Rtr2,PUB,/Rtr2::15
11018.1,/Dst1,RECV,/Rtr2::15
11018.1,/Dst2,RECV,/Rtr2::15
11018.7,/Rtr1,RECV,/Rtr2::15
11028.8,/Src1,RECV,/Rtr2::15
11028.8,/Src2,RECV,/Rtr2::15
11098,/Dst1,PUB,/Dst1::14
11109.1,/Rtr2,RECV,/Dst1::14
11119.2,/Dst2,RECV,/Dst1::14
11120.3,/Rtr1,RECV,/Dst1::14
11130.4,/Src1,RECV,/Dst1::14
11130.4,/Src2,RECV,/Dst1::14
11197,/Src1,PUB,/Src1::11
11208.1,/Rtr1,RECV,/Src1::11
11218.1,/Src2,RECV,/Src1::11
11218.8,/Rtr2,RECV,/Src1::11
11228.9,/Dst1,RECV,/Src1::11
11228.9,/Dst2,RECV,/Src1::11
11248,/Rtr1,PUB,/Rtr1::14
11259.1,/Src1,RECV,/Rtr1::14
11259.1,/Src2,RECV,/Rtr1::14
11259.7,/Rtr2,RECV,/Rtr1::14
11269.8,/Dst1,RECV,/Rtr1::14
11269.8,/Dst2,RECV,/Rtr1::14
11831,/Src2,PUB,/Src2::15
11842.1,/Rtr1,RECV,/Src2::15
11852.1,/Src1,RECV,/Src2::15
11852.8,/Rtr2,RECV,/Src2::15
11862.9,/Dst1,RECV,/Src2::15
11862.9,/Dst2,RECV,/Src2::15
11909,/Dst2,PUB,/Dst2::15
11920.1,/Rtr2,RECV,/Dst2::15
11930.2,/Dst1,RECV,/Dst2::15
11931.3,/Rtr1,RECV,/Dst2::15
11941.4,/Src1,RECV,/Dst2::15
11941.4,/Src2,RECV,/Dst2::15
12000,/Src1,PUB,/Src1::12
12010,/Rtr2,PUB,/Rtr2::16
12011.1,/Rtr1,RECV,/Src1::12
12021.1,/Dst1,RECV,/Rtr2::16
12021.1,/Dst2,RECV,/Rtr2::16
12021.1,/Src2,RECV,/Src1::12
12021.7,/Rtr1,RECV,/Rtr2::16
12021.8,/Rtr2,RECV,/Src1::12
12031.8,/Src1,RECV,/Rtr2::16
12031.8,/Src2,RECV,/Rtr2::16
12031.9,/Dst1,RECV,/Src1::12
12031.9,/Dst2,RECV,/Src1::12
12102,/Rtr1,PUB,/Rtr1::15
12113.1,/Src1,RECV,/Rtr1::15
12113.1,/Src2,RECV,/Rtr1::15
12113.7,/Rtr2,RECV,/Rtr1::15
12123.8,/Dst1,RECV,/Rtr1::15
12123.8,/Dst2,RECV,/Rtr1::15
12143,/Dst1,PUB,/Dst1::15
12154.1,/Rtr2,RECV,/Dst1::15
12164.2,/Dst2,RECV,/Dst1::15
12165.3,/Rtr1,RECV,/Dst1::15
12175.4,/Src1,RECV,/Dst1::15
12175.4,/Src2,RECV,/Dst1::15
12628,/Dst2,PUB,/Dst2::16
12639.1,/Rtr2,RECV,/Dst2::16
12649.2,/Dst1,RECV,/Dst2::16
12650.3,/Rtr1,RECV,/Dst2::16
12660.4,/Src1,RECV,/Dst2::16
12660.4,/Src2,RECV,/Dst2::16
12692,/Src2,PUB,/Src2::16
12703.1,/Rtr1,RECV,/Src2::16
12713.1,/Src1,RECV,/Src2::16
12713.8,/Rtr2,RECV,/Src2::16
12723.9,/Dst1,RECV,/Src2::16
12723.9,/Dst2,RECV,/Src2::16
12773,/Src1,PUB,/Src1::13
12784.1,/Rtr1,RECV,/Src1::13
12794.1,/Src2,RECV,/Src1::13
12794.8,/Rtr2,RECV,/Src1::13
12804.9,/Dst1,RECV,/Src1::13
12804.9,/Dst2,RECV,/Src1::13
12839,/Rtr2,PUB,/Rtr2::17
12850.1,/Dst1,RECV,/Rtr2::17
12850.1,/Dst2,RECV,/Rtr2::17
12850.7,/Rtr1,RECV,/Rtr2::17
12860.8,/Src1,RECV,/Rtr2::17
12860.8,/Src2,RECV,/Rtr2::17
12891,/Rtr1,PUB,/Rtr1::16
12902.1,/Src1,RECV,/Rtr1::16
12902.1,/Src2,RECV,/Rtr1::16
12902.7,/Rtr2,RECV,/Rtr1::16
12912.8,/Dst1,RECV,/Rtr1::16
12912.8,/Dst2,RECV,/Rtr1::16
12973,/Dst1,PUB,/Dst1::16
12984.1,/Rtr2,RECV,/Dst1::16
12994.2,/Dst2,RECV,/Dst1::16
12995.3,/Rtr1,RECV,/Dst1::16
13005.4,/Src1,RECV,/Dst1::16
13005.4,/Src2,RECV,/Dst1::16
13412,/Src2,PUB,/Src2::17
13423.1,/Rtr1,RECV,/Src2::17
13433.1,/Src1,RECV,/Src2::17
13433.8,/Rtr2,RECV,/Src2::17
13443.9,/Dst1,RECV,/Src2::17
13443.9,/Dst2,RECV,/Src2::17
13511,/Dst2,PUB,/Dst2::17
13522.1,/Rtr2,RECV,/Dst2::17
13532.2,/Dst1,RECV,/Dst2::17
13533.3,/Rtr1,RECV,/Dst2::17
13543.4,/Src1,RECV,/Dst2::17
13543.4,/Src2,RECV,/Dst2::17
13610,/Src1,PUB,/Src1::14
13621.1,/Rtr1,RECV,/Src1::14
13631.1,/Src2,RECV,/Src1::14
13631.8,/Rtr2,RECV,/Src1::14
13641.9,/Dst1,RECV,/Src1::14
13641.9,/Dst2,RECV,/Src1::14
13767,/Rtr1,PUB,/Rtr1::17
13778.1,/Src1,RECV,/Rtr1::17
13778.1,/Src2,RECV,/Rtr1::17
13778.7,/Rtr2,RECV,/Rtr1::17
13788.8,/Dst1,RECV,/Rtr1::17
13788.8,/Dst2,RECV,/Rtr1::17
13847,/Rtr2,PUB,/Rtr2::18
13858.1,/Dst1,RECV,/Rtr2::18
13858.1,/Dst2,RECV,/Rtr2::18
13858.7,/Rtr1,RECV,/Rtr2::18
13868.8,/Src1,RECV,/Rtr2::18
13868.8,/Src2,RECV,/Rtr2::18
14033,/Dst1,PUB,/Dst1::17
14044.1,/Rtr2,RECV,/Dst1::17
14054.2,/Dst2,RECV,/Dst1::17
14055.3,/Rtr1,RECV,/Dst1::17
14065.4,/Src1,RECV,/Dst1::17
14065.4,/Src2,RECV,/Dst1::17
14221,/Src2,PUB,/Src2::18
14232.1,/Rtr1,RECV,/Src2::18
14242.1,/Src1,RECV,/Src2::18
14242.8,/Rtr2,RECV,/Src2::18
14252.9,/Dst1,RECV,/Src2::18
14252.9,/Dst2,RECV,/Src2::18
14338,/Dst2,PUB,/Dst2::18
14349.1,/Rtr2,RECV,/Dst2::18
14359.2,/Dst1,RECV,/Dst2::18
14360.3,/Rtr1,RECV,/Dst2::18
14370.4,/Src1,RECV,/Dst2::18
14370.4,/Src2,RECV,/Dst2::18
14384,/Src1,PUB,/Src1::15
14395.1,/Rtr1,RECV,/Src1::15
14405.1,/Src2,RECV,/Src1::15
14405.8,/Rtr2,RECV,/Src1::15
14415.9,/Dst1,RECV,/Src1::15
14415.9,/Dst2,RECV,/Src1::15
14563,/Rtr1,PUB,/Rtr1::18
14574.1,/Src1,RECV,/Rtr1::18
14574.1,/Src2,RECV,/Rtr1::18
14574.7,/Rtr2,RECV,/Rtr1::18
14584.8,/Dst1,RECV,/Rtr1::18
14584.8,/Dst2,RECV,/Rtr1::18
14609,/Rtr2,PUB,/Rtr2::19
14620.1,/Dst1,RECV,/Rtr2::19
14620.1,/Dst2,RECV,/Rtr2::19
14620.7,/Rtr1,RECV,/Rtr2::19
14630.8,/Src1,RECV,/Rtr2::19
14630.8,/Src2,RECV,/Rtr2::19
14918,/Dst1,PUB,/Dst1::18
14929.1,/Rtr2,RECV,/Dst1::18
14939.2,/Dst2,RECV,/Dst1::18
14940.3,/Rtr1,RECV,/Dst1::18
14950.4,/Src1,RECV,/Dst1::18
14950.4,/Src2,RECV,/Dst1::18
15030,/Src1,PUB,/Src1::16
15041.1,/Rtr1,RECV,/Src1::16
15051.1,/Src2,RECV,/Src1::16
15051.8,/Rtr2,RECV,/Src1::16
15054,/Src2,PUB,/Src2::19
15061.9,/Dst1,RECV,/Src1::16
15061.9,/Dst2,RECV,/Src1::16
15065.1,/Rtr1,RECV,/Src2::19
15075.1,/Src1,RECV,/Src2::19
15075.8,/Rtr2,RECV,/Src2::19
15084,/Dst2,PUB,/Dst2::19
15085.9,/Dst1,RECV,/Src2::19
15085.9,/Dst2,RECV,/Src2::19
15095.1,/Rtr2,RECV,/Dst2::19
15105.2,/Dst1,RECV,/Dst2::19
15106.3,/Rtr1,RECV,/Dst2::19
15116.4,/Src1,RECV,/Dst2::19
15116.4,/Src2,RECV,/Dst2::19
15369,/Rtr1,PUB,/Rtr1::19
15380.1,/Src1,RECV,/Rtr1::19
15380.1,/Src2,RECV,/Rtr1::19
15380.7,/Rtr2,RECV,/Rtr1::19
15390.8,/Dst1,RECV,/Rtr1::19
15390.8,/Dst2,RECV,/Rtr1::19
15561,/Rtr2,PUB,/Rtr2::20
15572.1,/Dst1,RECV,/Rtr2::20
15572.1,/Dst2,RECV,/Rtr2::20
15572.7,/Rtr1,RECV,/Rtr2::20
15582.8,/Src1,RECV,/Rtr2::20
15582.8,/Src2,RECV,/Rtr2::20
15690,/Src1,PUB,/Src1::17
15701.1,/Rtr1,RECV,/Src1::17
15711.1,/Src2,RECV,/Src1::17
15711.8,/Rtr2,RECV,/Src1::17
15721.9,/Dst1,RECV,/Src1::17
15721.9,/Dst2,RECV,/Src1::17
15829,/Src2,PUB,/Src2::20
15840.1,/Rtr1,RECV,/Src2::20
15850.1,/Src1,RECV,/Src2::20
15850.8,/Rtr2,RECV,/Src2::20
15860.9,/Dst1,RECV,/Src2::20
15860.9,/Dst2,RECV,/Src2::20
15901,/Dst1,PUB,/Dst1::19
15912.1,/Rtr2,RECV,/Dst1::19
15922.2,/Dst2,RECV,/Dst1::19
15923.3,/Rtr1,RECV,/Dst1::19
15933.4,/Src1,RECV,/Dst1::19
15933.4,/Src2,RECV,/Dst1::19
16063,/Dst2,PUB,/Dst2::20
16074.1,/Rtr2,RECV,/Dst2::20
16084.2,/Dst1,RECV,/Dst2::20
16085.3,/Rtr1,RECV,/Dst2::20
16095.4,/Src1,RECV,/Dst2::20
16095.4,/Src2,RECV,/Dst2::20
16128,/Rtr1,PUB,/Rtr1::20
16139.1,/Src1,RECV,/Rtr1::20
16139.1,/Src2,RECV,/Rtr1::20
16139.7,/Rtr2,RECV,/Rtr1::20
16149.8,/Dst1,RECV,/Rtr1::20
16149.8,/Dst2,RECV,/Rtr1::20
16310,/Rtr2,PUB,/Rtr2::21
16321.1,/Dst1,RECV,/Rtr2::21
16321.1,/Dst2,RECV,/Rtr2::21
16321.7,/Rtr1,RECV,/Rtr2::21
16331.8,/Src1,RECV,/Rtr2::21
16331.8,/Src2,RECV,/Rtr2::21
16607,/Src1,PUB,/Src1::18
16618.1,/Rtr1,RECV,/Src1::18
16628.1,/Src2,RECV,/Src1::18
16628.8,/Rtr2,RECV,/Src1::18
16636,/Dst1,PUB,/Dst1::20
16638.9,/Dst1,RECV,/Src1::18
16638.9,/Dst2,RECV,/Src1::18
16647.1,/Rtr2,RECV,/Dst1::20
16657.2,/Dst2,RECV,/Dst1::20
16658.3,/Rtr1,RECV,/Dst1::20
16668.4,/Src1,RECV,/Dst1::20
16668.4,/Src2,RECV,/Dst1::20
16783,/Src2,PUB,/Src2::21
16794.1,/Rtr1,RECV,/Src2::21
16804.1,/Src1,RECV,/Src2::21
16804.8,/Rtr2,RECV,/Src2::21
16814.9,/Dst1,RECV,/Src2::21
16814.9,/Dst2,RECV,/Src2::21
17069,/Dst2,PUB,/Dst2::21
17080.1,/Rtr2,RECV,/Dst2::21
17090.2,/Dst1,RECV,/Dst2::21
17091.3,/Rtr1,RECV,/Dst2::21
17101.4,/Src1,RECV,/Dst2::21
17101.4,/Src2,RECV,/Dst2::21
17160,/Rtr2,PUB,/Rtr2::22
17171,/Rtr1,PUB,/Rtr1::21
17171.1,/Dst1,RECV,/Rtr2::22
17171.1,/Dst2,RECV,/Rtr2::22
17171.7,/Rtr1,RECV,/Rtr2::22
17181.8,/Src1,RECV,/Rtr2::22
17181.8,/Src2,RECV,/Rtr2::22
17182.1,/Src1,RECV,/Rtr1::21
17182.1,/Src2,RECV,/Rtr1::21
17182.7,/Rtr2,RECV,/Rtr1::21
17192.8,/Dst1,RECV,/Rtr1::21
17192.8,/Dst2,RECV,/Rtr1::21
17531,/Src1,PUB,/Src1::19
17542.1,/Rtr1,RECV,/Src1::19
17552,/Src2,PUB,/Src2::22
17552.1,/Src2,RECV,/Src1::19
17552.8,/Rtr2,RECV,/Src1::19
17562.9,/Dst1,RECV,/Src1::19
17562.9,/Dst2,RECV,/Src1::19
17563.1,/Rtr1,RECV,/Src2::22
17573.1,/Src1,RECV,/Src2::22
17573.8,/Rtr2,RECV,/Src2::22
17583.9,/Dst1,RECV,/Src2::22
17583.9,/Dst2,RECV,/Src2::22
17599,/Dst1,PUB,/Dst1::21
17610.1,/Rtr2,RECV,/Dst1::21
17620.2,/Dst2,RECV,/Dst1::21
17621.3,/Rtr1,RECV,/Dst1::21
17631.4,/Src1,RECV,/Dst1::21
17631.4,/Src2,RECV,/Dst1::21
17729,/Dst2,PUB,/Dst2::22
17740.1,/Rtr2,RECV,/Dst2::22
17750.2,/Dst1,RECV,/Dst2::22
17751.3,/Rtr1,RECV,/Dst2::22
17761.4,/Src1,RECV,/Dst2::22
17761.4,/Src2,RECV,/Dst2::22
18209,/Rtr1,PUB,/Rtr1::22
18213,/Rtr2,PUB,/Rtr2::23
18220.1,/Src1,RECV,/Rtr1::22
18220.1,/Src2,RECV,/Rtr1::22
18220.7,/Rtr2,RECV,/Rtr1::22
18224.1,/Dst1,RECV,/Rtr2::23
18224.1,/Dst2,RECV,/Rtr2::23
18224.7,/Rtr1,RECV,/Rtr2::23
18230.8,/Dst1,RECV,/Rtr1::22
18230.8,/Dst2,RECV,/Rtr1::22
18234.8,/Src1,RECV,/Rtr2::23
18234.8,/Src2,RECV,/Rtr2::23
18244,/Src2,PUB,/Src2::23
18255.1,/Rtr1,RECV,/Src2::23
18265.1,/Src1,RECV,/Src2::23
18265.8,/Rtr2,RECV,/Src2::23
18275.9,/Dst1,RECV,/Src2::23
18275.9,/Dst2,RECV,/Src2::23
18373,/Dst2,PUB,/Dst2::23
18384.1,/Rtr2,RECV,/Dst2::23
18394.2,/Dst1,RECV,/Dst2::23
18395.3,/Rtr1,RECV,/Dst2::23
18405.4,/Src1,RECV,/Dst2::23
18405.4,/Src2,RECV,/Dst2::23
18509,/Dst1,PUB,/Dst1::22
18520.1,/Rtr2,RECV,/Dst1::22
18530.2,/Dst2,RECV,/Dst1::22
18531.3,/Rtr1,RECV,/Dst1::22
18541,/Src1,PUB,/Src1::20
18541.4,/Src1,RECV,/Dst1::22
18541.4,/Src2,RECV,/Dst1::22
18552.1,/Rtr1,RECV,/Src1::20
18562.1,/Src2,RECV,/Src1::20
18562.8,/Rtr2,RECV,/Src1::20
18572.9,/Dst1,RECV,/Src1::20
18572.9,/Dst2,RECV,/Src1::20
18997,/Rtr2,PUB,/Rtr2::24
19008.1,/Dst1,RECV,/Rtr2::24
19008.1,/Dst2,RECV,/Rtr2::24
19008.7,/Rtr1,RECV,/Rtr2::24
19018.8,/Src1,RECV,/Rtr2::24
19018.8,/Src2,RECV,/Rtr2::24
19060,/Rtr1,PUB,/Rtr1::23
19071.1,/Src1,RECV,/Rtr1::23
19071.1,/Src2,RECV,/Rtr1::23
19071.7,/Rtr2,RECV,/Rtr1::23
19081.8,/Dst1,RECV,/Rtr1::23
19081.8,/Dst2,RECV,/Rtr1::23
19230,/Src2,PUB,/Src2::24
19236,/Dst2,PUB,/Dst2::24
19240,/Dst1,PUB,/Dst1::23
19241.1,/Rtr1,RECV,/Src2::24
19247.1,/Rtr2,RECV,/Dst2::24
19251.1,/Rtr2,RECV,/Dst1::23
19251.1,/Src1,RECV,/Src2::24
19251.8,/Rtr2,RECV,/Src2::24
19257.2,/Dst1,RECV,/Dst2::24
19258.3,/Rtr1,RECV,/Dst2::24
19261.2,/Dst2,RECV,/Dst1::23
19261.6,/Rtr1,RECV,/Dst1::23
19261.9,/Dst1,RECV,/Src2::24
19261.9,/Dst2,RECV,/Src2::24
19268.4,/Src1,RECV,/Dst2::24
19268.4,/Src2,RECV,/Dst2::24
19271.7,/Src1,RECV,/Dst1::23
19271.7,/Src2,RECV,/Dst1::23
19567,/Src1,PUB,/Src1::21
19578.1,/Rtr1,RECV,/Src1::21
19588.1,/Src2,RECV,/Src1::21
19588.8,/Rtr2,RECV,/Src1::21
19598.9,/Dst1,RECV,/Src1::21
19598.9,/Dst2,RECV,/Src1::21
19879,/Rtr1,PUB,/Rtr1::24
19890.1,/Src1,RECV,/Rtr1::24
19890.1,/Src2,RECV,/Rtr1::24
19890.7,/Rtr2,RECV,/Rtr1::24
19900.8,/Dst1,RECV,/Rtr1::24
19900.8,/Dst2,RECV,/Rtr1::24
19928,/Dst2,PUB,/Dst2::25
19939.1,/Rtr2,RECV,/Dst2::25
19949.2,/Dst1,RECV,/Dst2::25
19950.3,/Rtr1,RECV,/Dst2::25
19953,/Rtr2,PUB,/Rtr2::25
19960.4,/Src1,RECV,/Dst2::25
19960.4,/Src2,RECV,/Dst2::25
19964.1,/Dst1,RECV,/Rtr2::25
19964.1,/Dst2,RECV,/Rtr2::25
19964.7,/Rtr1,RECV,/Rtr2::25
19974.8,/Src1,RECV,/Rtr2::25
19974.8,/Src2,RECV,/Rtr2::25
SYNC_PACK=288
SYNC_BYTE=19482
