0,/Src2,PUB,/Src2::1
0,/Rtr1,PUB,/Rtr1::1
0,/Rtr2,PUB,/Rtr2::1
0,/Dst1,PUB,/Dst1::1
0,/Dst2,PUB,/Dst2::1
110.042,/Rtr1,RECV,/Src2::1
110.042,/Src2,RECV,/Rtr1::1
110.042,/Dst1,RECV,/Rtr2::1
110.042,/Dst2,RECV,/Rtr2::1
110.042,/Rtr2,RECV,/Dst1::1
110.042,/Rtr2,RECV,/Dst2::1
110.416,/Rtr2,RECV,/Rtr1::1
110.416,/Rtr1,RECV,/Rtr2::1
120.083,/Dst2,RECV,/Dst1::1
120.083,/Dst1,RECV,/Dst2::1
120.458,/Rtr2,RECV,/Src2::1
120.458,/Rtr1,RECV,/Dst1::1
120.458,/Dst1,RECV,/Rtr1::1
120.458,/Dst2,RECV,/Rtr1::1
120.458,/Src2,RECV,/Rtr2::1
120.874,/Rtr1,RECV,/Dst2::1
130.499,/Dst1,RECV,/Src2::1
130.499,/Dst2,RECV,/Src2::1
130.499,/Src2,RECV,/Dst1::1
130.915,/Src2,RECV,/Dst2::1
540,/Dst2,PUB,/Dst2::2
551.073,/Rtr2,RECV,/Dst2::2
561.146,/Dst1,RECV,/Dst2::2
561.801,/Rtr1,RECV,/Dst2::2
571.874,/Src2,RECV,/Dst2::2
613,/Rtr2,PUB,/Rtr2::2
624.073,/Dst1,RECV,/Rtr2::2
624.073,/Dst2,RECV,/Rtr2::2
624.728,/Rtr1,RECV,/Rtr2::2
634.801,/Src2,RECV,/Rtr2::2
689,/Dst1,PUB,/Dst1::2
698,/Rtr1,PUB,/Rtr1::2
700.114,/Rtr2,RECV,/Dst1::2
709.073,/Src2,RECV,/Rtr1::2
709.728,/Rtr2,RECV,/Rtr1::2
710.187,/Dst2,RECV,/Dst1::2
711.217,/Rtr1,RECV,/Dst1::2
719.801,/Dst1,RECV,/Rtr1::2
719.801,/Dst2,RECV,/Rtr1::2
721.258,/Src2,RECV,/Dst1::2
758,/Src2,PUB,/Src2::2
769.073,/Rtr1,RECV,/Src2::2
779.801,/Rtr2,RECV,/Src2::2
789.874,/Dst1,RECV,/Src2::2
789.874,/Dst2,RECV,/Src2::2
1190,/Rtr2,PUB,/Rtr2::3
1201.07,/Dst1,RECV,/Rtr2::3
1201.07,/Dst2,RECV,/Rtr2::3
1201.73,/Rtr1,RECV,/Rtr2::3
1204,/Dst2,PUB,/Dst2::3
1211.8,/Src2,RECV,/Rtr2::3
1215.07,/Rtr2,RECV,/Dst2::3
1225.15,/Dst1,RECV,/Dst2::3
1225.8,/Rtr1,RECV,/Dst2::3
1235.87,/Src2,RECV,/Dst2::3
1413,/Dst1,PUB,/Dst1::3
1424.11,/Rtr2,RECV,/Dst1::3
1434.19,/Dst2,RECV,/Dst1::3
1435.22,/Rtr1,RECV,/Dst1::3
1445.26,/Src2,RECV,/Dst1::3
1529,/Src2,PUB,/Src2::3
1540.07,/Rtr1,RECV,/Src2::3
1550.8,/Rtr2,RECV,/Src2::3
1560,/Rtr1,PUB,/Rtr1::3
1560.87,/Dst1,RECV,/Src2::3
1560.87,/Dst2,RECV,/Src2::3
1571.07,/Src2,RECV,/Rtr1::3
1571.73,/Rtr2,RECV,/Rtr1::3
1581.8,/Dst1,RECV,/Rtr1::3
1581.8,/Dst2,RECV,/Rtr1::3
1900,/Rtr2,PUB,/Rtr2::4
1911.07,/Dst1,RECV,/Rtr2::4
1911.07,/Dst2,RECV,/Rtr2::4
1911.73,/Rtr1,RECV,/Rtr2::4
1921.8,/Src2,RECV,/Rtr2::4
1965,/Dst1,PUB,/Dst1::4
1976.11,/Rtr2,RECV,/Dst1::4
1986.19,/Dst2,RECV,/Dst1::4
1987.22,/Rtr1,RECV,/Dst1::4
1997.26,/Src2,RECV,/Dst1::4
2021,/Dst2,PUB,/Dst2::4
2032.07,/Rtr2,RECV,/Dst2::4
2042.15,/Dst1,RECV,/Dst2::4
2042.8,/Rtr1,RECV,/Dst2::4
2052.87,/Src2,RECV,/Dst2::4
2107,/Src2,PUB,/Src2::4
2118.07,/Rtr1,RECV,/Src2::4
2128.8,/Rtr2,RECV,/Src2::4
2138.87,/Dst1,RECV,/Src2::4
2138.87,/Dst2,RECV,/Src2::4
2348,/Rtr1,PUB,/Rtr1::4
2359.07,/Src2,RECV,/Rtr1::4
2359.73,/Rtr2,RECV,/Rtr1::4
2369.8,/Dst1,RECV,/Rtr1::4
2369.8,/Dst2,RECV,/Rtr1::4
2662,/Rtr2,PUB,/Rtr2::5
2673.07,/Dst1,RECV,/Rtr2::5
2673.07,/Dst2,RECV,/Rtr2::5
2673.73,/Rtr1,RECV,/Rtr2::5
2683.8,/Src2,RECV,/Rtr2::5
2767,/Dst2,PUB,/Dst2::5
2778.07,/Rtr2,RECV,/Dst2::5
2788.15,/Dst1,RECV,/Dst2::5
2788.8,/Rtr1,RECV,/Dst2::5
2798.87,/Src2,RECV,/Dst2::5
2806,/Src2,PUB,/Src2::5
2817.07,/Rtr1,RECV,/Src2::5
2827.8,/Rtr2,RECV,/Src2::5
2828,/Dst1,PUB,/Dst1::5
2837.87,/Dst1,RECV,/Src2::5
2837.87,/Dst2,RECV,/Src2::5
2839.11,/Rtr2,RECV,/Dst1::5
2849.19,/Dst2,RECV,/Dst1::5
2850.22,/Rtr1,RECV,/Dst1::5
2860.26,/Src2,RECV,/Dst1::5
3000,/Src1,PUB,/Src1::1
3006,/Rtr1,PUB,/Rtr1::5
3017.07,/Src1,RECV,/Dst2::1
3017.07,/Src1,RECV,/Dst2::2
3017.07,/Src1,RECV,/Dst2::3
3017.07,/Src1,RECV,/Dst2::4
3017.07,/Src1,RECV,/Dst2::5
3017.07,/Src1,RECV,/Rtr1::1
3017.07,/Src1,RECV,/Rtr1::2
3017.07,/Src1,RECV,/Rtr1::3
3017.07,/Src1,RECV,/Rtr1::4
3017.07,/Src1,RECV,/Rtr1::5
3017.07,/Src1,RECV,/Rtr2::1
3017.07,/Src1,RECV,/Rtr2::2
3017.07,/Src1,RECV,/Rtr2::3
3017.07,/Src1,RECV,/Rtr2::4
3017.07,/Src1,RECV,/Rtr2::5
3017.07,/Src1,RECV,/Src2::1
3017.07,/Src1,RECV,/Src2::2
3017.07,/Src1,RECV,/Src2::3
3017.07,/Src1,RECV,/Src2::4
3017.07,/Src1,RECV,/Src2::5
3017.07,/Src2,RECV,/Rtr1::5
3017.11,/Src1,RECV,/Dst1::1
3017.11,/Src1,RECV,/Dst1::2
3017.11,/Src1,RECV,/Dst1::3
3017.11,/Src1,RECV,/Dst1::4
3017.11,/Src1,RECV,/Dst1::5
3017.73,/Rtr2,RECV,/Rtr1::5
3027.8,/Dst1,RECV,/Rtr1::5
3027.8,/Dst2,RECV,/Rtr1::5
3110.07,/Rtr1,RECV,/Src1::1
3120.15,/Src2,RECV,/Src1::1
3120.8,/Rtr2,RECV,/Src1::1
3130.87,/Dst1,RECV,/Src1::1
3130.87,/Dst2,RECV,/Src1::1
3268,/Rtr2,PUB,/Rtr2::6
3279.07,/Dst1,RECV,/Rtr2::6
3279.07,/Dst2,RECV,/Rtr2::6
3279.73,/Rtr1,RECV,/Rtr2::6
3289.8,/Src1,RECV,/Rtr2::6
3289.8,/Src2,RECV,/Rtr2::6
3472,/Src2,PUB,/Src2::6
3483.07,/Rtr1,RECV,/Src2::6
3493.15,/Src1,RECV,/Src2::6
3493.8,/Rtr2,RECV,/Src2::6
3503.87,/Dst1,RECV,/Src2::6
3503.87,/Dst2,RECV,/Src2::6
3504,/Dst2,PUB,/Dst2::6
3515.12,/Rtr2,RECV,/Dst2::6
3525.2,/Dst1,RECV,/Dst2::6
3526.32,/Rtr1,RECV,/Dst2::6
3528,/Src1,PUB,/Src1::2
3536.37,/Src1,RECV,/Dst2::6
3536.37,/Src2,RECV,/Dst2::6
3539.07,/Rtr1,RECV,/Src1::2
3549.15,/Src2,RECV,/Src1::2
3549.8,/Rtr2,RECV,/Src1::2
3559.87,/Dst1,RECV,/Src1::2
3559.87,/Dst2,RECV,/Src1::2
3567,/Dst1,PUB,/Dst1::6
3578.12,/Rtr2,RECV,/Dst1::6
3588.2,/Dst2,RECV,/Dst1::6
3589.32,/Rtr1,RECV,/Dst1::6
3599.37,/Src1,RECV,/Dst1::6
3599.37,/Src2,RECV,/Dst1::6
3827,/Rtr1,PUB,/Rtr1::6
3838.07,/Src1,RECV,/Rtr1::6
3838.07,/Src2,RECV,/Rtr1::6
3838.73,/Rtr2,RECV,/Rtr1::6
3848.8,/Dst1,RECV,/Rtr1::6
3848.8,/Dst2,RECV,/Rtr1::6
4115,/Rtr2,PUB,/Rtr2::7
4126.07,/Dst1,RECV,/Rtr2::7
4126.07,/Dst2,RECV,/Rtr2::7
4126.73,/Rtr1,RECV,/Rtr2::7
4136.8,/Src1,RECV,/Rtr2::7
4136.8,/Src2,RECV,/Rtr2::7
4153,/Dst2,PUB,/Dst2::7
4164.12,/Rtr2,RECV,/Dst2::7
4174.2,/Dst1,RECV,/Dst2::7
4175.32,/Rtr1,RECV,/Dst2::7
4185.37,/Src1,RECV,/Dst2::7
4185.37,/Src2,RECV,/Dst2::7
4186,/Src2,PUB,/Src2::7
4197.07,/Rtr1,RECV,/Src2::7
4207.15,/Src1,RECV,/Src2::7
4207.8,/Rtr2,RECV,/Src2::7
4217.87,/Dst1,RECV,/Src2::7
4217.87,/Dst2,RECV,/Src2::7
4363,/Src1,PUB,/Src1::3
4374.07,/Rtr1,RECV,/Src1::3
4384.15,/Src2,RECV,/Src1::3
4384.8,/Rtr2,RECV,/Src1::3
4385,/Dst1,PUB,/Dst1::7
4394.87,/Dst1,RECV,/Src1::3
4394.87,/Dst2,RECV,/Src1::3
4396.12,/Rtr2,RECV,/Dst1::7
4406.2,/Dst2,RECV,/Dst1::7
4407.32,/Rtr1,RECV,/Dst1::7
4417.37,/Src1,RECV,/Dst1::7
4417.37,/Src2,RECV,/Dst1::7
4544,/Rtr1,PUB,/Rtr1::7
4555.07,/Src1,RECV,/Rtr1::7
4555.07,/Src2,RECV,/Rtr1::7
4555.73,/Rtr2,RECV,/Rtr1::7
4565.8,/Dst1,RECV,/Rtr1::7
4565.8,/Dst2,RECV,/Rtr1::7
4673,/Rtr2,PUB,/Rtr2::8
4684.07,/Dst1,RECV,/Rtr2::8
4684.07,/Dst2,RECV,/Rtr2::8
4684.73,/Rtr1,RECV,/Rtr2::8
4694.8,/Src1,RECV,/Rtr2::8
4694.8,/Src2,RECV,/Rtr2::8
4824,/Dst2,PUB,/Dst2::8
4835.12,/Rtr2,RECV,/Dst2::8
4845.2,/Dst1,RECV,/Dst2::8
4846.32,/Rtr1,RECV,/Dst2::8
4856.37,/Src1,RECV,/Dst2::8
4856.37,/Src2,RECV,/Dst2::8
4916,/Src1,PUB,/Src1::4
4927.07,/Rtr1,RECV,/Src1::4
4937.15,/Src2,RECV,/Src1::4
4937.8,/Rtr2,RECV,/Src1::4
4947.87,/Dst1,RECV,/Src1::4
4947.87,/Dst2,RECV,/Src1::4
5057,/Src2,PUB,/Src2::8
5068.07,/Rtr1,RECV,/Src2::8
5071,/Dst1,PUB,/Dst1::8
5078.15,/Src1,RECV,/Src2::8
5078.8,/Rtr2,RECV,/Src2::8
5082.12,/Rtr2,RECV,/Dst1::8
5088.87,/Dst1,RECV,/Src2::8
5088.87,/Dst2,RECV,/Src2::8
5092.2,/Dst2,RECV,/Dst1::8
5093.32,/Rtr1,RECV,/Dst1::8
5103.37,/Src1,RECV,/Dst1::8
5103.37,/Src2,RECV,/Dst1::8
5113,/Rtr1,PUB,/Rtr1::8
5124.07,/Src1,RECV,/Rtr1::8
5124.07,/Src2,RECV,/Rtr1::8
5124.73,/Rtr2,RECV,/Rtr1::8
5134.8,/Dst1,RECV,/Rtr1::8
5134.8,/Dst2,RECV,/Rtr1::8
5350,/Rtr2,PUB,/Rtr2::9
5361.07,/Dst1,RECV,/Rtr2::9
5361.07,/Dst2,RECV,/Rtr2::9
5361.73,/Rtr1,RECV,/Rtr2::9
5371.8,/Src1,RECV,/Rtr2::9
5371.8,/Src2,RECV,/Rtr2::9
5476,/Dst2,PUB,/Dst2::9
5481,/Src1,PUB,/Src1::5
5487.12,/Rtr2,RECV,/Dst2::9
5492.07,/Rtr1,RECV,/Src1::5
5497.2,/Dst1,RECV,/Dst2::9
5498.32,/Rtr1,RECV,/Dst2::9
5502.15,/Src2,RECV,/Src1::5
5502.8,/Rtr2,RECV,/Src1::5
5508.37,/Src1,RECV,/Dst2::9
5508.37,/Src2,RECV,/Dst2::9
5512.87,/Dst1,RECV,/Src1::5
5512.87,/Dst2,RECV,/Src1::5
5664,/Dst1,PUB,/Dst1::9
5675.12,/Rtr2,RECV,/Dst1::9
5685.2,/Dst2,RECV,/Dst1::9
5686.32,/Rtr1,RECV,/Dst1::9
5696.37,/Src1,RECV,/Dst1::9
5696.37,/Src2,RECV,/Dst1::9
5722,/Src2,PUB,/Src2::9
5733.07,/Rtr1,RECV,/Src2::9
5743.15,/Src1,RECV,/Src2::9
5743.8,/Rtr2,RECV,/Src2::9
5753.87,/Dst1,RECV,/Src2::9
5753.87,/Dst2,RECV,/Src2::9
5810,/Rtr1,PUB,/Rtr1::9
5821.07,/Src1,RECV,/Rtr1::9
5821.07,/Src2,RECV,/Rtr1::9
5821.73,/Rtr2,RECV,/Rtr1::9
5831.8,/Dst1,RECV,/Rtr1::9
5831.8,/Dst2,RECV,/Rtr1::9
5958,/Rtr2,PUB,/Rtr2::10
5969.07,/Dst1,RECV,/Rtr2::10
5969.07,/Dst2,RECV,/Rtr2::10
5969.73,/Rtr1,RECV,/Rtr2::10
5979.8,/Src1,RECV,/Rtr2::10
5979.8,/Src2,RECV,/Rtr2::10
6132,/Dst2,PUB,/Dst2::10
6143.12,/Rtr2,RECV,/Dst2::10
6153.2,/Dst1,RECV,/Dst2::10
6154.32,/Rtr1,RECV,/Dst2::10
6164.37,/Src1,RECV,/Dst2::10
6164.37,/Src2,RECV,/Dst2::10
6216,/Src1,PUB,/Src1::6
6227.07,/Rtr1,RECV,/Src1::6
6237.15,/Src2,RECV,/Src1::6
6237.8,/Rtr2,RECV,/Src1::6
6247.87,/Dst1,RECV,/Src1::6
6247.87,/Dst2,RECV,/Src1::6
6397,/Dst1,PUB,/Dst1::10
6408.12,/Rtr2,RECV,/Dst1::10
6418.2,/Dst2,RECV,/Dst1::10
6419.32,/Rtr1,RECV,/Dst1::10
6429.37,/Src1,RECV,/Dst1::10
6429.37,/Src2,RECV,/Dst1::10
6494,/Src2,PUB,/Src2::10
6505.07,/Rtr1,RECV,/Src2::10
6507,/Rtr2,PUB,/Rtr2::11
6515.15,/Src1,RECV,/Src2::10
6515.8,/Rtr2,RECV,/Src2::10
6518.07,/Dst1,RECV,/Rtr2::11
6518.07,/Dst2,RECV,/Rtr2::11
6518.73,/Rtr1,RECV,/Rtr2::11
6525.87,/Dst1,RECV,/Src2::10
6525.87,/Dst2,RECV,/Src2::10
6528.8,/Src1,RECV,/Rtr2::11
6528.8,/Src2,RECV,/Rtr2::11
6582,/Rtr1,PUB,/Rtr1::10
6593.07,/Src1,RECV,/Rtr1::10
6593.07,/Src2,RECV,/Rtr1::10
6593.73,/Rtr2,RECV,/Rtr1::10
6603.8,/Dst1,RECV,/Rtr1::10
6603.8,/Dst2,RECV,/Rtr1::10
6798,/Src1,PUB,/Src1::7
6809.07,/Rtr1,RECV,/Src1::7
6819.15,/Src2,RECV,/Src1::7
6819.8,/Rtr2,RECV,/Src1::7
6829.87,/Dst1,RECV,/Src1::7
6829.87,/Dst2,RECV,/Src1::7
6975,/Dst2,PUB,/Dst2::11
6986.12,/Rtr2,RECV,/Dst2::11
6991,/Dst1,PUB,/Dst1::11
6996.2,/Dst1,RECV,/Dst2::11
6997.32,/Rtr1,RECV,/Dst2::11
7002.12,/Rtr2,RECV,/Dst1::11
7007.37,/Src1,RECV,/Dst2::11
7007.37,/Src2,RECV,/Dst2::11
7012.2,/Dst2,RECV,/Dst1::11
7013.32,/Rtr1,RECV,/Dst1::11
7023.37,/Src1,RECV,/Dst1::11
7023.37,/Src2,RECV,/Dst1::11
7146,/Src2,PUB,/Src2::11
7157.07,/Rtr1,RECV,/Src2::11
7167.15,/Src1,RECV,/Src2::11
7167.8,/Rtr2,RECV,/Src2::11
7177.87,/Dst1,RECV,/Src2::11
7177.87,/Dst2,RECV,/Src2::11
7268,/Rtr2,PUB,/Rtr2::12
7279.07,/Dst1,RECV,/Rtr2::12
7279.07,/Dst2,RECV,/Rtr2::12
7279.73,/Rtr1,RECV,/Rtr2::12
7289.8,/Src1,RECV,/Rtr2::12
7289.8,/Src2,RECV,/Rtr2::12
7292,/Rtr1,PUB,/Rtr1::11
7303.07,/Src1,RECV,/Rtr1::11
7303.07,/Src2,RECV,/Rtr1::11
7303.73,/Rtr2,RECV,/Rtr1::11
7313.8,/Dst1,RECV,/Rtr1::11
7313.8,/Dst2,RECV,/Rtr1::11
7553,/Src1,PUB,/Src1::8
7564.07,/Rtr1,RECV,/Src1::8
7574.15,/Src2,RECV,/Src1::8
7574.8,/Rtr2,RECV,/Src1::8
7584.87,/Dst1,RECV,/Src1::8
7584.87,/Dst2,RECV,/Src1::8
7632,/Dst2,PUB,/Dst2::12
7643.12,/Rtr2,RECV,/Dst2::12
7653.2,/Dst1,RECV,/Dst2::12
7654.32,/Rtr1,RECV,/Dst2::12
7662,/Dst1,PUB,/Dst1::12
7664.37,/Src1,RECV,/Dst2::12
7664.37,/Src2,RECV,/Dst2::12
7673.12,/Rtr2,RECV,/Dst1::12
7683.2,/Dst2,RECV,/Dst1::12
7684.32,/Rtr1,RECV,/Dst1::12
7694.37,/Src1,RECV,/Dst1::12
7694.37,/Src2,RECV,/Dst1::12
7743,/Src2,PUB,/Src2::12
7754.07,/Rtr1,RECV,/Src2::12
7764.15,/Src1,RECV,/Src2::12
7764.8,/Rtr2,RECV,/Src2::12
7774.87,/Dst1,RECV,/Src2::12
7774.87,/Dst2,RECV,/Src2::12
7875,/Rtr1,PUB,/Rtr1::12
7886.07,/Src1,RECV,/Rtr1::12
7886.07,/Src2,RECV,/Rtr1::12
7886.73,/Rtr2,RECV,/Rtr1::12
7896.8,/Dst1,RECV,/Rtr1::12
7896.8,/Dst2,RECV,/Rtr1::12
7950,/Rtr2,PUB,/Rtr2::13
7961.07,/Dst1,RECV,/Rtr2::13
7961.07,/Dst2,RECV,/Rtr2::13
7961.73,/Rtr1,RECV,/Rtr2::13
7971.8,/Src1,RECV,/Rtr2::13
7971.8,/Src2,RECV,/Rtr2::13
8169,/Dst2,PUB,/Dst2::13
8180.12,/Rtr2,RECV,/Dst2::13
8190.2,/Dst1,RECV,/Dst2::13
8191.32,/Rtr1,RECV,/Dst2::13
8201.37,/Src1,RECV,/Dst2::13
8201.37,/Src2,RECV,/Dst2::13
8350,/Src1,PUB,/Src1::9
8361.07,/Rtr1,RECV,/Src1::9
8371.15,/Src2,RECV,/Src1::9
8371.8,/Rtr2,RECV,/Src1::9
8374,/Src2,PUB,/Src2::13
8381.87,/Dst1,RECV,/Src1::9
8381.87,/Dst2,RECV,/Src1::9
8385.07,/Rtr1,RECV,/Src2::13
8395.15,/Src1,RECV,/Src2::13
8395.8,/Rtr2,RECV,/Src2::13
8405.87,/Dst1,RECV,/Src2::13
8405.87,/Dst2,RECV,/Src2::13
8475,/Rtr1,PUB,/Rtr1::13
8486.07,/Src1,RECV,/Rtr1::13
8486.07,/Src2,RECV,/Rtr1::13
8486.73,/Rtr2,RECV,/Rtr1::13
8496.8,/Dst1,RECV,/Rtr1::13
8496.8,/Dst2,RECV,/Rtr1::13
8523,/Dst1,PUB,/Dst1::13
8534.12,/Rtr2,RECV,/Dst1::13
8537,/Rtr2,PUB,/Rtr2::14
8544.2,/Dst2,RECV,/Dst1::13
8545.32,/Rtr1,RECV,/Dst1::13
8548.07,/Dst1,RECV,/Rtr2::14
8548.07,/Dst2,RECV,/Rtr2::14
8548.73,/Rtr1,RECV,/Rtr2::14
8555.37,/Src1,RECV,/Dst1::13
8555.37,/Src2,RECV,/Dst1::13
8558.8,/Src1,RECV,/Rtr2::14
8558.8,/Src2,RECV,/Rtr2::14
8936,/Dst2,PUB,/Dst2::14
8947.12,/Rtr2,RECV,/Dst2::14
8957.2,/Dst1,RECV,/Dst2::14
8958.32,/Rtr1,RECV,/Dst2::14
8968.37,/Src1,RECV,/Dst2::14
8968.37,/Src2,RECV,/Dst2::14
9004,/Src2,PUB,/Src2::14
9015.07,/Rtr1,RECV,/Src2::14
9025.15,/Src1,RECV,/Src2::14
9025.8,/Rtr2,RECV,/Src2::14
9035.87,/Dst1,RECV,/Src2::14
9035.87,/Dst2,RECV,/Src2::14
9063,/Rtr2,PUB,/Rtr2::15
9074.07,/Dst1,RECV,/Rtr2::15
9074.07,/Dst2,RECV,/Rtr2::15
9074.73,/Rtr1,RECV,/Rtr2::15
9084.8,/Src1,RECV,/Rtr2::15
9084.8,/Src2,RECV,/Rtr2::15
9141,/Dst1,PUB,/Dst1::14
9152.12,/Rtr2,RECV,/Dst1::14
9162.2,/Dst2,RECV,/Dst1::14
9163.32,/Rtr1,RECV,/Dst1::14
9173.37,/Src1,RECV,/Dst1::14
9173.37,/Src2,RECV,/Dst1::14
9185,/Src1,PUB,/Src1::10
9196.07,/Rtr1,RECV,/Src1::10
9206.15,/Src2,RECV,/Src1::10
9206.8,/Rtr2,RECV,/Src1::10
9216.87,/Dst1,RECV,/Src1::10
9216.87,/Dst2,RECV,/Src1::10
9265,/Rtr1,PUB,/Rtr1::14
9276.07,/Src1,RECV,/Rtr1::14
9276.07,/Src2,RECV,/Rtr1::14
9276.73,/Rtr2,RECV,/Rtr1::14
9286.8,/Dst1,RECV,/Rtr1::14
9286.8,/Dst2,RECV,/Rtr1::14
9743,/Src2,PUB,/Src2::15
9748,/Src1,PUB,/Src1::11
9754.07,/Rtr1,RECV,/Src2::15
9759.07,/Rtr1,RECV,/Src1::11
9764.15,/Src1,RECV,/Src2::15
9764.8,/Rtr2,RECV,/Src2::15
9769.15,/Src2,RECV,/Src1::11
9769.8,/Rtr2,RECV,/Src1::11
9774.87,/Dst1,RECV,/Src2::15
9774.87,/Dst2,RECV,/Src2::15
9779.87,/Dst1,RECV,/Src1::11
9779.87,/Dst2,RECV,/Src1::11
9807,/Dst2,PUB,/Dst2::15
9818.12,/Rtr2,RECV,/Dst2::15
9828.2,/Dst1,RECV,/Dst2::15
9829.32,/Rtr1,RECV,/Dst2::15
9839.37,/Src1,RECV,/Dst2::15
9839.37,/Src2,RECV,/Dst2::15
9889,/Rtr2,PUB,/Rtr2::16
9900.07,/Dst1,RECV,/Rtr2::16
9900.07,/Dst2,RECV,/Rtr2::16
9900.73,/Rtr1,RECV,/Rtr2::16
9910.8,/Src1,RECV,/Rtr2::16
9910.8,/Src2,RECV,/Rtr2::16
9969,/Rtr1,PUB,/Rtr1::15
9980.07,/Src1,RECV,/Rtr1::15
9980.07,/Src2,RECV,/Rtr1::15
9980.73,/Rtr2,RECV,/Rtr1::15
9990.8,/Dst1,RECV,/Rtr1::15
9990.8,/Dst2,RECV,/Rtr1::15
10002,/Dst1,PUB,/Dst1::15
10013.1,/Rtr2,RECV,/Dst1::15
10023.2,/Dst2,RECV,/Dst1::15
10024.3,/Rtr1,RECV,/Dst1::15
10034.4,/Src1,RECV,/Dst1::15
10034.4,/Src2,RECV,/Dst1::15
10399,/Dst2,PUB,/Dst2::16
10409,/Src1,PUB,/Src1::12
10410.1,/Rtr2,RECV,/Dst2::16
10420.1,/Rtr1,RECV,/Src1::12
10420.2,/Dst1,RECV,/Dst2::16
10421.3,/Rtr1,RECV,/Dst2::16
10430.1,/Src2,RECV,/Src1::12
10430.8,/Rtr2,RECV,/Src1::12
10431.4,/Src1,RECV,/Dst2::16
10431.4,/Src2,RECV,/Dst2::16
10440.9,/Dst1,RECV,/Src1::12
10440.9,/Dst2,RECV,/Src1::12
10452,/Src2,PUB,/Src2::16
10463.1,/Rtr1,RECV,/Src2::16
10473.1,/Src1,RECV,/Src2::16
10473.8,/Rtr2,RECV,/Src2::16
10483.9,/Dst1,RECV,/Src2::16
10483.9,/Dst2,RECV,/Src2::16
10572,/Rtr2,PUB,/Rtr2::17
10583.1,/Dst1,RECV,/Rtr2::17
10583.1,/Dst2,RECV,/Rtr2::17
10583.7,/Rtr1,RECV,/Rtr2::17
10593.8,/Src1,RECV,/Rtr2::17
10593.8,/Src2,RECV,/Rtr2::17
10618,/Rtr1,PUB,/Rtr1::16
10629.1,/Src1,RECV,/Rtr1::16
10629.1,/Src2,RECV,/Rtr1::16
10629.7,/Rtr2,RECV,/Rtr1::16
10639.8,/Dst1,RECV,/Rtr1::16
10639.8,/Dst2,RECV,/Rtr1::16
10685,/Dst1,PUB,/Dst1::16
10696.1,/Rtr2,RECV,/Dst1::16
10706.2,/Dst2,RECV,/Dst1::16
10707.3,/Rtr1,RECV,/Dst1::16
10717.4,/Src1,RECV,/Dst1::16
10717.4,/Src2,RECV,/Dst1::16
11044,/Src2,PUB,/Src2::17
11045,/Src1,PUB,/Src1::13
11055.1,/Rtr1,RECV,/Src2::17
11056.1,/Rtr1,RECV,/Src1::13
11065.1,/Src1,RECV,/Src2::17
11065.8,/Rtr2,RECV,/Src2::17
11066.1,/Src2,RECV,/Src1::13
11067,/Rtr2,RECV,/Src1::13
11075.9,/Dst1,RECV,/Src2::17
11075.9,/Dst2,RECV,/Src2::17
11077.1,/Dst1,RECV,/Src1::13
11077.1,/Dst2,RECV,/Src1::13
11126,/Dst2,PUB,/Dst2::17
11137.1,/Rtr2,RECV,/Dst2::17
11147.2,/Dst1,RECV,/Dst2::17
11148.3,/Rtr1,RECV,/Dst2::17
11158.4,/Src1,RECV,/Dst2::17
11158.4,/Src2,RECV,/Dst2::17
11340,/Rtr1,PUB,/Rtr1::17
11351.1,/Src1,RECV,/Rtr1::17
11351.1,/Src2,RECV,/Rtr1::17
11351.7,/Rtr2,RECV,/Rtr1::17
11361.8,/Dst1,RECV,/Rtr1::17
11361.8,/Dst2,RECV,/Rtr1::17
11402,/Rtr2,PUB,/Rtr2::18
11413.1,/Dst1,RECV,/Rtr2::18
11413.1,/Dst2,RECV,/Rtr2::18
11413.7,/Rtr1,RECV,/Rtr2::18
11423.8,/Src1,RECV,/Rtr2::18
11423.8,/Src2,RECV,/Rtr2::18
11558,/Dst1,PUB,/Dst1::17
11569.1,/Rtr2,RECV,/Dst1::17
11579.2,/Dst2,RECV,/Dst1::17
11580.3,/Rtr1,RECV,/Dst1::17
11590.4,/Src1,RECV,/Dst1::17
11590.4,/Src2,RECV,/Dst1::17
11710,/Src2,PUB,/Src2::18
11721.1,/Rtr1,RECV,/Src2::18
11731.1,/Src1,RECV,/Src2::18
11731.8,/Rtr2,RECV,/Src2::18
11734,/Src1,PUB,/Src1::14
11741.9,/Dst1,RECV,/Src2::18
11741.9,/Dst2,RECV,/Src2::18
11745.1,/Rtr1,RECV,/Src1::14
11755.1,/Src2,RECV,/Src1::14
11755.8,/Rtr2,RECV,/Src1::14
11765.9,/Dst1,RECV,/Src1::14
11765.9,/Dst2,RECV,/Src1::14
11807,/Dst2,PUB,/Dst2::18
11818.1,/Rtr2,RECV,/Dst2::18
11828.2,/Dst1,RECV,/Dst2::18
11829.3,/Rtr1,RECV,/Dst2::18
11839.4,/Src1,RECV,/Dst2::18
11839.4,/Src2,RECV,/Dst2::18
11996,/Rtr1,PUB,/Rtr1::18
12007.1,/Src1,RECV,/Rtr1::18
12007.1,/Src2,RECV,/Rtr1::18
12007.7,/Rtr2,RECV,/Rtr1::18
12017.8,/Dst1,RECV,/Rtr1::18
12017.8,/Dst2,RECV,/Rtr1::18
12029,/Rtr2,PUB,/Rtr2::19
12040.1,/Dst1,RECV,/Rtr2::19
12040.1,/Dst2,RECV,/Rtr2::19
12040.7,/Rtr1,RECV,/Rtr2::19
12050.8,/Src1,RECV,/Rtr2::19
12050.8,/Src2,RECV,/Rtr2::19
12287,/Dst1,PUB,/Dst1::18
12298.1,/Rtr2,RECV,/Dst1::18
12308.2,/Dst2,RECV,/Dst1::18
12309.3,/Rtr1,RECV,/Dst1::18
12319.4,/Src1,RECV,/Dst1::18
12319.4,/Src2,RECV,/Dst1::18
12371,/Src1,PUB,/Src1::15
12382.1,/Rtr1,RECV,/Src1::15
12392.1,/Src2,RECV,/Src1::15
12392.8,/Rtr2,RECV,/Src1::15
12396,/Src2,PUB,/Src2::19
12402.9,/Dst1,RECV,/Src1::15
12402.9,/Dst2,RECV,/Src1::15
12407.1,/Rtr1,RECV,/Src2::19
12417.1,/Src1,RECV,/Src2::19
12417.8,/Rtr2,RECV,/Src2::19
12421,/Dst2,PUB,/Dst2::19
12427.9,/Dst1,RECV,/Src2::19
12427.9,/Dst2,RECV,/Src2::19
12432.1,/Rtr2,RECV,/Dst2::19
12442.2,/Dst1,RECV,/Dst2::19
12443.3,/Rtr1,RECV,/Dst2::19
12453.4,/Src1,RECV,/Dst2::19
12453.4,/Src2,RECV,/Dst2::19
12660,/Rtr1,PUB,/Rtr1::19
12671.1,/Src1,RECV,/Rtr1::19
12671.1,/Src2,RECV,/Rtr1::19
12671.7,/Rtr2,RECV,/Rtr1::19
12681.8,/Dst1,RECV,/Rtr1::19
12681.8,/Dst2,RECV,/Rtr1::19
12814,/Rtr2,PUB,/Rtr2::20
12825.1,/Dst1,RECV,/Rtr2::20
12825.1,/Dst2,RECV,/Rtr2::20
12825.7,/Rtr1,RECV,/Rtr2::20
12835.8,/Src1,RECV,/Rtr2::20
12835.8,/Src2,RECV,/Rtr2::20
12902,/Src1,PUB,/Src1::16
12913.1,/Rtr1,RECV,/Src1::16
12923.1,/Src2,RECV,/Src1::16
12923.8,/Rtr2,RECV,/Src1::16
12933.9,/Dst1,RECV,/Src1::16
12933.9,/Dst2,RECV,/Src1::16
13034,/Src2,PUB,/Src2::20
13045.1,/Rtr1,RECV,/Src2::20
13055.1,/Src1,RECV,/Src2::20
13055.8,/Rtr2,RECV,/Src2::20
13065.9,/Dst1,RECV,/Src2::20
13065.9,/Dst2,RECV,/Src2::20
13096,/Dst1,PUB,/Dst1::19
13107.1,/Rtr2,RECV,/Dst1::19
13117.2,/Dst2,RECV,/Dst1::19
13118.3,/Rtr1,RECV,/Dst1::19
13128.4,/Src1,RECV,/Dst1::19
13128.4,/Src2,RECV,/Dst1::19
13228,/Dst2,PUB,/Dst2::20
13239.1,/Rtr2,RECV,/Dst2::20
13249.2,/Dst1,RECV,/Dst2::20
13250.3,/Rtr1,RECV,/Dst2::20
13260.4,/Src1,RECV,/Dst2::20
13260.4,/Src2,RECV,/Dst2::20
13285,/Rtr1,PUB,/Rtr1::20
13296.1,/Src1,RECV,/Rtr1::20
13296.1,/Src2,RECV,/Rtr1::20
13296.7,/Rtr2,RECV,/Rtr1::20
13306.8,/Dst1,RECV,/Rtr1::20
13306.8,/Dst2,RECV,/Rtr1::20
13430,/Rtr2,PUB,/Rtr2::21
13441.1,/Dst1,RECV,/Rtr2::21
13441.1,/Dst2,RECV,/Rtr2::21
13441.7,/Rtr1,RECV,/Rtr2::21
13445,/Src1,PUB,/Src1::17
13451.8,/Src1,RECV,/Rtr2::21
13451.8,/Src2,RECV,/Rtr2::21
13456.1,/Rtr1,RECV,/Src1::17
13466.1,/Src2,RECV,/Src1::17
13466.8,/Rtr2,RECV,/Src1::17
13476.9,/Dst1,RECV,/Src1::17
13476.9,/Dst2,RECV,/Src1::17
13701,/Dst1,PUB,/Dst1::20
13712.1,/Rtr2,RECV,/Dst1::20
13722.2,/Dst2,RECV,/Dst1::20
13723.3,/Rtr1,RECV,/Dst1::20
13733.4,/Src1,RECV,/Dst1::20
13733.4,/Src2,RECV,/Dst1::20
13820,/Src2,PUB,/Src2::21
13831.1,/Rtr1,RECV,/Src2::21
13841.1,/Src1,RECV,/Src2::21
13841.8,/Rtr2,RECV,/Src2::21
13851.9,/Dst1,RECV,/Src2::21
13851.9,/Dst2,RECV,/Src2::21
14056,/Dst2,PUB,/Dst2::21
14067.1,/Rtr2,RECV,/Dst2::21
14077.2,/Dst1,RECV,/Dst2::21
14078.3,/Rtr1,RECV,/Dst2::21
14088.4,/Src1,RECV,/Dst2::21
14088.4,/Src2,RECV,/Dst2::21
14130,/Rtr2,PUB,/Rtr2::22
14141.1,/Dst1,RECV,/Rtr2::22
14141.1,/Dst2,RECV,/Rtr2::22
14141.7,/Rtr1,RECV,/Rtr2::22
14145,/Rtr1,PUB,/Rtr1::21
14151.8,/Src1,RECV,/Rtr2::22
14151.8,/Src2,RECV,/Rtr2::22
14156.1,/Src1,RECV,/Rtr1::21
14156.1,/Src2,RECV,/Rtr1::21
14156.7,/Rtr2,RECV,/Rtr1::21
14166.8,/Dst1,RECV,/Rtr1::21
14166.8,/Dst2,RECV,/Rtr1::21
14200,/Src1,PUB,/Src1::18
14211.1,/Rtr1,RECV,/Src1::18
14221.1,/Src2,RECV,/Src1::18
14221.8,/Rtr2,RECV,/Src1::18
14231.9,/Dst1,RECV,/Src1::18
14231.9,/Dst2,RECV,/Src1::18
14453,/Src2,PUB,/Src2::22
14464.1,/Rtr1,RECV,/Src2::22
14474.1,/Src1,RECV,/Src2::22
14474.8,/Rtr2,RECV,/Src2::22
14484.9,/Dst1,RECV,/Src2::22
14484.9,/Dst2,RECV,/Src2::22
14494,/Dst1,PUB,/Dst1::21
14505.1,/Rtr2,RECV,/Dst1::21
14515.2,/Dst2,RECV,/Dst1::21
14516.3,/Rtr1,RECV,/Dst1::21
14526.4,/Src1,RECV,/Dst1::21
14526.4,/Src2,RECV,/Dst1::21
14599,/Dst2,PUB,/Dst2::22
14610.1,/Rtr2,RECV,/Dst2::22
14620.2,/Dst1,RECV,/Dst2::22
14621.3,/Rtr1,RECV,/Dst2::22
14631.4,/Src1,RECV,/Dst2::22
14631.4,/Src2,RECV,/Dst2::22
14962,/Src1,PUB,/Src1::19
14973.1,/Rtr1,RECV,/Src1::19
14983.1,/Src2,RECV,/Src1::19
14983.8,/Rtr2,RECV,/Src1::19
14993.9,/Dst1,RECV,/Src1::19
14993.9,/Dst2,RECV,/Src1::19
14998,/Rtr2,PUB,/Rtr2::23
15000,/Rtr1,PUB,/Rtr1::22
15009.1,/Dst1,RECV,/Rtr2::23
15009.1,/Dst2,RECV,/Rtr2::23
15009.7,/Rtr1,RECV,/Rtr2::23
15011.1,/Src1,RECV,/Rtr1::22
15011.1,/Src2,RECV,/Rtr1::22
15011.7,/Rtr2,RECV,/Rtr1::22
15019.8,/Src1,RECV,/Rtr2::23
15019.8,/Src2,RECV,/Rtr2::23
15021.8,/Dst1,RECV,/Rtr1::22
15021.8,/Dst2,RECV,/Rtr1::22
15022,/Src2,PUB,/Src2::23
15033.1,/Rtr1,RECV,/Src2::23
15043.1,/Src1,RECV,/Src2::23
15043.8,/Rtr2,RECV,/Src2::23
15053.9,/Dst1,RECV,/Src2::23
15053.9,/Dst2,RECV,/Src2::23
15129,/Dst2,PUB,/Dst2::23
15140.1,/Rtr2,RECV,/Dst2::23
15150.2,/Dst1,RECV,/Dst2::23
15151.3,/Rtr1,RECV,/Dst2::23
15161.4,/Src1,RECV,/Dst2::23
15161.4,/Src2,RECV,/Dst2::23
15244,/Dst1,PUB,/Dst1::22
15255.1,/Rtr2,RECV,/Dst1::22
15265.2,/Dst2,RECV,/Dst1::22
15266.3,/Rtr1,RECV,/Dst1::22
15276.4,/Src1,RECV,/Dst1::22
15276.4,/Src2,RECV,/Dst1::22
15643,/Rtr2,PUB,/Rtr2::24
15654.1,/Dst1,RECV,/Rtr2::24
15654.1,/Dst2,RECV,/Rtr2::24
15654.7,/Rtr1,RECV,/Rtr2::24
15664.8,/Src1,RECV,/Rtr2::24
15664.8,/Src2,RECV,/Rtr2::24
15701,/Rtr1,PUB,/Rtr1::23
15712.1,/Src1,RECV,/Rtr1::23
15712.1,/Src2,RECV,/Rtr1::23
15712.7,/Rtr2,RECV,/Rtr1::23
15722.8,/Dst1,RECV,/Rtr1::23
15722.8,/Dst2,RECV,/Rtr1::23
15794,/Src1,PUB,/Src1::20
15805.1,/Rtr1,RECV,/Src1::20
15815.1,/Src2,RECV,/Src1::20
15815.8,/Rtr2,RECV,/Src1::20
15825.9,/Dst1,RECV,/Src1::20
15825.9,/Dst2,RECV,/Src1::20
15834,/Src2,PUB,/Src2::24
15840,/Dst2,PUB,/Dst2::24
15845.1,/Rtr1,RECV,/Src2::24
15846,/Dst1,PUB,/Dst1::23
15851.1,/Rtr2,RECV,/Dst2::24
15855.1,/Src1,RECV,/Src2::24
15855.8,/Rtr2,RECV,/Src2::24
15857.1,/Rtr2,RECV,/Dst1::23
15861.2,/Dst1,RECV,/Dst2::24
15862.3,/Rtr1,RECV,/Dst2::24
15865.9,/Dst1,RECV,/Src2::24
15865.9,/Dst2,RECV,/Src2::24
15867.2,/Dst2,RECV,/Dst1::23
15867.6,/Rtr1,RECV,/Dst1::23
15872.4,/Src1,RECV,/Dst2::24
15872.4,/Src2,RECV,/Dst2::24
15877.7,/Src1,RECV,/Dst1::23
15877.7,/Src2,RECV,/Dst1::23
16375,/Rtr1,PUB,/Rtr1::24
16386.1,/Src1,RECV,/Rtr1::24
16386.1,/Src2,RECV,/Rtr1::24
16386.7,/Rtr2,RECV,/Rtr1::24
16396.8,/Dst1,RECV,/Rtr1::24
16396.8,/Dst2,RECV,/Rtr1::24
16409,/Dst2,PUB,/Dst2::25
16420.1,/Rtr2,RECV,/Dst2::25
16430.2,/Dst1,RECV,/Dst2::25
16431,/Rtr2,PUB,/Rtr2::25
16431.3,/Rtr1,RECV,/Dst2::25
16441.4,/Src1,RECV,/Dst2::25
16441.4,/Src2,RECV,/Dst2::25
16442.1,/Dst1,RECV,/Rtr2::25
16442.1,/Dst2,RECV,/Rtr2::25
16442.7,/Rtr1,RECV,/Rtr2::25
16452.8,/Src1,RECV,/Rtr2::25
16452.8,/Src2,RECV,/Rtr2::25
16639,/Src1,PUB,/Src1::21
16650.1,/Rtr1,RECV,/Src1::21
16660.1,/Src2,RECV,/Src1::21
16660.8,/Rtr2,RECV,/Src1::21
16670.9,/Dst1,RECV,/Src1::21
16670.9,/Dst2,RECV,/Src1::21
16672,/Src2,PUB,/Src2::25
16683.1,/Rtr1,RECV,/Src2::25
16688,/Dst1,PUB,/Dst1::24
16693.1,/Src1,RECV,/Src2::25
16693.8,/Rtr2,RECV,/Src2::25
16699.1,/Rtr2,RECV,/Dst1::24
16703.9,/Dst1,RECV,/Src2::25
16703.9,/Dst2,RECV,/Src2::25
16709.2,/Dst2,RECV,/Dst1::24
16710.3,/Rtr1,RECV,/Dst1::24
16720.4,/Src1,RECV,/Dst1::24
16720.4,/Src2,RECV,/Dst1::24
17102,/Dst2,PUB,/Dst2::26
17113.1,/Rtr2,RECV,/Dst2::26
17123.2,/Dst1,RECV,/Dst2::26
17124.3,/Rtr1,RECV,/Dst2::26
17134.4,/Src1,RECV,/Dst2::26
17134.4,/Src2,RECV,/Dst2::26
17151,/Rtr1,PUB,/Rtr1::25
17162.1,/Src1,RECV,/Rtr1::25
17162.1,/Src2,RECV,/Rtr1::25
17162.7,/Rtr2,RECV,/Rtr1::25
17172.8,/Dst1,RECV,/Rtr1::25
17172.8,/Dst2,RECV,/Rtr1::25
17243,/Rtr2,PUB,/Rtr2::26
17253,/Src1,PUB,/Src1::22
17254.1,/Dst1,RECV,/Rtr2::26
17254.1,/Dst2,RECV,/Rtr2::26
17254.7,/Rtr1,RECV,/Rtr2::26
17264.1,/Rtr1,RECV,/Src1::22
17264.8,/Src1,RECV,/Rtr2::26
17264.8,/Src2,RECV,/Rtr2::26
17274.1,/Src2,RECV,/Src1::22
17274.8,/Rtr2,RECV,/Src1::22
17279,/Dst1,PUB,/Dst1::25
17284.9,/Dst1,RECV,/Src1::22
17284.9,/Dst2,RECV,/Src1::22
17290.1,/Rtr2,RECV,/Dst1::25
17300.2,/Dst2,RECV,/Dst1::25
17301.3,/Rtr1,RECV,/Dst1::25
17311.4,/Src1,RECV,/Dst1::25
17311.4,/Src2,RECV,/Dst1::25
17507,/Src2,PUB,/Src2::26
17518.1,/Rtr1,RECV,/Src2::26
17528.1,/Src1,RECV,/Src2::26
17528.8,/Rtr2,RECV,/Src2::26
17538.9,/Dst1,RECV,/Src2::26
17538.9,/Dst2,RECV,/Src2::26
17846,/Dst2,PUB,/Dst2::27
17857.1,/Rtr2,RECV,/Dst2::27
17867.2,/Dst1,RECV,/Dst2::27
17868.3,/Rtr1,RECV,/Dst2::27
17878.4,/Src1,RECV,/Dst2::27
17878.4,/Src2,RECV,/Dst2::27
17897,/Rtr1,PUB,/Rtr1::26
17897,/Rtr2,PUB,/Rtr2::27
17908.1,/Src1,RECV,/Rtr1::26
17908.1,/Src2,RECV,/Rtr1::26
17908.1,/Dst1,RECV,/Rtr2::27
17908.1,/Dst2,RECV,/Rtr2::27
17908.7,/Rtr2,RECV,/Rtr1::26
17908.7,/Rtr1,RECV,/Rtr2::27
17918.8,/Dst1,RECV,/Rtr1::26
17918.8,/Dst2,RECV,/Rtr1::26
17918.8,/Src1,RECV,/Rtr2::27
17918.8,/Src2,RECV,/Rtr2::27
17938,/Src1,PUB,/Src1::23
17949.1,/Rtr1,RECV,/Src1::23
17959.1,/Src2,RECV,/Src1::23
17959.8,/Rtr2,RECV,/Src1::23
17969.9,/Dst1,RECV,/Src1::23
17969.9,/Dst2,RECV,/Src1::23
17988,/Dst1,PUB,/Dst1::26
17999.1,/Rtr2,RECV,/Dst1::26
18009.2,/Dst2,RECV,/Dst1::26
18010.3,/Rtr1,RECV,/Dst1::26
18020.4,/Src1,RECV,/Dst1::26
18020.4,/Src2,RECV,/Dst1::26
18330,/Src2,PUB,/Src2::27
18341.1,/Rtr1,RECV,/Src2::27
18351.1,/Src1,RECV,/Src2::27
18351.8,/Rtr2,RECV,/Src2::27
18361.9,/Dst1,RECV,/Src2::27
18361.9,/Dst2,RECV,/Src2::27
18478,/Rtr1,PUB,/Rtr1::27
18489.1,/Src1,RECV,/Rtr1::27
18489.1,/Src2,RECV,/Rtr1::27
18489.7,/Rtr2,RECV,/Rtr1::27
18499.8,/Dst1,RECV,/Rtr1::27
18499.8,/Dst2,RECV,/Rtr1::27
18673,/Dst2,PUB,/Dst2::28
18683,/Dst1,PUB,/Dst1::27
18684.1,/Rtr2,RECV,/Dst2::28
18694.1,/Rtr2,RECV,/Dst1::27
18694.2,/Dst1,RECV,/Dst2::28
18695.3,/Rtr1,RECV,/Dst2::28
18704.2,/Dst2,RECV,/Dst1::27
18705.3,/Rtr1,RECV,/Dst1::27
18705.4,/Src1,RECV,/Dst2::28
18705.4,/Src2,RECV,/Dst2::28
18715.4,/Src1,RECV,/Dst1::27
18715.4,/Src2,RECV,/Dst1::27
18741,/Rtr2,PUB,/Rtr2::28
18752.1,/Dst1,RECV,/Rtr2::28
18752.1,/Dst2,RECV,/Rtr2::28
18752.7,/Rtr1,RECV,/Rtr2::28
18762.8,/Src1,RECV,/Rtr2::28
18762.8,/Src2,RECV,/Rtr2::28
18791,/Src1,PUB,/Src1::24
18802.1,/Rtr1,RECV,/Src1::24
18812.1,/Src2,RECV,/Src1::24
18812.8,/Rtr2,RECV,/Src1::24
18822.9,/Dst1,RECV,/Src1::24
18822.9,/Dst2,RECV,/Src1::24
19097,/Rtr1,PUB,/Rtr1::28
19104,/Src2,PUB,/Src2::28
19108.1,/Src1,RECV,/Rtr1::28
19108.1,/Src2,RECV,/Rtr1::28
19108.7,/Rtr2,RECV,/Rtr1::28
19115.1,/Rtr1,RECV,/Src2::28
19118.8,/Dst1,RECV,/Rtr1::28
19118.8,/Dst2,RECV,/Rtr1::28
19125.1,/Src1,RECV,/Src2::28
19125.8,/Rtr2,RECV,/Src2::28
19135.9,/Dst1,RECV,/Src2::28
19135.9,/Dst2,RECV,/Src2::28
19264,/Dst2,PUB,/Dst2::29
19275.1,/Rtr2,RECV,/Dst2::29
19285.2,/Dst1,RECV,/Dst2::29
19286.3,/Rtr1,RECV,/Dst2::29
19296.4,/Src1,RECV,/Dst2::29
19296.4,/Src2,RECV,/Dst2::29
19301,/Rtr2,PUB,/Rtr2::29
19312.1,/Dst1,RECV,/Rtr2::29
19312.1,/Dst2,RECV,/Rtr2::29
19312.7,/Rtr1,RECV,/Rtr2::29
19322.8,/Src1,RECV,/Rtr2::29
19322.8,/Src2,RECV,/Rtr2::29
19395,/Src1,PUB,/Src1::25
19406.1,/Rtr1,RECV,/Src1::25
19416.1,/Src2,RECV,/Src1::25
19416.8,/Rtr2,RECV,/Src1::25
19426.9,/Dst1,RECV,/Src1::25
19426.9,/Dst2,RECV,/Src1::25
19436,/Dst1,PUB,/Dst1::28
19447.1,/Rtr2,RECV,/Dst1::28
19457.2,/Dst2,RECV,/Dst1::28
19458.3,/Rtr1,RECV,/Dst1::28
19468.4,/Src1,RECV,/Dst1::28
19468.4,/Src2,RECV,/Dst1::28
19633,/Src2,PUB,/Src2::29
19642,/Rtr1,PUB,/Rtr1::29
19644.1,/Rtr1,RECV,/Src2::29
19653.1,/Src1,RECV,/Rtr1::29
19653.1,/Src2,RECV,/Rtr1::29
19653.7,/Rtr2,RECV,/Rtr1::29
19654.1,/Src1,RECV,/Src2::29
19655,/Rtr2,RECV,/Src2::29
19663.8,/Dst1,RECV,/Rtr1::29
19663.8,/Dst2,RECV,/Rtr1::29
19665,/Dst1,RECV,/Src2::29
19665,/Dst2,RECV,/Src2::29
19881,/Rtr2,PUB,/Rtr2::30
19892.1,/Dst1,RECV,/Rtr2::30
19892.1,/Dst2,RECV,/Rtr2::30
19892.7,/Rtr1,RECV,/Rtr2::30
19902.8,/Src1,RECV,/Rtr2::30
19902.8,/Src2,RECV,/Rtr2::30
SYNC_PACK=345
SYNC_BYTE=23363
