0,/Src2,PUB,/Src2::1
0,/Rtr1,PUB,/Rtr1::1
0,/Rtr2,PUB,/Rtr2::1
0,/Dst1,PUB,/Dst1::1
0,/Dst2,PUB,/Dst2::1
110.042,/Rtr1,RECV,/Src2::1
110.042,/Src2,RECV,/Rtr1::1
110.042,/Dst1,RECV,/Rtr2::1
110.042,/Dst2,RECV,/Rtr2::1
110.042,/Rtr2,RECV,/Dst1::1
110.042,/Rtr2,RECV,/Dst2::1
110.416,/Rtr2,RECV,/Rtr1::1
110.416,/Rtr1,RECV,/Rtr2::1
120.083,/Dst2,RECV,/Dst1::1
120.083,/Dst1,RECV,/Dst2::1
120.458,/Rtr2,RECV,/Src2::1
120.458,/Rtr1,RECV,/Dst1::1
120.458,/Dst1,RECV,/Rtr1::1
120.458,/Dst2,RECV,/Rtr1::1
120.458,/Src2,RECV,/Rtr2::1
120.874,/Rtr1,RECV,/Dst2::1
130.499,/Dst1,RECV,/Src2::1
130.499,/Dst2,RECV,/Src2::1
130.499,/Src2,RECV,/Dst1::1
130.915,/Src2,RECV,/Dst2::1
1004,/Dst2,PUB,/Dst2::2
1015.07,/Rtr2,RECV,/Dst2::2
1025.15,/Dst1,RECV,/Dst2::2
1025.8,/Rtr1,RECV,/Dst2::2
1035.87,/Src2,RECV,/Dst2::2
1139,/Rtr2,PUB,/Rtr2::2
1150.07,/Dst1,RECV,/Rtr2::2
1150.07,/Dst2,RECV,/Rtr2::2
1150.73,/Rtr1,RECV,/Rtr2::2
1160.8,/Src2,RECV,/Rtr2::2
1279,/Dst1,PUB,/Dst1::2
1290.11,/Rtr2,RECV,/Dst1::2
1297,/Rtr1,PUB,/Rtr1::2
1300.19,/Dst2,RECV,/Dst1::2
1301.22,/Rtr1,RECV,/Dst1::2
1308.07,/Src2,RECV,/Rtr1::2
1308.73,/Rtr2,RECV,/Rtr1::2
1311.26,/Src2,RECV,/Dst1::2
1318.8,/Dst1,RECV,/Rtr1::2
1318.8,/Dst2,RECV,/Rtr1::2
1407,/Src2,PUB,/Src2::2
1418.07,/Rtr1,RECV,/Src2::2
1428.8,/Rtr2,RECV,/Src2::2
1438.87,/Dst1,RECV,/Src2::2
1438.87,/Dst2,RECV,/Src2::2
2212,/Rtr2,PUB,/Rtr2::3
2223.07,/Dst1,RECV,/Rtr2::3
2223.07,/Dst2,RECV,/Rtr2::3
2223.73,/Rtr1,RECV,/Rtr2::3
2233.8,/Src2,RECV,/Rtr2::3
2237,/Dst2,PUB,/Dst2::3
2248.07,/Rtr2,RECV,/Dst2::3
2258.15,/Dst1,RECV,/Dst2::3
2258.8,/Rtr1,RECV,/Dst2::3
2268.87,/Src2,RECV,/Dst2::3
2624,/Dst1,PUB,/Dst1::3
2635.11,/Rtr2,RECV,/Dst1::3
2645.19,/Dst2,RECV,/Dst1::3
2646.22,/Rtr1,RECV,/Dst1::3
2656.26,/Src2,RECV,/Dst1::3
2838,/Src2,PUB,/Src2::3
2849.07,/Rtr1,RECV,/Src2::3
2859.8,/Rtr2,RECV,/Src2::3
2869.87,/Dst1,RECV,/Src2::3
2869.87,/Dst2,RECV,/Src2::3
2897,/Rtr1,PUB,/Rtr1::3
2908.07,/Src2,RECV,/Rtr1::3
2908.73,/Rtr2,RECV,/Rtr1::3
2918.8,/Dst1,RECV,/Rtr1::3
2918.8,/Dst2,RECV,/Rtr1::3
3000,/Src1,PUB,/Src1::1
3110.04,/Rtr1,RECV,/Src1::1
3120.08,/Src2,RECV,/Src1::1
3120.46,/Rtr2,RECV,/Src1::1
3130.5,/Dst1,RECV,/Src1::1
3130.5,/Dst2,RECV,/Src1::1
3354.23,/Src1,RECV,/Rtr1::1
3354.23,/Src1,RECV,/Rtr1::2
3354.23,/Src1,RECV,/Rtr1::3
3354.23,/Src1,RECV,/Rtr2::1
3354.23,/Src1,RECV,/Rtr2::2
3354.23,/Src1,RECV,/Rtr2::3
3354.23,/Src1,RECV,/Src2::1
3354.23,/Src1,RECV,/Src2::2
3354.23,/Src1,RECV,/Src2::3
3354.28,/Src1,RECV,/Dst1::1
3354.28,/Src1,RECV,/Dst1::2
3354.28,/Src1,RECV,/Dst1::3
3354.28,/Src1,RECV,/Dst2::1
3354.28,/Src1,RECV,/Dst2::2
3354.28,/Src1,RECV,/Dst2::3
3531,/Rtr2,PUB,/Rtr2::4
3542.07,/Dst1,RECV,/Rtr2::4
3542.07,/Dst2,RECV,/Rtr2::4
3542.73,/Rtr1,RECV,/Rtr2::4
3552.8,/Src1,RECV,/Rtr2::4
3552.8,/Src2,RECV,/Rtr2::4
3649,/Dst1,PUB,/Dst1::4
3660.12,/Rtr2,RECV,/Dst1::4
3670.2,/Dst2,RECV,/Dst1::4
3671.32,/Rtr1,RECV,/Dst1::4
3681.37,/Src1,RECV,/Dst1::4
3681.37,/Src2,RECV,/Dst1::4
3754,/Dst2,PUB,/Dst2::4
3765.12,/Rtr2,RECV,/Dst2::4
3775.2,/Dst1,RECV,/Dst2::4
3776.32,/Rtr1,RECV,/Dst2::4
3786.37,/Src1,RECV,/Dst2::4
3786.37,/Src2,RECV,/Dst2::4
3912,/Src2,PUB,/Src2::4
3923.07,/Rtr1,RECV,/Src2::4
3933.15,/Src1,RECV,/Src2::4
3933.8,/Rtr2,RECV,/Src2::4
3943.87,/Dst1,RECV,/Src2::4
3943.87,/Dst2,RECV,/Src2::4
3980,/Src1,PUB,/Src1::2
3991.07,/Rtr1,RECV,/Src1::2
4001.15,/Src2,RECV,/Src1::2
4001.8,/Rtr2,RECV,/Src1::2
4011.87,/Dst1,RECV,/Src1::2
4011.87,/Dst2,RECV,/Src1::2
4360,/Rtr1,PUB,/Rtr1::4
4371.07,/Src1,RECV,/Rtr1::4
4371.07,/Src2,RECV,/Rtr1::4
4371.73,/Rtr2,RECV,/Rtr1::4
4381.8,/Dst1,RECV,/Rtr1::4
4381.8,/Dst2,RECV,/Rtr1::4
4946,/Rtr2,PUB,/Rtr2::5
4957.07,/Dst1,RECV,/Rtr2::5
4957.07,/Dst2,RECV,/Rtr2::5
4957.73,/Rtr1,RECV,/Rtr2::5
4967.8,/Src1,RECV,/Rtr2::5
4967.8,/Src2,RECV,/Rtr2::5
5140,/Dst2,PUB,/Dst2::5
5151.12,/Rtr2,RECV,/Dst2::5
5161.2,/Dst1,RECV,/Dst2::5
5162.32,/Rtr1,RECV,/Dst2::5
5172.37,/Src1,RECV,/Dst2::5
5172.37,/Src2,RECV,/Dst2::5
5210,/Src2,PUB,/Src2::5
5221.07,/Rtr1,RECV,/Src2::5
5231.15,/Src1,RECV,/Src2::5
5231.8,/Rtr2,RECV,/Src2::5
5241.87,/Dst1,RECV,/Src2::5
5241.87,/Dst2,RECV,/Src2::5
5251,/Dst1,PUB,/Dst1::5
5262.12,/Rtr2,RECV,/Dst1::5
5272.2,/Dst2,RECV,/Dst1::5
5273.32,/Rtr1,RECV,/Dst1::5
5283.37,/Src1,RECV,/Dst1::5
5283.37,/Src2,RECV,/Dst1::5
5531,/Src1,PUB,/Src1::3
5542.07,/Rtr1,RECV,/Src1::3
5552.15,/Src2,RECV,/Src1::3
5552.8,/Rtr2,RECV,/Src1::3
5562.87,/Dst1,RECV,/Src1::3
5562.87,/Dst2,RECV,/Src1::3
5583,/Rtr1,PUB,/Rtr1::5
5594.07,/Src1,RECV,/Rtr1::5
5594.07,/Src2,RECV,/Rtr1::5
5594.73,/Rtr2,RECV,/Rtr1::5
5604.8,/Dst1,RECV,/Rtr1::5
5604.8,/Dst2,RECV,/Rtr1::5
6072,/Rtr2,PUB,/Rtr2::6
6083.07,/Dst1,RECV,/Rtr2::6
6083.07,/Dst2,RECV,/Rtr2::6
6083.73,/Rtr1,RECV,/Rtr2::6
6093.8,/Src1,RECV,/Rtr2::6
6093.8,/Src2,RECV,/Rtr2::6
6448,/Src2,PUB,/Src2::6
6459.07,/Rtr1,RECV,/Src2::6
6469.15,/Src1,RECV,/Src2::6
6469.8,/Rtr2,RECV,/Src2::6
6479.87,/Dst1,RECV,/Src2::6
6479.87,/Dst2,RECV,/Src2::6
6508,/Dst2,PUB,/Dst2::6
6519.12,/Rtr2,RECV,/Dst2::6
6529.2,/Dst1,RECV,/Dst2::6
6530.32,/Rtr1,RECV,/Dst2::6
6540.37,/Src1,RECV,/Dst2::6
6540.37,/Src2,RECV,/Dst2::6
6558,/Src1,PUB,/Src1::4
6569.07,/Rtr1,RECV,/Src1::4
6579.15,/Src2,RECV,/Src1::4
6579.8,/Rtr2,RECV,/Src1::4
6589.87,/Dst1,RECV,/Src1::4
6589.87,/Dst2,RECV,/Src1::4
6623,/Dst1,PUB,/Dst1::6
6634.12,/Rtr2,RECV,/Dst1::6
6644.2,/Dst2,RECV,/Dst1::6
6645.32,/Rtr1,RECV,/Dst1::6
6655.37,/Src1,RECV,/Dst1::6
6655.37,/Src2,RECV,/Dst1::6
7107,/Rtr1,PUB,/Rtr1::6
7118.07,/Src1,RECV,/Rtr1::6
7118.07,/Src2,RECV,/Rtr1::6
7118.73,/Rtr2,RECV,/Rtr1::6
7128.8,/Dst1,RECV,/Rtr1::6
7128.8,/Dst2,RECV,/Rtr1::6
7608,/Src1,PUB,/Src1::5
7619.07,/Rtr1,RECV,/Src1::5
7629.15,/Src2,RECV,/Src1::5
7629.8,/Rtr2,RECV,/Src1::5
7639.87,/Dst1,RECV,/Src1::5
7639.87,/Dst2,RECV,/Src1::5
7645,/Rtr2,PUB,/Rtr2::7
7656.07,/Dst1,RECV,/Rtr2::7
7656.07,/Dst2,RECV,/Rtr2::7
7656.73,/Rtr1,RECV,/Rtr2::7
7666.8,/Src1,RECV,/Rtr2::7
7666.8,/Src2,RECV,/Rtr2::7
7713,/Dst2,PUB,/Dst2::7
7724.12,/Rtr2,RECV,/Dst2::7
7734.2,/Dst1,RECV,/Dst2::7
7735.32,/Rtr1,RECV,/Dst2::7
7745.37,/Src1,RECV,/Dst2::7
7745.37,/Src2,RECV,/Dst2::7
7773,/Src2,PUB,/Src2::7
7784.07,/Rtr1,RECV,/Src2::7
7794.15,/Src1,RECV,/Src2::7
7794.8,/Rtr2,RECV,/Src2::7
7804.87,/Dst1,RECV,/Src2::7
7804.87,/Dst2,RECV,/Src2::7
8141,/Dst1,PUB,/Dst1::7
8152.12,/Rtr2,RECV,/Dst1::7
8162.2,/Dst2,RECV,/Dst1::7
8163.32,/Rtr1,RECV,/Dst1::7
8173.37,/Src1,RECV,/Dst1::7
8173.37,/Src2,RECV,/Dst1::7
8439,/Rtr1,PUB,/Rtr1::7
8450.07,/Src1,RECV,/Rtr1::7
8450.07,/Src2,RECV,/Rtr1::7
8450.73,/Rtr2,RECV,/Rtr1::7
8460.8,/Dst1,RECV,/Rtr1::7
8460.8,/Dst2,RECV,/Rtr1::7
8681,/Rtr2,PUB,/Rtr2::8
8692.07,/Dst1,RECV,/Rtr2::8
8692.07,/Dst2,RECV,/Rtr2::8
8692.73,/Rtr1,RECV,/Rtr2::8
8702.8,/Src1,RECV,/Rtr2::8
8702.8,/Src2,RECV,/Rtr2::8
8960,/Dst2,PUB,/Dst2::8
8971.12,/Rtr2,RECV,/Dst2::8
8973,/Src1,PUB,/Src1::6
8981.2,/Dst1,RECV,/Dst2::8
8982.32,/Rtr1,RECV,/Dst2::8
8984.07,/Rtr1,RECV,/Src1::6
8992.37,/Src1,RECV,/Dst2::8
8992.37,/Src2,RECV,/Dst2::8
8994.15,/Src2,RECV,/Src1::6
8994.8,/Rtr2,RECV,/Src1::6
9004.87,/Dst1,RECV,/Src1::6
9004.87,/Dst2,RECV,/Src1::6
9391,/Src2,PUB,/Src2::8
9402.07,/Rtr1,RECV,/Src2::8
9412.15,/Src1,RECV,/Src2::8
9412.8,/Rtr2,RECV,/Src2::8
9416,/Dst1,PUB,/Dst1::8
9422.87,/Dst1,RECV,/Src2::8
9422.87,/Dst2,RECV,/Src2::8
9427.12,/Rtr2,RECV,/Dst1::8
9437.2,/Dst2,RECV,/Dst1::8
9438.32,/Rtr1,RECV,/Dst1::8
9448.37,/Src1,RECV,/Dst1::8
9448.37,/Src2,RECV,/Dst1::8
9495,/Rtr1,PUB,/Rtr1::8
9506.07,/Src1,RECV,/Rtr1::8
9506.07,/Src2,RECV,/Rtr1::8
9506.73,/Rtr2,RECV,/Rtr1::8
9516.8,/Dst1,RECV,/Rtr1::8
9516.8,/Dst2,RECV,/Rtr1::8
9938,/Rtr2,PUB,/Rtr2::9
9949.07,/Dst1,RECV,/Rtr2::9
9949.07,/Dst2,RECV,/Rtr2::9
9949.73,/Rtr1,RECV,/Rtr2::9
9959.8,/Src1,RECV,/Rtr2::9
9959.8,/Src2,RECV,/Rtr2::9
10055,/Src1,PUB,/Src1::7
10066.1,/Rtr1,RECV,/Src1::7
10076.1,/Src2,RECV,/Src1::7
10076.8,/Rtr2,RECV,/Src1::7
10086.9,/Dst1,RECV,/Src1::7
10086.9,/Dst2,RECV,/Src1::7
10170,/Dst2,PUB,/Dst2::9
10181.1,/Rtr2,RECV,/Dst2::9
10191.2,/Dst1,RECV,/Dst2::9
10192.3,/Rtr1,RECV,/Dst2::9
10202.4,/Src1,RECV,/Dst2::9
10202.4,/Src2,RECV,/Dst2::9
10517,/Dst1,PUB,/Dst1::9
10528.1,/Rtr2,RECV,/Dst1::9
10538.2,/Dst2,RECV,/Dst1::9
10539.3,/Rtr1,RECV,/Dst1::9
10549.4,/Src1,RECV,/Dst1::9
10549.4,/Src2,RECV,/Dst1::9
10626,/Src2,PUB,/Src2::9
10637.1,/Rtr1,RECV,/Src2::9
10647.1,/Src1,RECV,/Src2::9
10647.8,/Rtr2,RECV,/Src2::9
10657.9,/Dst1,RECV,/Src2::9
10657.9,/Dst2,RECV,/Src2::9
10789,/Rtr1,PUB,/Rtr1::9
10800.1,/Src1,RECV,/Rtr1::9
10800.1,/Src2,RECV,/Rtr1::9
10800.7,/Rtr2,RECV,/Rtr1::9
10810.8,/Dst1,RECV,/Rtr1::9
10810.8,/Dst2,RECV,/Rtr1::9
11067,/Rtr2,PUB,/Rtr2::10
11078.1,/Dst1,RECV,/Rtr2::10
11078.1,/Dst2,RECV,/Rtr2::10
11078.7,/Rtr1,RECV,/Rtr2::10
11088.8,/Src1,RECV,/Rtr2::10
11088.8,/Src2,RECV,/Rtr2::10
11388,/Dst2,PUB,/Dst2::10
11399.1,/Rtr2,RECV,/Dst2::10
11409.2,/Dst1,RECV,/Dst2::10
11410.3,/Rtr1,RECV,/Dst2::10
11420.4,/Src1,RECV,/Dst2::10
11420.4,/Src2,RECV,/Dst2::10
11458,/Src1,PUB,/Src1::8
11469.1,/Rtr1,RECV,/Src1::8
11479.1,/Src2,RECV,/Src1::8
11479.8,/Rtr2,RECV,/Src1::8
11489.9,/Dst1,RECV,/Src1::8
11489.9,/Dst2,RECV,/Src1::8
11878,/Dst1,PUB,/Dst1::10
11889.1,/Rtr2,RECV,/Dst1::10
11899.2,/Dst2,RECV,/Dst1::10
11900.3,/Rtr1,RECV,/Dst1::10
11910.4,/Src1,RECV,/Dst1::10
11910.4,/Src2,RECV,/Dst1::10
12060,/Src2,PUB,/Src2::10
12071.1,/Rtr1,RECV,/Src2::10
12081.1,/Src1,RECV,/Src2::10
12081.8,/Rtr2,RECV,/Src2::10
12087,/Rtr2,PUB,/Rtr2::11
12091.9,/Dst1,RECV,/Src2::10
12091.9,/Dst2,RECV,/Src2::10
12098.1,/Dst1,RECV,/Rtr2::11
12098.1,/Dst2,RECV,/Rtr2::11
12098.7,/Rtr1,RECV,/Rtr2::11
12108.8,/Src1,RECV,/Rtr2::11
12108.8,/Src2,RECV,/Rtr2::11
12222,/Rtr1,PUB,/Rtr1::10
12233.1,/Src1,RECV,/Rtr1::10
12233.1,/Src2,RECV,/Rtr1::10
12233.7,/Rtr2,RECV,/Rtr1::10
12243.8,/Dst1,RECV,/Rtr1::10
12243.8,/Dst2,RECV,/Rtr1::10
12937,/Src1,PUB,/Src1::9
12948.1,/Rtr1,RECV,/Src1::9
12953,/Dst2,PUB,/Dst2::11
12958.1,/Src2,RECV,/Src1::9
12958.8,/Rtr2,RECV,/Src1::9
12964.1,/Rtr2,RECV,/Dst2::11
12968.9,/Dst1,RECV,/Src1::9
12968.9,/Dst2,RECV,/Src1::9
12974.2,/Dst1,RECV,/Dst2::11
12975.3,/Rtr1,RECV,/Dst2::11
12982,/Dst1,PUB,/Dst1::11
12985.4,/Src1,RECV,/Dst2::11
12985.4,/Src2,RECV,/Dst2::11
12993.1,/Rtr2,RECV,/Dst1::11
13003.2,/Dst2,RECV,/Dst1::11
13004.3,/Rtr1,RECV,/Dst1::11
13014.4,/Src1,RECV,/Dst1::11
13014.4,/Src2,RECV,/Dst1::11
13272,/Src2,PUB,/Src2::11
13283.1,/Rtr1,RECV,/Src2::11
13293.1,/Src1,RECV,/Src2::11
13293.8,/Rtr2,RECV,/Src2::11
13303.9,/Dst1,RECV,/Src2::11
13303.9,/Dst2,RECV,/Src2::11
13501,/Rtr2,PUB,/Rtr2::12
13512.1,/Dst1,RECV,/Rtr2::12
13512.1,/Dst2,RECV,/Rtr2::12
13512.7,/Rtr1,RECV,/Rtr2::12
13522.8,/Src1,RECV,/Rtr2::12
13522.8,/Src2,RECV,/Rtr2::12
13540,/Rtr1,PUB,/Rtr1::11
13551.1,/Src1,RECV,/Rtr1::11
13551.1,/Src2,RECV,/Rtr1::11
13551.7,/Rtr2,RECV,/Rtr1::11
13561.8,/Dst1,RECV,/Rtr1::11
13561.8,/Dst2,RECV,/Rtr1::11
14173,/Dst2,PUB,/Dst2::12
14184.1,/Rtr2,RECV,/Dst2::12
14194.2,/Dst1,RECV,/Dst2::12
14195.3,/Rtr1,RECV,/Dst2::12
14205.4,/Src1,RECV,/Dst2::12
14205.4,/Src2,RECV,/Dst2::12
14228,/Dst1,PUB,/Dst1::12
14239.1,/Rtr2,RECV,/Dst1::12
14249.2,/Dst2,RECV,/Dst1::12
14250.3,/Rtr1,RECV,/Dst1::12
14260.4,/Src1,RECV,/Dst1::12
14260.4,/Src2,RECV,/Dst1::12
14380,/Src2,PUB,/Src2::12
14391.1,/Rtr1,RECV,/Src2::12
14401.1,/Src1,RECV,/Src2::12
14401.8,/Rtr2,RECV,/Src2::12
14411.9,/Dst1,RECV,/Src2::12
14411.9,/Dst2,RECV,/Src2::12
14488,/Src1,PUB,/Src1::10
14499.1,/Rtr1,RECV,/Src1::10
14509.1,/Src2,RECV,/Src1::10
14509.8,/Rtr2,RECV,/Src1::10
14519.9,/Dst1,RECV,/Src1::10
14519.9,/Dst2,RECV,/Src1::10
14623,/Rtr1,PUB,/Rtr1::12
14634.1,/Src1,RECV,/Rtr1::12
14634.1,/Src2,RECV,/Rtr1::12
14634.7,/Rtr2,RECV,/Rtr1::12
14644.8,/Dst1,RECV,/Rtr1::12
14644.8,/Dst2,RECV,/Rtr1::12
14768,/Rtr2,PUB,/Rtr2::13
14779.1,/Dst1,RECV,/Rtr2::13
14779.1,/Dst2,RECV,/Rtr2::13
14779.7,/Rtr1,RECV,/Rtr2::13
14789.8,/Src1,RECV,/Rtr2::13
14789.8,/Src2,RECV,/Rtr2::13
15171,/Dst2,PUB,/Dst2::13
15182.1,/Rtr2,RECV,/Dst2::13
15192.2,/Dst1,RECV,/Dst2::13
15193.3,/Rtr1,RECV,/Dst2::13
15203.4,/Src1,RECV,/Dst2::13
15203.4,/Src2,RECV,/Dst2::13
15534,/Src1,PUB,/Src1::11
15545.1,/Rtr1,RECV,/Src1::11
15552,/Src2,PUB,/Src2::13
15555.1,/Src2,RECV,/Src1::11
15555.8,/Rtr2,RECV,/Src1::11
15563.1,/Rtr1,RECV,/Src2::13
15565.9,/Dst1,RECV,/Src1::11
15565.9,/Dst2,RECV,/Src1::11
15573.1,/Src1,RECV,/Src2::13
15573.8,/Rtr2,RECV,/Src2::13
15583.9,/Dst1,RECV,/Src2::13
15583.9,/Dst2,RECV,/Src2::13
15737,/Rtr1,PUB,/Rtr1::13
15748.1,/Src1,RECV,/Rtr1::13
15748.1,/Src2,RECV,/Rtr1::13
15748.7,/Rtr2,RECV,/Rtr1::13
15758.8,/Dst1,RECV,/Rtr1::13
15758.8,/Dst2,RECV,/Rtr1::13
15827,/Dst1,PUB,/Dst1::13
15838.1,/Rtr2,RECV,/Dst1::13
15848.2,/Dst2,RECV,/Dst1::13
15849.3,/Rtr1,RECV,/Dst1::13
15858,/Rtr2,PUB,/Rtr2::14
15859.4,/Src1,RECV,/Dst1::13
15859.4,/Src2,RECV,/Dst1::13
15869.1,/Dst1,RECV,/Rtr2::14
15869.1,/Dst2,RECV,/Rtr2::14
15869.7,/Rtr1,RECV,/Rtr2::14
15879.8,/Src1,RECV,/Rtr2::14
15879.8,/Src2,RECV,/Rtr2::14
16596,/Dst2,PUB,/Dst2::14
16607.1,/Rtr2,RECV,/Dst2::14
16617.2,/Dst1,RECV,/Dst2::14
16618.3,/Rtr1,RECV,/Dst2::14
16628.4,/Src1,RECV,/Dst2::14
16628.4,/Src2,RECV,/Dst2::14
16721,/Src2,PUB,/Src2::14
16732.1,/Rtr1,RECV,/Src2::14
16742.1,/Src1,RECV,/Src2::14
16742.8,/Rtr2,RECV,/Src2::14
16752.9,/Dst1,RECV,/Src2::14
16752.9,/Dst2,RECV,/Src2::14
16762,/Src1,PUB,/Src1::12
16773.1,/Rtr1,RECV,/Src1::12
16783.1,/Src2,RECV,/Src1::12
16783.8,/Rtr2,RECV,/Src1::12
16793.9,/Dst1,RECV,/Src1::12
16793.9,/Dst2,RECV,/Src1::12
16835,/Rtr2,PUB,/Rtr2::15
16846.1,/Dst1,RECV,/Rtr2::15
16846.1,/Dst2,RECV,/Rtr2::15
16846.7,/Rtr1,RECV,/Rtr2::15
16856.8,/Src1,RECV,/Rtr2::15
16856.8,/Src2,RECV,/Rtr2::15
16974,/Dst1,PUB,/Dst1::14
16985.1,/Rtr2,RECV,/Dst1::14
16995.2,/Dst2,RECV,/Dst1::14
16996.3,/Rtr1,RECV,/Dst1::14
17006.4,/Src1,RECV,/Dst1::14
17006.4,/Src2,RECV,/Dst1::14
17203,/Rtr1,PUB,/Rtr1::14
17214.1,/Src1,RECV,/Rtr1::14
17214.1,/Src2,RECV,/Rtr1::14
17214.7,/Rtr2,RECV,/Rtr1::14
17224.8,/Dst1,RECV,/Rtr1::14
17224.8,/Dst2,RECV,/Rtr1::14
17944,/Src1,PUB,/Src1::13
17955.1,/Rtr1,RECV,/Src1::13
17965.1,/Src2,RECV,/Src1::13
17965.8,/Rtr2,RECV,/Src1::13
17975.9,/Dst1,RECV,/Src1::13
17975.9,/Dst2,RECV,/Src1::13
18094,/Src2,PUB,/Src2::15
18105.1,/Rtr1,RECV,/Src2::15
18115.1,/Src1,RECV,/Src2::15
18115.8,/Rtr2,RECV,/Src2::15
18125.9,/Dst1,RECV,/Src2::15
18125.9,/Dst2,RECV,/Src2::15
18213,/Dst2,PUB,/Dst2::15
18224.1,/Rtr2,RECV,/Dst2::15
18234.2,/Dst1,RECV,/Dst2::15
18235.3,/Rtr1,RECV,/Dst2::15
18245.4,/Src1,RECV,/Dst2::15
18245.4,/Src2,RECV,/Dst2::15
18369,/Rtr2,PUB,/Rtr2::16
18380.1,/Dst1,RECV,/Rtr2::16
18380.1,/Dst2,RECV,/Rtr2::16
18380.7,/Rtr1,RECV,/Rtr2::16
18390.8,/Src1,RECV,/Rtr2::16
18390.8,/Src2,RECV,/Rtr2::16
18510,/Rtr1,PUB,/Rtr1::15
18521.1,/Src1,RECV,/Rtr1::15
18521.1,/Src2,RECV,/Rtr1::15
18521.7,/Rtr2,RECV,/Rtr1::15
18531.8,/Dst1,RECV,/Rtr1::15
18531.8,/Dst2,RECV,/Rtr1::15
18573,/Dst1,PUB,/Dst1::15
18584.1,/Rtr2,RECV,/Dst1::15
18594.2,/Dst2,RECV,/Dst1::15
18595.3,/Rtr1,RECV,/Dst1::15
18605.4,/Src1,RECV,/Dst1::15
18605.4,/Src2,RECV,/Dst1::15
19224,/Src1,PUB,/Src1::14
19235.1,/Rtr1,RECV,/Src1::14
19245.1,/Src2,RECV,/Src1::14
19245.8,/Rtr2,RECV,/Src1::14
19255.9,/Dst1,RECV,/Src1::14
19255.9,/Dst2,RECV,/Src1::14
19313,/Dst2,PUB,/Dst2::16
19324.1,/Rtr2,RECV,/Dst2::16
19334.2,/Dst1,RECV,/Dst2::16
19335.3,/Rtr1,RECV,/Dst2::16
19345.4,/Src1,RECV,/Dst2::16
19345.4,/Src2,RECV,/Dst2::16
19411,/Src2,PUB,/Src2::16
19422.1,/Rtr1,RECV,/Src2::16
19432.1,/Src1,RECV,/Src2::16
19432.8,/Rtr2,RECV,/Src2::16
19442.9,/Dst1,RECV,/Src2::16
19442.9,/Dst2,RECV,/Src2::16
19637,/Rtr2,PUB,/Rtr2::17
19648.1,/Dst1,RECV,/Rtr2::17
19648.1,/Dst2,RECV,/Rtr2::17
19648.7,/Rtr1,RECV,/Rtr2::17
19658.8,/Src1,RECV,/Rtr2::17
19658.8,/Src2,RECV,/Rtr2::17
19716,/Rtr1,PUB,/Rtr1::16
19727.1,/Src1,RECV,/Rtr1::16
19727.1,/Src2,RECV,/Rtr1::16
19727.7,/Rtr2,RECV,/Rtr1::16
19737.8,/Dst1,RECV,/Rtr1::16
19737.8,/Dst2,RECV,/Rtr1::16
19842,/Dst1,PUB,/Dst1::16
19853.1,/Rtr2,RECV,/Dst1::16
19863.2,/Dst2,RECV,/Dst1::16
19864.3,/Rtr1,RECV,/Dst1::16
19874.4,/Src1,RECV,/Dst1::16
19874.4,/Src2,RECV,/Dst1::16
SYNC_PACK=196
SYNC_BYTE=13199
