0,/participant2,PUB,/participant2::1
0,/participant3,PUB,/participant3::1
0,/participant4,PUB,/participant4::1
0,/participant5,PUB,/participant5::1
0,/participant6,PUB,/participant6::1
110.048,/participant3,RECV,/participant2::1
110.048,/participant2,RECV,/participant3::1
110.048,/participant5,RECV,/participant4::1
110.048,/participant6,RECV,/participant4::1
110.048,/participant4,RECV,/participant5::1
110.048,/participant4,RECV,/participant6::1
110.48,/participant4,RECV,/participant3::1
110.48,/participant3,RECV,/participant4::1
120.096,/participant6,RECV,/participant5::1
120.096,/participant5,RECV,/participant6::1
120.528,/participant4,RECV,/participant2::1
120.528,/participant3,RECV,/participant5::1
120.528,/participant5,RECV,/participant3::1
120.528,/participant6,RECV,/participant3::1
120.528,/participant2,RECV,/participant4::1
121.008,/participant3,RECV,/participant6::1
130.576,/participant5,RECV,/participant2::1
130.576,/participant6,RECV,/participant2::1
130.576,/participant2,RECV,/participant5::1
131.056,/participant2,RECV,/participant6::1
802,/participant4,PUB,/participant4::2
813.098,/participant5,RECV,/participant4::2
813.098,/participant6,RECV,/participant4::2
813.984,/participant3,RECV,/participant4::2
824.082,/participant2,RECV,/participant4::2
846,/participant3,PUB,/participant3::2
857.098,/participant2,RECV,/participant3::2
857.984,/participant4,RECV,/participant3::2
868.082,/participant5,RECV,/participant3::2
868.082,/participant6,RECV,/participant3::2
869,/participant2,PUB,/participant2::2
880.146,/participant3,RECV,/participant2::2
891.562,/participant4,RECV,/participant2::2
901.61,/participant5,RECV,/participant2::2
901.61,/participant6,RECV,/participant2::2
925,/participant6,PUB,/participant6::2
936.098,/participant4,RECV,/participant6::2
946.197,/participant5,RECV,/participant6::2
947.082,/participant3,RECV,/participant6::2
955,/participant5,PUB,/participant5::2
957.181,/participant2,RECV,/participant6::2
966.098,/participant4,RECV,/participant5::2
976.197,/participant6,RECV,/participant5::2
977.082,/participant3,RECV,/participant5::2
987.181,/participant2,RECV,/participant5::2
1616,/participant3,PUB,/participant3::3
1627.1,/participant2,RECV,/participant3::3
1627.98,/participant4,RECV,/participant3::3
1638.08,/participant5,RECV,/participant3::3
1638.08,/participant6,RECV,/participant3::3
1783,/participant5,PUB,/participant5::3
1794.1,/participant4,RECV,/participant5::3
1804.2,/participant6,RECV,/participant5::3
1805.08,/participant3,RECV,/participant5::3
1815.18,/participant2,RECV,/participant5::3
1960,/participant4,PUB,/participant4::3
1971.1,/participant5,RECV,/participant4::3
1971.1,/participant6,RECV,/participant4::3
1971.98,/participant3,RECV,/participant4::3
1982.08,/participant2,RECV,/participant4::3
2013,/participant6,PUB,/participant6::3
2024.1,/participant4,RECV,/participant6::3
2034.2,/participant5,RECV,/participant6::3
2035.08,/participant3,RECV,/participant6::3
2045.18,/participant2,RECV,/participant6::3
2062,/participant2,PUB,/participant2::3
2073.15,/participant3,RECV,/participant2::3
2084.56,/participant4,RECV,/participant2::3
2094.61,/participant5,RECV,/participant2::3
2094.61,/participant6,RECV,/participant2::3
2630,/participant3,PUB,/participant3::4
2641.1,/participant2,RECV,/participant3::4
2641.98,/participant4,RECV,/participant3::4
2652.08,/participant5,RECV,/participant3::4
2652.08,/participant6,RECV,/participant3::4
2937,/participant6,PUB,/participant6::4
2943,/participant5,PUB,/participant5::4
2948.1,/participant4,RECV,/participant6::4
2953,/participant2,PUB,/participant2::4
2954.1,/participant4,RECV,/participant5::4
2958.2,/participant5,RECV,/participant6::4
2959.08,/participant3,RECV,/participant6::4
2964.15,/participant3,RECV,/participant2::4
2964.2,/participant6,RECV,/participant5::4
2965.08,/participant3,RECV,/participant5::4
2969.18,/participant2,RECV,/participant6::4
2975.18,/participant2,RECV,/participant5::4
2975.56,/participant4,RECV,/participant2::4
2985.61,/participant5,RECV,/participant2::4
2985.61,/participant6,RECV,/participant2::4
3000,/participant1,PUB,/participant1::1
3110.05,/participant3,RECV,/participant1::1
3120.1,/participant2,RECV,/participant1::1
3120.53,/participant4,RECV,/participant1::1
3130.58,/participant5,RECV,/participant1::1
3130.58,/participant6,RECV,/participant1::1
3165,/participant4,PUB,/participant4::4
3176.1,/participant5,RECV,/participant4::4
3176.1,/participant6,RECV,/participant4::4
3176.98,/participant3,RECV,/participant4::4
3187.08,/participant2,RECV,/participant4::4
3187.08,/participant1,RECV,/participant3::1
3187.08,/participant1,RECV,/participant3::2
3187.08,/participant1,RECV,/participant3::3
3187.08,/participant1,RECV,/participant3::4
3187.08,/participant1,RECV,/participant4::1
3187.08,/participant1,RECV,/participant4::2
3187.08,/participant1,RECV,/participant4::3
3187.08,/participant1,RECV,/participant4::4
3187.08,/participant1,RECV,/participant5::1
3187.08,/participant1,RECV,/participant5::2
3187.08,/participant1,RECV,/participant5::3
3187.08,/participant1,RECV,/participant5::4
3187.08,/participant1,RECV,/participant6::1
3187.08,/participant1,RECV,/participant6::2
3187.08,/participant1,RECV,/participant6::3
3187.08,/participant1,RECV,/participant6::4
3187.7,/participant1,RECV,/participant2::1
3187.7,/participant1,RECV,/participant2::2
3187.7,/participant1,RECV,/participant2::3
3187.7,/participant1,RECV,/participant2::4
3746,/participant3,PUB,/participant3::5
3757.1,/participant2,RECV,/participant3::5
3757.1,/participant1,RECV,/participant3::5
3757.98,/participant4,RECV,/participant3::5
3768.08,/participant5,RECV,/participant3::5
3768.08,/participant6,RECV,/participant3::5
3985,/participant5,PUB,/participant5::5
3996.1,/participant4,RECV,/participant5::5
4006.2,/participant6,RECV,/participant5::5
4007.08,/participant3,RECV,/participant5::5
4017.18,/participant2,RECV,/participant5::5
4017.18,/participant1,RECV,/participant5::5
4066,/participant6,PUB,/participant6::5
4077.1,/participant4,RECV,/participant6::5
4087.2,/participant5,RECV,/participant6::5
4088.08,/participant3,RECV,/participant6::5
4098.18,/participant2,RECV,/participant6::5
4098.18,/participant1,RECV,/participant6::5
4128,/participant2,PUB,/participant2::5
4139.16,/participant3,RECV,/participant2::5
4149.26,/participant1,RECV,/participant2::5
4150.73,/participant4,RECV,/participant2::5
4160.8,/participant5,RECV,/participant2::5
4160.8,/participant6,RECV,/participant2::5
4218,/participant1,PUB,/participant1::2
4229.16,/participant3,RECV,/participant1::2
4239.26,/participant2,RECV,/participant1::2
4240.73,/participant4,RECV,/participant1::2
4250.8,/participant5,RECV,/participant1::2
4250.8,/participant6,RECV,/participant1::2
4386,/participant4,PUB,/participant4::5
4397.1,/participant5,RECV,/participant4::5
4397.1,/participant6,RECV,/participant4::5
4397.98,/participant3,RECV,/participant4::5
4408.08,/participant2,RECV,/participant4::5
4408.08,/participant1,RECV,/participant4::5
4918,/participant3,PUB,/participant3::6
4929.1,/participant2,RECV,/participant3::6
4929.1,/participant1,RECV,/participant3::6
4929.98,/participant4,RECV,/participant3::6
4940.08,/participant5,RECV,/participant3::6
4940.08,/participant6,RECV,/participant3::6
5067,/participant2,PUB,/participant2::6
5078.16,/participant3,RECV,/participant2::6
5088.26,/participant1,RECV,/participant2::6
5089.73,/participant4,RECV,/participant2::6
5099.8,/participant5,RECV,/participant2::6
5099.8,/participant6,RECV,/participant2::6
5132,/participant1,PUB,/participant1::3
5136,/participant5,PUB,/participant5::6
5143.16,/participant3,RECV,/participant1::3
5147.1,/participant4,RECV,/participant5::6
5153.26,/participant2,RECV,/participant1::3
5154.73,/participant4,RECV,/participant1::3
5157.2,/participant6,RECV,/participant5::6
5158.08,/participant3,RECV,/participant5::6
5164.8,/participant5,RECV,/participant1::3
5164.8,/participant6,RECV,/participant1::3
5168.18,/participant2,RECV,/participant5::6
5168.18,/participant1,RECV,/participant5::6
5198,/participant6,PUB,/participant6::6
5209.1,/participant4,RECV,/participant6::6
5219.2,/participant5,RECV,/participant6::6
5220.08,/participant3,RECV,/participant6::6
5230.18,/participant2,RECV,/participant6::6
5230.18,/participant1,RECV,/participant6::6
5633,/participant4,PUB,/participant4::6
5644.1,/participant5,RECV,/participant4::6
5644.1,/participant6,RECV,/participant4::6
5644.98,/participant3,RECV,/participant4::6
5655.08,/participant2,RECV,/participant4::6
5655.08,/participant1,RECV,/participant4::6
5697,/participant3,PUB,/participant3::7
5708.1,/participant2,RECV,/participant3::7
5708.1,/participant1,RECV,/participant3::7
5708.98,/participant4,RECV,/participant3::7
5719.08,/participant5,RECV,/participant3::7
5719.08,/participant6,RECV,/participant3::7
5893,/participant2,PUB,/participant2::7
5904.16,/participant3,RECV,/participant2::7
5914.26,/participant1,RECV,/participant2::7
5915.73,/participant4,RECV,/participant2::7
5925.8,/participant5,RECV,/participant2::7
5925.8,/participant6,RECV,/participant2::7
5944,/participant5,PUB,/participant5::7
5955.1,/participant4,RECV,/participant5::7
5965.2,/participant6,RECV,/participant5::7
5966.08,/participant3,RECV,/participant5::7
5976.18,/participant2,RECV,/participant5::7
5976.18,/participant1,RECV,/participant5::7
6070,/participant6,PUB,/participant6::7
6081.1,/participant4,RECV,/participant6::7
6091.2,/participant5,RECV,/participant6::7
6092.08,/participant3,RECV,/participant6::7
6102,/participant1,PUB,/participant1::4
6102.18,/participant2,RECV,/participant6::7
6102.18,/participant1,RECV,/participant6::7
6113.16,/participant3,RECV,/participant1::4
6123.26,/participant2,RECV,/participant1::4
6124.73,/participant4,RECV,/participant1::4
6134.8,/participant5,RECV,/participant1::4
6134.8,/participant6,RECV,/participant1::4
6594,/participant4,PUB,/participant4::7
6605.1,/participant5,RECV,/participant4::7
6605.1,/participant6,RECV,/participant4::7
6605.98,/participant3,RECV,/participant4::7
6616.08,/participant2,RECV,/participant4::7
6616.08,/participant1,RECV,/participant4::7
6633,/participant3,PUB,/participant3::8
6644.1,/participant2,RECV,/participant3::8
6644.1,/participant1,RECV,/participant3::8
6644.98,/participant4,RECV,/participant3::8
6655.08,/participant5,RECV,/participant3::8
6655.08,/participant6,RECV,/participant3::8
6762,/participant5,PUB,/participant5::8
6773.1,/participant4,RECV,/participant5::8
6783.2,/participant6,RECV,/participant5::8
6784.08,/participant3,RECV,/participant5::8
6794.18,/participant2,RECV,/participant5::8
6794.18,/participant1,RECV,/participant5::8
6868,/participant2,PUB,/participant2::8
6879.16,/participant3,RECV,/participant2::8
6889.26,/participant1,RECV,/participant2::8
6890.73,/participant4,RECV,/participant2::8
6900.8,/participant5,RECV,/participant2::8
6900.8,/participant6,RECV,/participant2::8
6912,/participant1,PUB,/participant1::5
6923.16,/participant3,RECV,/participant1::5
6933.26,/participant2,RECV,/participant1::5
6934.73,/participant4,RECV,/participant1::5
6944.8,/participant5,RECV,/participant1::5
6944.8,/participant6,RECV,/participant1::5
7051,/participant6,PUB,/participant6::8
7062.1,/participant4,RECV,/participant6::8
7072.2,/participant5,RECV,/participant6::8
7073.08,/participant3,RECV,/participant6::8
7083.18,/participant2,RECV,/participant6::8
7083.18,/participant1,RECV,/participant6::8
7449,/participant3,PUB,/participant3::9
7460.1,/participant2,RECV,/participant3::9
7460.1,/participant1,RECV,/participant3::9
7460.98,/participant4,RECV,/participant3::9
7471.08,/participant5,RECV,/participant3::9
7471.08,/participant6,RECV,/participant3::9
7600,/participant4,PUB,/participant4::8
7611.1,/participant5,RECV,/participant4::8
7611.1,/participant6,RECV,/participant4::8
7611.98,/participant3,RECV,/participant4::8
7622.08,/participant2,RECV,/participant4::8
7622.08,/participant1,RECV,/participant4::8
7721,/participant1,PUB,/participant1::6
7732.16,/participant3,RECV,/participant1::6
7742.26,/participant2,RECV,/participant1::6
7743.73,/participant4,RECV,/participant1::6
7753.8,/participant5,RECV,/participant1::6
7753.8,/participant6,RECV,/participant1::6
7867,/participant6,PUB,/participant6::9
7878.1,/participant4,RECV,/participant6::9
7888.2,/participant5,RECV,/participant6::9
7889.08,/participant3,RECV,/participant6::9
7899.18,/participant2,RECV,/participant6::9
7899.18,/participant1,RECV,/participant6::9
7913,/participant5,PUB,/participant5::9
7924.1,/participant4,RECV,/participant5::9
7934.2,/participant6,RECV,/participant5::9
7935.08,/participant3,RECV,/participant5::9
7945.18,/participant2,RECV,/participant5::9
7945.18,/participant1,RECV,/participant5::9
8023,/participant2,PUB,/participant2::9
8034.16,/participant3,RECV,/participant2::9
8044.26,/participant1,RECV,/participant2::9
8045.73,/participant4,RECV,/participant2::9
8055.8,/participant5,RECV,/participant2::9
8055.8,/participant6,RECV,/participant2::9
8358,/participant3,PUB,/participant3::10
8369.1,/participant2,RECV,/participant3::10
8369.1,/participant1,RECV,/participant3::10
8369.98,/participant4,RECV,/participant3::10
8380.08,/participant5,RECV,/participant3::10
8380.08,/participant6,RECV,/participant3::10
8474,/participant1,PUB,/participant1::7
8485.16,/participant3,RECV,/participant1::7
8495.26,/participant2,RECV,/participant1::7
8496.73,/participant4,RECV,/participant1::7
8506.8,/participant5,RECV,/participant1::7
8506.8,/participant6,RECV,/participant1::7
8799,/participant4,PUB,/participant4::9
8810.1,/participant5,RECV,/participant4::9
8810.1,/participant6,RECV,/participant4::9
8810.98,/participant3,RECV,/participant4::9
8821.08,/participant2,RECV,/participant4::9
8821.08,/participant1,RECV,/participant4::9
8823,/participant2,PUB,/participant2::10
8834.16,/participant3,RECV,/participant2::10
8844.26,/participant1,RECV,/participant2::10
8845.73,/participant4,RECV,/participant2::10
8855.8,/participant5,RECV,/participant2::10
8855.8,/participant6,RECV,/participant2::10
8920,/participant6,PUB,/participant6::10
8931.1,/participant4,RECV,/participant6::10
8941.2,/participant5,RECV,/participant6::10
8942.08,/participant3,RECV,/participant6::10
8952.18,/participant2,RECV,/participant6::10
8952.18,/participant1,RECV,/participant6::10
9120,/participant5,PUB,/participant5::10
9131.1,/participant4,RECV,/participant5::10
9141.2,/participant6,RECV,/participant5::10
9142.08,/participant3,RECV,/participant5::10
9152.18,/participant2,RECV,/participant5::10
9152.18,/participant1,RECV,/participant5::10
9253,/participant3,PUB,/participant3::11
9264.1,/participant2,RECV,/participant3::11
9264.1,/participant1,RECV,/participant3::11
9264.98,/participant4,RECV,/participant3::11
9275.08,/participant5,RECV,/participant3::11
9275.08,/participant6,RECV,/participant3::11
9542,/participant1,PUB,/participant1::8
9553.16,/participant3,RECV,/participant1::8
9563.26,/participant2,RECV,/participant1::8
9564.73,/participant4,RECV,/participant1::8
9574.8,/participant5,RECV,/participant1::8
9574.8,/participant6,RECV,/participant1::8
9814,/participant2,PUB,/participant2::11
9825.16,/participant3,RECV,/participant2::11
9835.26,/participant1,RECV,/participant2::11
9836.73,/participant4,RECV,/participant2::11
9846.8,/participant5,RECV,/participant2::11
9846.8,/participant6,RECV,/participant2::11
9973,/participant4,PUB,/participant4::10
9984.1,/participant5,RECV,/participant4::10
9984.1,/participant6,RECV,/participant4::10
9984.98,/participant3,RECV,/participant4::10
9995.08,/participant2,RECV,/participant4::10
9995.08,/participant1,RECV,/participant4::10
10118,/participant6,PUB,/participant6::11
10129.1,/participant4,RECV,/participant6::11
10139.2,/participant5,RECV,/participant6::11
10140.1,/participant3,RECV,/participant6::11
10150.2,/participant2,RECV,/participant6::11
10150.2,/participant1,RECV,/participant6::11
10211,/participant5,PUB,/participant5::11
10222.1,/participant4,RECV,/participant5::11
10232.2,/participant6,RECV,/participant5::11
10233.1,/participant3,RECV,/participant5::11
10243.2,/participant2,RECV,/participant5::11
10243.2,/participant1,RECV,/participant5::11
10417,/participant3,PUB,/participant3::12
10428.1,/participant2,RECV,/participant3::12
10428.1,/participant1,RECV,/participant3::12
10429,/participant4,RECV,/participant3::12
10439.1,/participant5,RECV,/participant3::12
10439.1,/participant6,RECV,/participant3::12
10567,/participant1,PUB,/participant1::9
10578.2,/participant3,RECV,/participant1::9
10588.3,/participant2,RECV,/participant1::9
10589.7,/participant4,RECV,/participant1::9
10599.8,/participant5,RECV,/participant1::9
10599.8,/participant6,RECV,/participant1::9
10616,/participant2,PUB,/participant2::12
10627.2,/participant3,RECV,/participant2::12
10637.3,/participant1,RECV,/participant2::12
10638.7,/participant4,RECV,/participant2::12
10648.8,/participant5,RECV,/participant2::12
10648.8,/participant6,RECV,/participant2::12
10872,/participant6,PUB,/participant6::12
10883.1,/participant4,RECV,/participant6::12
10893.2,/participant5,RECV,/participant6::12
10894.1,/participant3,RECV,/participant6::12
10904.2,/participant2,RECV,/participant6::12
10904.2,/participant1,RECV,/participant6::12
10969,/participant5,PUB,/participant5::12
10980.1,/participant4,RECV,/participant5::12
10990.2,/participant6,RECV,/participant5::12
10991,/participant4,PUB,/participant4::11
10991.1,/participant3,RECV,/participant5::12
11001.2,/participant2,RECV,/participant5::12
11001.2,/participant1,RECV,/participant5::12
11002.1,/participant5,RECV,/participant4::11
11002.1,/participant6,RECV,/participant4::11
11003,/participant3,RECV,/participant4::11
11013.1,/participant2,RECV,/participant4::11
11013.1,/participant1,RECV,/participant4::11
11536,/participant2,PUB,/participant2::13
11547.2,/participant3,RECV,/participant2::13
11557,/participant3,PUB,/participant3::13
11557.3,/participant1,RECV,/participant2::13
11558.7,/participant4,RECV,/participant2::13
11568.1,/participant2,RECV,/participant3::13
11568.1,/participant1,RECV,/participant3::13
11568.8,/participant5,RECV,/participant2::13
11568.8,/participant6,RECV,/participant2::13
11569,/participant4,RECV,/participant3::13
11579.1,/participant5,RECV,/participant3::13
11579.1,/participant6,RECV,/participant3::13
11687,/participant1,PUB,/participant1::10
11698.2,/participant3,RECV,/participant1::10
11708.3,/participant2,RECV,/participant1::10
11709.7,/participant4,RECV,/participant1::10
11719.8,/participant5,RECV,/participant1::10
11719.8,/participant6,RECV,/participant1::10
12022,/participant5,PUB,/participant5::13
12033.1,/participant4,RECV,/participant5::13
12043.2,/participant6,RECV,/participant5::13
12044.1,/participant3,RECV,/participant5::13
12054.2,/participant2,RECV,/participant5::13
12054.2,/participant1,RECV,/participant5::13
12080,/participant6,PUB,/participant6::13
12091.1,/participant4,RECV,/participant6::13
12101.2,/participant5,RECV,/participant6::13
12102.1,/participant3,RECV,/participant6::13
12112.2,/participant2,RECV,/participant6::13
12112.2,/participant1,RECV,/participant6::13
12170,/participant4,PUB,/participant4::12
12181.1,/participant5,RECV,/participant4::12
12181.1,/participant6,RECV,/participant4::12
12182,/participant3,RECV,/participant4::12
12192.1,/participant2,RECV,/participant4::12
12192.1,/participant1,RECV,/participant4::12
12440,/participant1,PUB,/participant1::11
12451.2,/participant3,RECV,/participant1::11
12461.3,/participant2,RECV,/participant1::11
12462.7,/participant4,RECV,/participant1::11
12472.8,/participant5,RECV,/participant1::11
12472.8,/participant6,RECV,/participant1::11
12535,/participant3,PUB,/participant3::14
12546.1,/participant2,RECV,/participant3::14
12546.1,/participant1,RECV,/participant3::14
12547,/participant4,RECV,/participant3::14
12557.1,/participant5,RECV,/participant3::14
12557.1,/participant6,RECV,/participant3::14
12636,/participant2,PUB,/participant2::14
12647.2,/participant3,RECV,/participant2::14
12657.3,/participant1,RECV,/participant2::14
12658.7,/participant4,RECV,/participant2::14
12668.8,/participant5,RECV,/participant2::14
12668.8,/participant6,RECV,/participant2::14
12832,/participant6,PUB,/participant6::14
12843.1,/participant4,RECV,/participant6::14
12853.2,/participant5,RECV,/participant6::14
12854.1,/participant3,RECV,/participant6::14
12864.2,/participant2,RECV,/participant6::14
12864.2,/participant1,RECV,/participant6::14
13168,/participant4,PUB,/participant4::13
13179,/participant5,PUB,/participant5::14
13179.1,/participant5,RECV,/participant4::13
13179.1,/participant6,RECV,/participant4::13
13180,/participant3,RECV,/participant4::13
13190.1,/participant2,RECV,/participant4::13
13190.1,/participant1,RECV,/participant4::13
13190.1,/participant4,RECV,/participant5::14
13200.2,/participant6,RECV,/participant5::14
13201.1,/participant3,RECV,/participant5::14
13211.2,/participant2,RECV,/participant5::14
13211.2,/participant1,RECV,/participant5::14
13470,/participant2,PUB,/participant2::15
13481.2,/participant3,RECV,/participant2::15
13491.3,/participant1,RECV,/participant2::15
13492.7,/participant4,RECV,/participant2::15
13502.8,/participant5,RECV,/participant2::15
13502.8,/participant6,RECV,/participant2::15
13552,/participant3,PUB,/participant3::15
13563.1,/participant2,RECV,/participant3::15
13563.1,/participant1,RECV,/participant3::15
13564,/participant4,RECV,/participant3::15
13574.1,/participant5,RECV,/participant3::15
13574.1,/participant6,RECV,/participant3::15
13620,/participant1,PUB,/participant1::12
13631.2,/participant3,RECV,/participant1::12
13641.3,/participant2,RECV,/participant1::12
13642.7,/participant4,RECV,/participant1::12
13652.8,/participant5,RECV,/participant1::12
13652.8,/participant6,RECV,/participant1::12
13670,/participant6,PUB,/participant6::15
13681.1,/participant4,RECV,/participant6::15
13691.2,/participant5,RECV,/participant6::15
13692.1,/participant3,RECV,/participant6::15
13702.2,/participant2,RECV,/participant6::15
13702.2,/participant1,RECV,/participant6::15
14040,/participant5,PUB,/participant5::15
14051.1,/participant4,RECV,/participant5::15
14061.2,/participant6,RECV,/participant5::15
14062.1,/participant3,RECV,/participant5::15
14072.2,/participant2,RECV,/participant5::15
14072.2,/participant1,RECV,/participant5::15
14317,/participant4,PUB,/participant4::14
14328.1,/participant5,RECV,/participant4::14
14328.1,/participant6,RECV,/participant4::14
14329,/participant3,RECV,/participant4::14
14339.1,/participant2,RECV,/participant4::14
14339.1,/participant1,RECV,/participant4::14
14482,/participant3,PUB,/participant3::16
14493.1,/participant2,RECV,/participant3::16
14493.1,/participant1,RECV,/participant3::16
14494,/participant4,RECV,/participant3::16
14504.1,/participant5,RECV,/participant3::16
14504.1,/participant6,RECV,/participant3::16
14521,/participant2,PUB,/participant2::16
14532.2,/participant3,RECV,/participant2::16
14542.3,/participant1,RECV,/participant2::16
14543.7,/participant4,RECV,/participant2::16
14553.8,/participant5,RECV,/participant2::16
14553.8,/participant6,RECV,/participant2::16
14590,/participant6,PUB,/participant6::16
14601.1,/participant4,RECV,/participant6::16
14611.2,/participant5,RECV,/participant6::16
14612.1,/participant3,RECV,/participant6::16
14622.2,/participant2,RECV,/participant6::16
14622.2,/participant1,RECV,/participant6::16
14656,/participant1,PUB,/participant1::13
14667.2,/participant3,RECV,/participant1::13
14677.3,/participant2,RECV,/participant1::13
14678.7,/participant4,RECV,/participant1::13
14688.8,/participant5,RECV,/participant1::13
14688.8,/participant6,RECV,/participant1::13
14919,/participant5,PUB,/participant5::16
14930.1,/participant4,RECV,/participant5::16
14940.2,/participant6,RECV,/participant5::16
14941.1,/participant3,RECV,/participant5::16
14951.2,/participant2,RECV,/participant5::16
14951.2,/participant1,RECV,/participant5::16
15334,/participant4,PUB,/participant4::15
15345.1,/participant5,RECV,/participant4::15
15345.1,/participant6,RECV,/participant4::15
15346,/participant3,RECV,/participant4::15
15356.1,/participant2,RECV,/participant4::15
15356.1,/participant1,RECV,/participant4::15
15592,/participant3,PUB,/participant3::17
15603.1,/participant2,RECV,/participant3::17
15603.1,/participant1,RECV,/participant3::17
15604,/participant4,RECV,/participant3::17
15614.1,/participant5,RECV,/participant3::17
15614.1,/participant6,RECV,/participant3::17
15684,/participant2,PUB,/participant2::17
15695.2,/participant3,RECV,/participant2::17
15699,/participant6,PUB,/participant6::17
15705.3,/participant1,RECV,/participant2::17
15706.7,/participant4,RECV,/participant2::17
15710.1,/participant4,RECV,/participant6::17
15716.8,/participant5,RECV,/participant2::17
15716.8,/participant6,RECV,/participant2::17
15720.2,/participant5,RECV,/participant6::17
15721.1,/participant3,RECV,/participant6::17
15731.2,/participant2,RECV,/participant6::17
15731.2,/participant1,RECV,/participant6::17
15882,/participant1,PUB,/participant1::14
15893.2,/participant3,RECV,/participant1::14
15903.3,/participant2,RECV,/participant1::14
15904.7,/participant4,RECV,/participant1::14
15914.8,/participant5,RECV,/participant1::14
15914.8,/participant6,RECV,/participant1::14
16028,/participant5,PUB,/participant5::17
16039.1,/participant4,RECV,/participant5::17
16049.2,/participant6,RECV,/participant5::17
16050.1,/participant3,RECV,/participant5::17
16060.2,/participant2,RECV,/participant5::17
16060.2,/participant1,RECV,/participant5::17
16137,/participant4,PUB,/participant4::16
16148.1,/participant5,RECV,/participant4::16
16148.1,/participant6,RECV,/participant4::16
16149,/participant3,RECV,/participant4::16
16159.1,/participant2,RECV,/participant4::16
16159.1,/participant1,RECV,/participant4::16
16605,/participant3,PUB,/participant3::18
16616.1,/participant2,RECV,/participant3::18
16616.1,/participant1,RECV,/participant3::18
16617,/participant4,RECV,/participant3::18
16627.1,/participant5,RECV,/participant3::18
16627.1,/participant6,RECV,/participant3::18
16749,/participant6,PUB,/participant6::18
16760.1,/participant4,RECV,/participant6::18
16770.2,/participant5,RECV,/participant6::18
16771.1,/participant3,RECV,/participant6::18
16781.2,/participant2,RECV,/participant6::18
16781.2,/participant1,RECV,/participant6::18
16820,/participant2,PUB,/participant2::18
16831.2,/participant3,RECV,/participant2::18
16841.3,/participant1,RECV,/participant2::18
16842.7,/participant4,RECV,/participant2::18
16852.8,/participant5,RECV,/participant2::18
16852.8,/participant6,RECV,/participant2::18
17038,/participant1,PUB,/participant1::15
17049.2,/participant3,RECV,/participant1::15
17059.3,/participant2,RECV,/participant1::15
17060.7,/participant4,RECV,/participant1::15
17070.8,/participant5,RECV,/participant1::15
17070.8,/participant6,RECV,/participant1::15
17189,/participant5,PUB,/participant5::18
17200.1,/participant4,RECV,/participant5::18
17210.2,/participant6,RECV,/participant5::18
17211.1,/participant3,RECV,/participant5::18
17221.2,/participant2,RECV,/participant5::18
17221.2,/participant1,RECV,/participant5::18
17265,/participant4,PUB,/participant4::17
17276.1,/participant5,RECV,/participant4::17
17276.1,/participant6,RECV,/participant4::17
17277,/participant3,RECV,/participant4::17
17287.1,/participant2,RECV,/participant4::17
17287.1,/participant1,RECV,/participant4::17
17557,/participant6,PUB,/participant6::19
17568.1,/participant4,RECV,/participant6::19
17578.2,/participant5,RECV,/participant6::19
17579.1,/participant3,RECV,/participant6::19
17589.2,/participant2,RECV,/participant6::19
17589.2,/participant1,RECV,/participant6::19
17592,/participant3,PUB,/participant3::19
17603.1,/participant2,RECV,/participant3::19
17603.1,/participant1,RECV,/participant3::19
17604,/participant4,RECV,/participant3::19
17614.1,/participant5,RECV,/participant3::19
17614.1,/participant6,RECV,/participant3::19
17928,/participant1,PUB,/participant1::16
17939.2,/participant3,RECV,/participant1::16
17949.3,/participant2,RECV,/participant1::16
17950.7,/participant4,RECV,/participant1::16
17960.8,/participant5,RECV,/participant1::16
17960.8,/participant6,RECV,/participant1::16
17965,/participant2,PUB,/participant2::19
17976.2,/participant3,RECV,/participant2::19
17986.3,/participant1,RECV,/participant2::19
17987.7,/participant4,RECV,/participant2::19
17997.8,/participant5,RECV,/participant2::19
17997.8,/participant6,RECV,/participant2::19
18137,/participant5,PUB,/participant5::19
18148.1,/participant4,RECV,/participant5::19
18158.2,/participant6,RECV,/participant5::19
18159.1,/participant3,RECV,/participant5::19
18169.2,/participant2,RECV,/participant5::19
18169.2,/participant1,RECV,/participant5::19
18317,/participant4,PUB,/participant4::18
18328.1,/participant5,RECV,/participant4::18
18328.1,/participant6,RECV,/participant4::18
18329,/participant3,RECV,/participant4::18
18339.1,/participant2,RECV,/participant4::18
18339.1,/participant1,RECV,/participant4::18
18673,/participant3,PUB,/participant3::20
18684.1,/participant2,RECV,/participant3::20
18684.1,/participant1,RECV,/participant3::20
18685,/participant4,RECV,/participant3::20
18695.1,/participant5,RECV,/participant3::20
18695.1,/participant6,RECV,/participant3::20
18713,/participant6,PUB,/participant6::20
18724.1,/participant4,RECV,/participant6::20
18734.2,/participant5,RECV,/participant6::20
18735.1,/participant3,RECV,/participant6::20
18745.2,/participant2,RECV,/participant6::20
18745.2,/participant1,RECV,/participant6::20
18869,/participant2,PUB,/participant2::20
18880.2,/participant3,RECV,/participant2::20
18890.3,/participant1,RECV,/participant2::20
18891.7,/participant4,RECV,/participant2::20
18901.8,/participant5,RECV,/participant2::20
18901.8,/participant6,RECV,/participant2::20
19035,/participant5,PUB,/participant5::20
19046.1,/participant4,RECV,/participant5::20
19056.2,/participant6,RECV,/participant5::20
19057.1,/participant3,RECV,/participant5::20
19067.2,/participant2,RECV,/participant5::20
19067.2,/participant1,RECV,/participant5::20
19074,/participant1,PUB,/participant1::17
19085.2,/participant3,RECV,/participant1::17
19095.3,/participant2,RECV,/participant1::17
19096.7,/participant4,RECV,/participant1::17
19106.8,/participant5,RECV,/participant1::17
19106.8,/participant6,RECV,/participant1::17
19355,/participant4,PUB,/participant4::19
19366.1,/participant5,RECV,/participant4::19
19366.1,/participant6,RECV,/participant4::19
19367,/participant3,RECV,/participant4::19
19377.1,/participant2,RECV,/participant4::19
19377.1,/participant1,RECV,/participant4::19
19545,/participant3,PUB,/participant3::21
19556.1,/participant2,RECV,/participant3::21
19556.1,/participant1,RECV,/participant3::21
19557,/participant4,RECV,/participant3::21
19567.1,/participant5,RECV,/participant3::21
19567.1,/participant6,RECV,/participant3::21
19801,/participant2,PUB,/participant2::21
19812.2,/participant3,RECV,/participant2::21
19822.3,/participant1,RECV,/participant2::21
19823.7,/participant4,RECV,/participant2::21
19833.8,/participant5,RECV,/participant2::21
19833.8,/participant6,RECV,/participant2::21
19892,/participant6,PUB,/participant6::21
19903.1,/participant4,RECV,/participant6::21
19913.2,/participant5,RECV,/participant6::21
19914.1,/participant3,RECV,/participant6::21
19924.2,/participant2,RECV,/participant6::21
19924.2,/participant1,RECV,/participant6::21
19937,/participant5,PUB,/participant5::21
19948.1,/participant4,RECV,/participant5::21
19958.2,/participant6,RECV,/participant5::21
19959.1,/participant3,RECV,/participant5::21
19969.2,/participant2,RECV,/participant5::21
19969.2,/participant1,RECV,/participant5::21
SYNC_PACK=240
SYNC_BYTE=21711
