0,/Src2,PUB,/Src2::1
0,/Rtr1,PUB,/Rtr1::1
0,/Rtr2,PUB,/Rtr2::1
0,/Dst1,PUB,/Dst1::1
0,/Dst2,PUB,/Dst2::1
110.042,/Rtr1,RECV,/Src2::1
110.042,/Src2,RECV,/Rtr1::1
110.042,/Dst1,RECV,/Rtr2::1
110.042,/Dst2,RECV,/Rtr2::1
110.042,/Rtr2,RECV,/Dst1::1
110.042,/Rtr2,RECV,/Dst2::1
110.416,/Rtr2,RECV,/Rtr1::1
110.416,/Rtr1,RECV,/Rtr2::1
120.083,/Dst2,RECV,/Dst1::1
120.083,/Dst1,RECV,/Dst2::1
120.458,/Rtr2,RECV,/Src2::1
120.458,/Rtr1,RECV,/Dst1::1
120.458,/Dst1,RECV,/Rtr1::1
120.458,/Dst2,RECV,/Rtr1::1
120.458,/Src2,RECV,/Rtr2::1
120.874,/Rtr1,RECV,/Dst2::1
130.499,/Dst1,RECV,/Src2::1
130.499,/Dst2,RECV,/Src2::1
130.499,/Src2,RECV,/Dst1::1
130.915,/Src2,RECV,/Dst2::1
772,/Dst2,PUB,/Dst2::2
783.073,/Rtr2,RECV,/Dst2::2
793.146,/Dst1,RECV,/Dst2::2
793.801,/Rtr1,RECV,/Dst2::2
803.874,/Src2,RECV,/Dst2::2
876,/Rtr2,PUB,/Rtr2::2
887.073,/Dst1,RECV,/Rtr2::2
887.073,/Dst2,RECV,/Rtr2::2
887.728,/Rtr1,RECV,/Rtr2::2
897.801,/Src2,RECV,/Rtr2::2
984,/Dst1,PUB,/Dst1::2
995.114,/Rtr2,RECV,/Dst1::2
997,/Rtr1,PUB,/Rtr1::2
1005.19,/Dst2,RECV,/Dst1::2
1006.22,/Rtr1,RECV,/Dst1::2
1008.07,/Src2,RECV,/Rtr1::2
1008.73,/Rtr2,RECV,/Rtr1::2
1016.26,/Src2,RECV,/Dst1::2
1018.8,/Dst1,RECV,/Rtr1::2
1018.8,/Dst2,RECV,/Rtr1::2
1083,/Src2,PUB,/Src2::2
1094.07,/Rtr1,RECV,/Src2::2
1104.8,/Rtr2,RECV,/Src2::2
1114.87,/Dst1,RECV,/Src2::2
1114.87,/Dst2,RECV,/Src2::2
1701,/Rtr2,PUB,/Rtr2::3
1712.07,/Dst1,RECV,/Rtr2::3
1712.07,/Dst2,RECV,/Rtr2::3
1712.73,/Rtr1,RECV,/Rtr2::3
1721,/Dst2,PUB,/Dst2::3
1722.8,/Src2,RECV,/Rtr2::3
1732.07,/Rtr2,RECV,/Dst2::3
1742.15,/Dst1,RECV,/Dst2::3
1742.8,/Rtr1,RECV,/Dst2::3
1752.87,/Src2,RECV,/Dst2::3
2019,/Dst1,PUB,/Dst1::3
2030.11,/Rtr2,RECV,/Dst1::3
2040.19,/Dst2,RECV,/Dst1::3
2041.22,/Rtr1,RECV,/Dst1::3
2051.26,/Src2,RECV,/Dst1::3
2184,/Src2,PUB,/Src2::3
2195.07,/Rtr1,RECV,/Src2::3
2205.8,/Rtr2,RECV,/Src2::3
2215.87,/Dst1,RECV,/Src2::3
2215.87,/Dst2,RECV,/Src2::3
2228,/Rtr1,PUB,/Rtr1::3
2239.07,/Src2,RECV,/Rtr1::3
2239.73,/Rtr2,RECV,/Rtr1::3
2249.8,/Dst1,RECV,/Rtr1::3
2249.8,/Dst2,RECV,/Rtr1::3
2716,/Rtr2,PUB,/Rtr2::4
2727.07,/Dst1,RECV,/Rtr2::4
2727.07,/Dst2,RECV,/Rtr2::4
2727.73,/Rtr1,RECV,/Rtr2::4
2737.8,/Src2,RECV,/Rtr2::4
2807,/Dst1,PUB,/Dst1::4
2818.11,/Rtr2,RECV,/Dst1::4
2828.19,/Dst2,RECV,/Dst1::4
2829.22,/Rtr1,RECV,/Dst1::4
2839.26,/Src2,RECV,/Dst1::4
2888,/Dst2,PUB,/Dst2::4
2899.07,/Rtr2,RECV,/Dst2::4
2909.15,/Dst1,RECV,/Dst2::4
2909.8,/Rtr1,RECV,/Dst2::4
2919.87,/Src2,RECV,/Dst2::4
3000,/Src1,PUB,/Src1::1
3010,/Src2,PUB,/Src2::4
3021.07,/Rtr1,RECV,/Src2::4
3031.15,/Src1,RECV,/Dst2::1
3031.15,/Src1,RECV,/Dst2::2
3031.15,/Src1,RECV,/Dst2::3
3031.15,/Src1,RECV,/Dst2::4
3031.15,/Src1,RECV,/Rtr1::1
3031.15,/Src1,RECV,/Rtr1::2
3031.15,/Src1,RECV,/Rtr1::3
3031.15,/Src1,RECV,/Rtr2::1
3031.15,/Src1,RECV,/Rtr2::2
3031.15,/Src1,RECV,/Rtr2::3
3031.15,/Src1,RECV,/Rtr2::4
3031.15,/Src1,RECV,/Src2::1
3031.15,/Src1,RECV,/Src2::2
3031.15,/Src1,RECV,/Src2::3
3031.15,/Src1,RECV,/Src2::4
3031.19,/Src1,RECV,/Dst1::1
3031.19,/Src1,RECV,/Dst1::2
3031.19,/Src1,RECV,/Dst1::3
3031.19,/Src1,RECV,/Dst1::4
3031.8,/Rtr2,RECV,/Src2::4
3041.87,/Dst1,RECV,/Src2::4
3041.87,/Dst2,RECV,/Src2::4
3110.07,/Rtr1,RECV,/Src1::1
3120.15,/Src2,RECV,/Src1::1
3120.8,/Rtr2,RECV,/Src1::1
3130.87,/Dst1,RECV,/Src1::1
3130.87,/Dst2,RECV,/Src1::1
3354,/Rtr1,PUB,/Rtr1::4
3365.07,/Src1,RECV,/Rtr1::4
3365.07,/Src2,RECV,/Rtr1::4
3365.73,/Rtr2,RECV,/Rtr1::4
3375.8,/Dst1,RECV,/Rtr1::4
3375.8,/Dst2,RECV,/Rtr1::4
3754,/Src1,PUB,/Src1::2
3765.07,/Rtr1,RECV,/Src1::2
3775.15,/Src2,RECV,/Src1::2
3775.8,/Rtr2,RECV,/Src1::2
3785.87,/Dst1,RECV,/Src1::2
3785.87,/Dst2,RECV,/Src1::2
3804,/Rtr2,PUB,/Rtr2::5
3815.07,/Dst1,RECV,/Rtr2::5
3815.07,/Dst2,RECV,/Rtr2::5
3815.73,/Rtr1,RECV,/Rtr2::5
3825.8,/Src1,RECV,/Rtr2::5
3825.8,/Src2,RECV,/Rtr2::5
3954,/Dst2,PUB,/Dst2::5
3965.12,/Rtr2,RECV,/Dst2::5
3975.2,/Dst1,RECV,/Dst2::5
3976.32,/Rtr1,RECV,/Dst2::5
3986.37,/Src1,RECV,/Dst2::5
3986.37,/Src2,RECV,/Dst2::5
4008,/Src2,PUB,/Src2::5
4019.07,/Rtr1,RECV,/Src2::5
4029.15,/Src1,RECV,/Src2::5
4029.8,/Rtr2,RECV,/Src2::5
4039,/Dst1,PUB,/Dst1::5
4039.87,/Dst1,RECV,/Src2::5
4039.87,/Dst2,RECV,/Src2::5
4050.12,/Rtr2,RECV,/Dst1::5
4060.2,/Dst2,RECV,/Dst1::5
4061.32,/Rtr1,RECV,/Dst1::5
4071.37,/Src1,RECV,/Dst1::5
4071.37,/Src2,RECV,/Dst1::5
4295,/Rtr1,PUB,/Rtr1::5
4306.07,/Src1,RECV,/Rtr1::5
4306.07,/Src2,RECV,/Rtr1::5
4306.73,/Rtr2,RECV,/Rtr1::5
4316.8,/Dst1,RECV,/Rtr1::5
4316.8,/Dst2,RECV,/Rtr1::5
4670,/Rtr2,PUB,/Rtr2::6
4681.07,/Dst1,RECV,/Rtr2::6
4681.07,/Dst2,RECV,/Rtr2::6
4681.73,/Rtr1,RECV,/Rtr2::6
4691.8,/Src1,RECV,/Rtr2::6
4691.8,/Src2,RECV,/Rtr2::6
4947,/Src1,PUB,/Src1::3
4958.07,/Rtr1,RECV,/Src1::3
4960,/Src2,PUB,/Src2::6
4968.15,/Src2,RECV,/Src1::3
4968.8,/Rtr2,RECV,/Src1::3
4971.07,/Rtr1,RECV,/Src2::6
4978.87,/Dst1,RECV,/Src1::3
4978.87,/Dst2,RECV,/Src1::3
4981.15,/Src1,RECV,/Src2::6
4981.8,/Rtr2,RECV,/Src2::6
4991.87,/Dst1,RECV,/Src2::6
4991.87,/Dst2,RECV,/Src2::6
5007,/Dst2,PUB,/Dst2::6
5018.12,/Rtr2,RECV,/Dst2::6
5028.2,/Dst1,RECV,/Dst2::6
5029.32,/Rtr1,RECV,/Dst2::6
5039.37,/Src1,RECV,/Dst2::6
5039.37,/Src2,RECV,/Dst2::6
5095,/Dst1,PUB,/Dst1::6
5106.12,/Rtr2,RECV,/Dst1::6
5116.2,/Dst2,RECV,/Dst1::6
5117.32,/Rtr1,RECV,/Dst1::6
5127.37,/Src1,RECV,/Dst1::6
5127.37,/Src2,RECV,/Dst1::6
5467,/Rtr1,PUB,/Rtr1::6
5478.07,/Src1,RECV,/Rtr1::6
5478.07,/Src2,RECV,/Rtr1::6
5478.73,/Rtr2,RECV,/Rtr1::6
5488.8,/Dst1,RECV,/Rtr1::6
5488.8,/Dst2,RECV,/Rtr1::6
5737,/Src1,PUB,/Src1::4
5748.07,/Rtr1,RECV,/Src1::4
5758.15,/Src2,RECV,/Src1::4
5758.8,/Rtr2,RECV,/Src1::4
5768.87,/Dst1,RECV,/Src1::4
5768.87,/Dst2,RECV,/Src1::4
5880,/Rtr2,PUB,/Rtr2::7
5891.07,/Dst1,RECV,/Rtr2::7
5891.07,/Dst2,RECV,/Rtr2::7
5891.73,/Rtr1,RECV,/Rtr2::7
5901.8,/Src1,RECV,/Rtr2::7
5901.8,/Src2,RECV,/Rtr2::7
5934,/Dst2,PUB,/Dst2::7
5945.12,/Rtr2,RECV,/Dst2::7
5955.2,/Dst1,RECV,/Dst2::7
5956.32,/Rtr1,RECV,/Dst2::7
5966.37,/Src1,RECV,/Dst2::7
5966.37,/Src2,RECV,/Dst2::7
5980,/Src2,PUB,/Src2::7
5991.07,/Rtr1,RECV,/Src2::7
6001.15,/Src1,RECV,/Src2::7
6001.8,/Rtr2,RECV,/Src2::7
6011.87,/Dst1,RECV,/Src2::7
6011.87,/Dst2,RECV,/Src2::7
6263,/Dst1,PUB,/Dst1::7
6274.12,/Rtr2,RECV,/Dst1::7
6284.2,/Dst2,RECV,/Dst1::7
6285.32,/Rtr1,RECV,/Dst1::7
6295.37,/Src1,RECV,/Dst1::7
6295.37,/Src2,RECV,/Dst1::7
6492,/Rtr1,PUB,/Rtr1::7
6503.07,/Src1,RECV,/Rtr1::7
6503.07,/Src2,RECV,/Rtr1::7
6503.73,/Rtr2,RECV,/Rtr1::7
6513.8,/Dst1,RECV,/Rtr1::7
6513.8,/Dst2,RECV,/Rtr1::7
6544,/Src1,PUB,/Src1::5
6555.07,/Rtr1,RECV,/Src1::5
6565.15,/Src2,RECV,/Src1::5
6565.8,/Rtr2,RECV,/Src1::5
6575.87,/Dst1,RECV,/Src1::5
6575.87,/Dst2,RECV,/Src1::5
6677,/Rtr2,PUB,/Rtr2::8
6688.07,/Dst1,RECV,/Rtr2::8
6688.07,/Dst2,RECV,/Rtr2::8
6688.73,/Rtr1,RECV,/Rtr2::8
6698.8,/Src1,RECV,/Rtr2::8
6698.8,/Src2,RECV,/Rtr2::8
6893,/Dst2,PUB,/Dst2::8
6904.12,/Rtr2,RECV,/Dst2::8
6914.2,/Dst1,RECV,/Dst2::8
6915.32,/Rtr1,RECV,/Dst2::8
6925.37,/Src1,RECV,/Dst2::8
6925.37,/Src2,RECV,/Dst2::8
7224,/Src2,PUB,/Src2::8
7235.07,/Rtr1,RECV,/Src2::8
7243,/Dst1,PUB,/Dst1::8
7245.15,/Src1,RECV,/Src2::8
7245.8,/Rtr2,RECV,/Src2::8
7254.12,/Rtr2,RECV,/Dst1::8
7255.87,/Dst1,RECV,/Src2::8
7255.87,/Dst2,RECV,/Src2::8
7264.2,/Dst2,RECV,/Dst1::8
7265.32,/Rtr1,RECV,/Dst1::8
7275.37,/Src1,RECV,/Dst1::8
7275.37,/Src2,RECV,/Dst1::8
7304,/Rtr1,PUB,/Rtr1::8
7315.07,/Src1,RECV,/Rtr1::8
7315.07,/Src2,RECV,/Rtr1::8
7315.73,/Rtr2,RECV,/Rtr1::8
7325.8,/Dst1,RECV,/Rtr1::8
7325.8,/Dst2,RECV,/Rtr1::8
7594,/Src1,PUB,/Src1::6
7605.07,/Rtr1,RECV,/Src1::6
7615.15,/Src2,RECV,/Src1::6
7615.8,/Rtr2,RECV,/Src1::6
7625.87,/Dst1,RECV,/Src1::6
7625.87,/Dst2,RECV,/Src1::6
7644,/Rtr2,PUB,/Rtr2::9
7655.07,/Dst1,RECV,/Rtr2::9
7655.07,/Dst2,RECV,/Rtr2::9
7655.73,/Rtr1,RECV,/Rtr2::9
7665.8,/Src1,RECV,/Rtr2::9
7665.8,/Src2,RECV,/Rtr2::9
7824,/Dst2,PUB,/Dst2::9
7835.12,/Rtr2,RECV,/Dst2::9
7845.2,/Dst1,RECV,/Dst2::9
7846.32,/Rtr1,RECV,/Dst2::9
7856.37,/Src1,RECV,/Dst2::9
7856.37,/Src2,RECV,/Dst2::9
8090,/Dst1,PUB,/Dst1::9
8101.12,/Rtr2,RECV,/Dst1::9
8111.2,/Dst2,RECV,/Dst1::9
8112.32,/Rtr1,RECV,/Dst1::9
8122.37,/Src1,RECV,/Dst1::9
8122.37,/Src2,RECV,/Dst1::9
8174,/Src2,PUB,/Src2::9
8185.07,/Rtr1,RECV,/Src2::9
8195.15,/Src1,RECV,/Src2::9
8195.8,/Rtr2,RECV,/Src2::9
8205.87,/Dst1,RECV,/Src2::9
8205.87,/Dst2,RECV,/Src2::9
8300,/Rtr1,PUB,/Rtr1::9
8311.07,/Src1,RECV,/Rtr1::9
8311.07,/Src2,RECV,/Rtr1::9
8311.73,/Rtr2,RECV,/Rtr1::9
8321.8,/Dst1,RECV,/Rtr1::9
8321.8,/Dst2,RECV,/Rtr1::9
8426,/Src1,PUB,/Src1::7
8437.07,/Rtr1,RECV,/Src1::7
8447.15,/Src2,RECV,/Src1::7
8447.8,/Rtr2,RECV,/Src1::7
8457.87,/Dst1,RECV,/Src1::7
8457.87,/Dst2,RECV,/Src1::7
8512,/Rtr2,PUB,/Rtr2::10
8523.07,/Dst1,RECV,/Rtr2::10
8523.07,/Dst2,RECV,/Rtr2::10
8523.73,/Rtr1,RECV,/Rtr2::10
8533.8,/Src1,RECV,/Rtr2::10
8533.8,/Src2,RECV,/Rtr2::10
8761,/Dst2,PUB,/Dst2::10
8772.12,/Rtr2,RECV,/Dst2::10
8782.2,/Dst1,RECV,/Dst2::10
8783.32,/Rtr1,RECV,/Dst2::10
8793.37,/Src1,RECV,/Dst2::10
8793.37,/Src2,RECV,/Dst2::10
9137,/Dst1,PUB,/Dst1::10
9148.12,/Rtr2,RECV,/Dst1::10
9158.2,/Dst2,RECV,/Dst1::10
9159.32,/Rtr1,RECV,/Dst1::10
9169.37,/Src1,RECV,/Dst1::10
9169.37,/Src2,RECV,/Dst1::10
9277,/Src2,PUB,/Src2::10
9288.07,/Rtr1,RECV,/Src2::10
9297,/Rtr2,PUB,/Rtr2::11
9298.15,/Src1,RECV,/Src2::10
9298.8,/Rtr2,RECV,/Src2::10
9308.07,/Dst1,RECV,/Rtr2::11
9308.07,/Dst2,RECV,/Rtr2::11
9308.73,/Rtr1,RECV,/Rtr2::11
9308.87,/Dst1,RECV,/Src2::10
9308.87,/Dst2,RECV,/Src2::10
9318.8,/Src1,RECV,/Rtr2::11
9318.8,/Src2,RECV,/Rtr2::11
9402,/Rtr1,PUB,/Rtr1::10
9413.07,/Src1,RECV,/Rtr1::10
9413.07,/Src2,RECV,/Rtr1::10
9413.73,/Rtr2,RECV,/Rtr1::10
9423.8,/Dst1,RECV,/Rtr1::10
9423.8,/Dst2,RECV,/Rtr1::10
9505,/Src1,PUB,/Src1::8
9516.07,/Rtr1,RECV,/Src1::8
9526.15,/Src2,RECV,/Src1::8
9526.8,/Rtr2,RECV,/Src1::8
9536.87,/Dst1,RECV,/Src1::8
9536.87,/Dst2,RECV,/Src1::8
9965,/Dst2,PUB,/Dst2::11
9976.12,/Rtr2,RECV,/Dst2::11
9986,/Dst1,PUB,/Dst1::11
9986.2,/Dst1,RECV,/Dst2::11
9987.32,/Rtr1,RECV,/Dst2::11
9997.12,/Rtr2,RECV,/Dst1::11
9997.37,/Src1,RECV,/Dst2::11
9997.37,/Src2,RECV,/Dst2::11
10007.2,/Dst2,RECV,/Dst1::11
10008.3,/Rtr1,RECV,/Dst1::11
10018.4,/Src1,RECV,/Dst1::11
10018.4,/Src2,RECV,/Dst1::11
10209,/Src2,PUB,/Src2::11
10220.1,/Rtr1,RECV,/Src2::11
10230.1,/Src1,RECV,/Src2::11
10230.8,/Rtr2,RECV,/Src2::11
10240.9,/Dst1,RECV,/Src2::11
10240.9,/Dst2,RECV,/Src2::11
10385,/Rtr2,PUB,/Rtr2::12
10396.1,/Dst1,RECV,/Rtr2::12
10396.1,/Dst2,RECV,/Rtr2::12
10396.7,/Rtr1,RECV,/Rtr2::12
10406.8,/Src1,RECV,/Rtr2::12
10406.8,/Src2,RECV,/Rtr2::12
10416,/Rtr1,PUB,/Rtr1::11
10427.1,/Src1,RECV,/Rtr1::11
10427.1,/Src2,RECV,/Rtr1::11
10427.7,/Rtr2,RECV,/Rtr1::11
10437.8,/Dst1,RECV,/Rtr1::11
10437.8,/Dst2,RECV,/Rtr1::11
10643,/Src1,PUB,/Src1::9
10654.1,/Rtr1,RECV,/Src1::9
10664.1,/Src2,RECV,/Src1::9
10664.8,/Rtr2,RECV,/Src1::9
10674.9,/Dst1,RECV,/Src1::9
10674.9,/Dst2,RECV,/Src1::9
10904,/Dst2,PUB,/Dst2::12
10915.1,/Rtr2,RECV,/Dst2::12
10925.2,/Dst1,RECV,/Dst2::12
10926.3,/Rtr1,RECV,/Dst2::12
10936.4,/Src1,RECV,/Dst2::12
10936.4,/Src2,RECV,/Dst2::12
10945,/Dst1,PUB,/Dst1::12
10956.1,/Rtr2,RECV,/Dst1::12
10966.2,/Dst2,RECV,/Dst1::12
10967.3,/Rtr1,RECV,/Dst1::12
10977.4,/Src1,RECV,/Dst1::12
10977.4,/Src2,RECV,/Dst1::12
11061,/Src2,PUB,/Src2::12
11072.1,/Rtr1,RECV,/Src2::12
11082.1,/Src1,RECV,/Src2::12
11082.8,/Rtr2,RECV,/Src2::12
11092.9,/Dst1,RECV,/Src2::12
11092.9,/Dst2,RECV,/Src2::12
11249,/Rtr1,PUB,/Rtr1::12
11260.1,/Src1,RECV,/Rtr1::12
11260.1,/Src2,RECV,/Rtr1::12
11260.7,/Rtr2,RECV,/Rtr1::12
11270.8,/Dst1,RECV,/Rtr1::12
11270.8,/Dst2,RECV,/Rtr1::12
11359,/Rtr2,PUB,/Rtr2::13
11370.1,/Dst1,RECV,/Rtr2::13
11370.1,/Dst2,RECV,/Rtr2::13
11370.7,/Rtr1,RECV,/Rtr2::13
11380.8,/Src1,RECV,/Rtr2::13
11380.8,/Src2,RECV,/Rtr2::13
11672,/Dst2,PUB,/Dst2::13
11683.1,/Rtr2,RECV,/Dst2::13
11693.2,/Dst1,RECV,/Dst2::13
11694.3,/Rtr1,RECV,/Dst2::13
11704.4,/Src1,RECV,/Dst2::13
11704.4,/Src2,RECV,/Dst2::13
11836,/Src1,PUB,/Src1::10
11847.1,/Rtr1,RECV,/Src1::10
11857.1,/Src2,RECV,/Src1::10
11857.8,/Rtr2,RECV,/Src1::10
11867.9,/Dst1,RECV,/Src1::10
11867.9,/Dst2,RECV,/Src1::10
11962,/Src2,PUB,/Src2::13
11973.1,/Rtr1,RECV,/Src2::13
11983.1,/Src1,RECV,/Src2::13
11983.8,/Rtr2,RECV,/Src2::13
11993.9,/Dst1,RECV,/Src2::13
11993.9,/Dst2,RECV,/Src2::13
12106,/Rtr1,PUB,/Rtr1::13
12117.1,/Src1,RECV,/Rtr1::13
12117.1,/Src2,RECV,/Rtr1::13
12117.7,/Rtr2,RECV,/Rtr1::13
12127.8,/Dst1,RECV,/Rtr1::13
12127.8,/Dst2,RECV,/Rtr1::13
12175,/Dst1,PUB,/Dst1::13
12186.1,/Rtr2,RECV,/Dst1::13
12196.2,/Dst2,RECV,/Dst1::13
12197,/Rtr2,PUB,/Rtr2::14
12197.3,/Rtr1,RECV,/Dst1::13
12207.4,/Src1,RECV,/Dst1::13
12207.4,/Src2,RECV,/Dst1::13
12208.1,/Dst1,RECV,/Rtr2::14
12208.1,/Dst2,RECV,/Rtr2::14
12208.7,/Rtr1,RECV,/Rtr2::14
12218.8,/Src1,RECV,/Rtr2::14
12218.8,/Src2,RECV,/Rtr2::14
12640,/Src1,PUB,/Src1::11
12651.1,/Rtr1,RECV,/Src1::11
12661.1,/Src2,RECV,/Src1::11
12661.8,/Rtr2,RECV,/Src1::11
12671.9,/Dst1,RECV,/Src1::11
12671.9,/Dst2,RECV,/Src1::11
12768,/Dst2,PUB,/Dst2::14
12779.1,/Rtr2,RECV,/Dst2::14
12789.2,/Dst1,RECV,/Dst2::14
12790.3,/Rtr1,RECV,/Dst2::14
12800.4,/Src1,RECV,/Dst2::14
12800.4,/Src2,RECV,/Dst2::14
12861,/Src2,PUB,/Src2::14
12872.1,/Rtr1,RECV,/Src2::14
12882.1,/Src1,RECV,/Src2::14
12882.8,/Rtr2,RECV,/Src2::14
12892.9,/Dst1,RECV,/Src2::14
12892.9,/Dst2,RECV,/Src2::14
12948,/Rtr2,PUB,/Rtr2::15
12959.1,/Dst1,RECV,/Rtr2::15
12959.1,/Dst2,RECV,/Rtr2::15
12959.7,/Rtr1,RECV,/Rtr2::15
12969.8,/Src1,RECV,/Rtr2::15
12969.8,/Src2,RECV,/Rtr2::15
13058,/Dst1,PUB,/Dst1::14
13069.1,/Rtr2,RECV,/Dst1::14
13079.2,/Dst2,RECV,/Dst1::14
13080.3,/Rtr1,RECV,/Dst1::14
13090.4,/Src1,RECV,/Dst1::14
13090.4,/Src2,RECV,/Dst1::14
13234,/Rtr1,PUB,/Rtr1::14
13245.1,/Src1,RECV,/Rtr1::14
13245.1,/Src2,RECV,/Rtr1::14
13245.7,/Rtr2,RECV,/Rtr1::14
13255.8,/Dst1,RECV,/Rtr1::14
13255.8,/Dst2,RECV,/Rtr1::14
13585,/Src1,PUB,/Src1::12
13596.1,/Rtr1,RECV,/Src1::12
13606.1,/Src2,RECV,/Src1::12
13606.8,/Rtr2,RECV,/Src1::12
13616.9,/Dst1,RECV,/Src1::12
13616.9,/Dst2,RECV,/Src1::12
13917,/Src2,PUB,/Src2::15
13928.1,/Rtr1,RECV,/Src2::15
13938.1,/Src1,RECV,/Src2::15
13938.8,/Rtr2,RECV,/Src2::15
13948.9,/Dst1,RECV,/Src2::15
13948.9,/Dst2,RECV,/Src2::15
14012,/Dst2,PUB,/Dst2::15
14023.1,/Rtr2,RECV,/Dst2::15
14033.2,/Dst1,RECV,/Dst2::15
14034.3,/Rtr1,RECV,/Dst2::15
14044.4,/Src1,RECV,/Dst2::15
14044.4,/Src2,RECV,/Dst2::15
14128,/Rtr2,PUB,/Rtr2::16
14139.1,/Dst1,RECV,/Rtr2::16
14139.1,/Dst2,RECV,/Rtr2::16
14139.7,/Rtr1,RECV,/Rtr2::16
14149.8,/Src1,RECV,/Rtr2::16
14149.8,/Src2,RECV,/Rtr2::16
14239,/Rtr1,PUB,/Rtr1::15
14250.1,/Src1,RECV,/Rtr1::15
14250.1,/Src2,RECV,/Rtr1::15
14250.7,/Rtr2,RECV,/Rtr1::15
14260.8,/Dst1,RECV,/Rtr1::15
14260.8,/Dst2,RECV,/Rtr1::15
14288,/Dst1,PUB,/Dst1::15
14299.1,/Rtr2,RECV,/Dst1::15
14309.2,/Dst2,RECV,/Dst1::15
14310.3,/Rtr1,RECV,/Dst1::15
14320.4,/Src1,RECV,/Dst1::15
14320.4,/Src2,RECV,/Dst1::15
14494,/Src1,PUB,/Src1::13
14505.1,/Rtr1,RECV,/Src1::13
14515.1,/Src2,RECV,/Src1::13
14515.8,/Rtr2,RECV,/Src1::13
14525.9,/Dst1,RECV,/Src1::13
14525.9,/Dst2,RECV,/Src1::13
14858,/Dst2,PUB,/Dst2::16
14869.1,/Rtr2,RECV,/Dst2::16
14879.2,/Dst1,RECV,/Dst2::16
14880.3,/Rtr1,RECV,/Dst2::16
14890.4,/Src1,RECV,/Dst2::16
14890.4,/Src2,RECV,/Dst2::16
14930,/Src2,PUB,/Src2::16
14941.1,/Rtr1,RECV,/Src2::16
14951.1,/Src1,RECV,/Src2::16
14951.8,/Rtr2,RECV,/Src2::16
14961.9,/Dst1,RECV,/Src2::16
14961.9,/Dst2,RECV,/Src2::16
15103,/Rtr2,PUB,/Rtr2::17
15114.1,/Dst1,RECV,/Rtr2::17
15114.1,/Dst2,RECV,/Rtr2::17
15114.7,/Rtr1,RECV,/Rtr2::17
15124.8,/Src1,RECV,/Rtr2::17
15124.8,/Src2,RECV,/Rtr2::17
15167,/Rtr1,PUB,/Rtr1::16
15178.1,/Src1,RECV,/Rtr1::16
15178.1,/Src2,RECV,/Rtr1::16
15178.7,/Rtr2,RECV,/Rtr1::16
15188.8,/Dst1,RECV,/Rtr1::16
15188.8,/Dst2,RECV,/Rtr1::16
15264,/Dst1,PUB,/Dst1::16
15275.1,/Rtr2,RECV,/Dst1::16
15285.2,/Dst2,RECV,/Dst1::16
15286.3,/Rtr1,RECV,/Dst1::16
15296.4,/Src1,RECV,/Dst1::16
15296.4,/Src2,RECV,/Dst1::16
15478,/Src1,PUB,/Src1::14
15489.1,/Rtr1,RECV,/Src1::14
15499.1,/Src2,RECV,/Src1::14
15499.8,/Rtr2,RECV,/Src1::14
15509.9,/Dst1,RECV,/Src1::14
15509.9,/Dst2,RECV,/Src1::14
15776,/Src2,PUB,/Src2::17
15787.1,/Rtr1,RECV,/Src2::17
15797.1,/Src1,RECV,/Src2::17
15797.8,/Rtr2,RECV,/Src2::17
15807.9,/Dst1,RECV,/Src2::17
15807.9,/Dst2,RECV,/Src2::17
15897,/Dst2,PUB,/Dst2::17
15908.1,/Rtr2,RECV,/Dst2::17
15918.2,/Dst1,RECV,/Dst2::17
15919.3,/Rtr1,RECV,/Dst2::17
15929.4,/Src1,RECV,/Dst2::17
15929.4,/Src2,RECV,/Dst2::17
16198,/Rtr1,PUB,/Rtr1::17
16209.1,/Src1,RECV,/Rtr1::17
16209.1,/Src2,RECV,/Rtr1::17
16209.7,/Rtr2,RECV,/Rtr1::17
16219.8,/Dst1,RECV,/Rtr1::17
16219.8,/Dst2,RECV,/Rtr1::17
16289,/Rtr2,PUB,/Rtr2::18
16300.1,/Dst1,RECV,/Rtr2::18
16300.1,/Dst2,RECV,/Rtr2::18
16300.7,/Rtr1,RECV,/Rtr2::18
16310.8,/Src1,RECV,/Rtr2::18
16310.8,/Src2,RECV,/Rtr2::18
16389,/Src1,PUB,/Src1::15
16400.1,/Rtr1,RECV,/Src1::15
16410.1,/Src2,RECV,/Src1::15
16410.8,/Rtr2,RECV,/Src1::15
16420.9,/Dst1,RECV,/Src1::15
16420.9,/Dst2,RECV,/Src1::15
16511,/Dst1,PUB,/Dst1::17
16522.1,/Rtr2,RECV,/Dst1::17
16532.2,/Dst2,RECV,/Dst1::17
16533.3,/Rtr1,RECV,/Dst1::17
16543.4,/Src1,RECV,/Dst1::17
16543.4,/Src2,RECV,/Dst1::17
16728,/Src2,PUB,/Src2::18
16739.1,/Rtr1,RECV,/Src2::18
16749.1,/Src1,RECV,/Src2::18
16749.8,/Rtr2,RECV,/Src2::18
16759.9,/Dst1,RECV,/Src2::18
16759.9,/Dst2,RECV,/Src2::18
16870,/Dst2,PUB,/Dst2::18
16881.1,/Rtr2,RECV,/Dst2::18
16891.2,/Dst1,RECV,/Dst2::18
16892.3,/Rtr1,RECV,/Dst2::18
16902.4,/Src1,RECV,/Dst2::18
16902.4,/Src2,RECV,/Dst2::18
17135,/Rtr1,PUB,/Rtr1::18
17146.1,/Src1,RECV,/Rtr1::18
17146.1,/Src2,RECV,/Rtr1::18
17146.7,/Rtr2,RECV,/Rtr1::18
17148,/Src1,PUB,/Src1::16
17156.8,/Dst1,RECV,/Rtr1::18
17156.8,/Dst2,RECV,/Rtr1::18
17159.1,/Rtr1,RECV,/Src1::16
17169.1,/Src2,RECV,/Src1::16
17169.8,/Rtr2,RECV,/Src1::16
17179.9,/Dst1,RECV,/Src1::16
17179.9,/Dst2,RECV,/Src1::16
17185,/Rtr2,PUB,/Rtr2::19
17196.1,/Dst1,RECV,/Rtr2::19
17196.1,/Dst2,RECV,/Rtr2::19
17196.7,/Rtr1,RECV,/Rtr2::19
17206.8,/Src1,RECV,/Rtr2::19
17206.8,/Src2,RECV,/Rtr2::19
17553,/Dst1,PUB,/Dst1::18
17564.1,/Rtr2,RECV,/Dst1::18
17574.2,/Dst2,RECV,/Dst1::18
17575.3,/Rtr1,RECV,/Dst1::18
17585.4,/Src1,RECV,/Dst1::18
17585.4,/Src2,RECV,/Dst1::18
17708,/Src2,PUB,/Src2::19
17719.1,/Rtr1,RECV,/Src2::19
17729.1,/Src1,RECV,/Src2::19
17729.8,/Rtr2,RECV,/Src2::19
17739.9,/Dst1,RECV,/Src2::19
17739.9,/Dst2,RECV,/Src2::19
17747,/Dst2,PUB,/Dst2::19
17758.1,/Rtr2,RECV,/Dst2::19
17768.2,/Dst1,RECV,/Dst2::19
17769.3,/Rtr1,RECV,/Dst2::19
17779.4,/Src1,RECV,/Dst2::19
17779.4,/Src2,RECV,/Dst2::19
17924,/Src1,PUB,/Src1::17
17935.1,/Rtr1,RECV,/Src1::17
17945.1,/Src2,RECV,/Src1::17
17945.8,/Rtr2,RECV,/Src1::17
17955.9,/Dst1,RECV,/Src1::17
17955.9,/Dst2,RECV,/Src1::17
18084,/Rtr1,PUB,/Rtr1::19
18095.1,/Src1,RECV,/Rtr1::19
18095.1,/Src2,RECV,/Rtr1::19
18095.7,/Rtr2,RECV,/Rtr1::19
18105.8,/Dst1,RECV,/Rtr1::19
18105.8,/Dst2,RECV,/Rtr1::19
18306,/Rtr2,PUB,/Rtr2::20
18317.1,/Dst1,RECV,/Rtr2::20
18317.1,/Dst2,RECV,/Rtr2::20
18317.7,/Rtr1,RECV,/Rtr2::20
18327.8,/Src1,RECV,/Rtr2::20
18327.8,/Src2,RECV,/Rtr2::20
18619,/Src2,PUB,/Src2::20
18630.1,/Rtr1,RECV,/Src2::20
18640.1,/Src1,RECV,/Src2::20
18640.8,/Rtr2,RECV,/Src2::20
18650.9,/Dst1,RECV,/Src2::20
18650.9,/Dst2,RECV,/Src2::20
18709,/Dst1,PUB,/Dst1::19
18720.1,/Rtr2,RECV,/Dst1::19
18730.2,/Dst2,RECV,/Dst1::19
18731.3,/Rtr1,RECV,/Dst1::19
18741.4,/Src1,RECV,/Dst1::19
18741.4,/Src2,RECV,/Dst1::19
18899,/Dst2,PUB,/Dst2::20
18910.1,/Rtr2,RECV,/Dst2::20
18920.2,/Dst1,RECV,/Dst2::20
18921.3,/Rtr1,RECV,/Dst2::20
18931.4,/Src1,RECV,/Dst2::20
18931.4,/Src2,RECV,/Dst2::20
18976,/Rtr1,PUB,/Rtr1::20
18987.1,/Src1,RECV,/Rtr1::20
18987.1,/Src2,RECV,/Rtr1::20
18987.7,/Rtr2,RECV,/Rtr1::20
18997.8,/Dst1,RECV,/Rtr1::20
18997.8,/Dst2,RECV,/Rtr1::20
19003,/Src1,PUB,/Src1::18
19014.1,/Rtr1,RECV,/Src1::18
19024.1,/Src2,RECV,/Src1::18
19024.8,/Rtr2,RECV,/Src1::18
19034.9,/Dst1,RECV,/Src1::18
19034.9,/Dst2,RECV,/Src1::18
19187,/Rtr2,PUB,/Rtr2::21
19198.1,/Dst1,RECV,/Rtr2::21
19198.1,/Dst2,RECV,/Rtr2::21
19198.7,/Rtr1,RECV,/Rtr2::21
19208.8,/Src1,RECV,/Rtr2::21
19208.8,/Src2,RECV,/Rtr2::21
19573,/Dst1,PUB,/Dst1::20
19584.1,/Rtr2,RECV,/Dst1::20
19594.2,/Dst2,RECV,/Dst1::20
19595.3,/Rtr1,RECV,/Dst1::20
19605.4,/Src1,RECV,/Dst1::20
19605.4,/Src2,RECV,/Dst1::20
19742,/Src2,PUB,/Src2::21
19753.1,/Rtr1,RECV,/Src2::21
19763.1,/Src1,RECV,/Src2::21
19763.8,/Rtr2,RECV,/Src2::21
19773.9,/Dst1,RECV,/Src2::21
19773.9,/Dst2,RECV,/Src2::21
SYNC_PACK=245
SYNC_BYTE=16541
