0,/Src2,PUB,/Src2::1
0,/Rtr1,PUB,/Rtr1::1
0,/Rtr2,PUB,/Rtr2::1
0,/Dst1,PUB,/Dst1::1
0,/Dst2,PUB,/Dst2::1
110.042,/Rtr1,RECV,/Src2::1
110.042,/Src2,RECV,/Rtr1::1
110.042,/Dst1,RECV,/Rtr2::1
110.042,/Dst2,RECV,/Rtr2::1
110.042,/Rtr2,RECV,/Dst1::1
110.042,/Rtr2,RECV,/Dst2::1
110.416,/Rtr2,RECV,/Rtr1::1
110.416,/Rtr1,RECV,/Rtr2::1
120.083,/Dst2,RECV,/Dst1::1
120.083,/Dst1,RECV,/Dst2::1
120.458,/Rtr2,RECV,/Src2::1
120.458,/Rtr1,RECV,/Dst1::1
120.458,/Dst1,RECV,/Rtr1::1
120.458,/Dst2,RECV,/Rtr1::1
120.458,/Src2,RECV,/Rtr2::1
120.874,/Rtr1,RECV,/Dst2::1
130.499,/Dst1,RECV,/Src2::1
130.499,/Dst2,RECV,/Src2::1
130.499,/Src2,RECV,/Dst1::1
130.915,/Src2,RECV,/Dst2::1
889,/Dst2,PUB,/Dst2::2
900.073,/Rtr2,RECV,/Dst2::2
910.146,/Dst1,RECV,/Dst2::2
910.801,/Rtr1,RECV,/Dst2::2
920.874,/Src2,RECV,/Dst2::2
1008,/Rtr2,PUB,/Rtr2::2
1019.07,/Dst1,RECV,/Rtr2::2
1019.07,/Dst2,RECV,/Rtr2::2
1019.73,/Rtr1,RECV,/Rtr2::2
1029.8,/Src2,RECV,/Rtr2::2
1131,/Dst1,PUB,/Dst1::2
1142.11,/Rtr2,RECV,/Dst1::2
1147,/Rtr1,PUB,/Rtr1::2
1152.19,/Dst2,RECV,/Dst1::2
1153.22,/Rtr1,RECV,/Dst1::2
1158.07,/Src2,RECV,/Rtr1::2
1158.73,/Rtr2,RECV,/Rtr1::2
1163.26,/Src2,RECV,/Dst1::2
1168.8,/Dst1,RECV,/Rtr1::2
1168.8,/Dst2,RECV,/Rtr1::2
1245,/Src2,PUB,/Src2::2
1256.07,/Rtr1,RECV,/Src2::2
1266.8,/Rtr2,RECV,/Src2::2
1276.87,/Dst1,RECV,/Src2::2
1276.87,/Dst2,RECV,/Src2::2
1957,/Rtr2,PUB,/Rtr2::3
1968.07,/Dst1,RECV,/Rtr2::3
1968.07,/Dst2,RECV,/Rtr2::3
1968.73,/Rtr1,RECV,/Rtr2::3
1978.8,/Src2,RECV,/Rtr2::3
1980,/Dst2,PUB,/Dst2::3
1991.07,/Rtr2,RECV,/Dst2::3
2001.15,/Dst1,RECV,/Dst2::3
2001.8,/Rtr1,RECV,/Dst2::3
2011.87,/Src2,RECV,/Dst2::3
2321,/Dst1,PUB,/Dst1::3
2332.11,/Rtr2,RECV,/Dst1::3
2342.19,/Dst2,RECV,/Dst1::3
2343.22,/Rtr1,RECV,/Dst1::3
2353.26,/Src2,RECV,/Dst1::3
2511,/Src2,PUB,/Src2::3
2522.07,/Rtr1,RECV,/Src2::3
2532.8,/Rtr2,RECV,/Src2::3
2542.87,/Dst1,RECV,/Src2::3
2542.87,/Dst2,RECV,/Src2::3
2562,/Rtr1,PUB,/Rtr1::3
2573.07,/Src2,RECV,/Rtr1::3
2573.73,/Rtr2,RECV,/Rtr1::3
2583.8,/Dst1,RECV,/Rtr1::3
2583.8,/Dst2,RECV,/Rtr1::3
3000,/Src1,PUB,/Src1::1
3110.04,/Rtr1,RECV,/Src1::1
3120.08,/Src2,RECV,/Src1::1
3120.46,/Rtr2,RECV,/Src1::1
3124,/Rtr2,PUB,/Rtr2::4
3130.5,/Dst1,RECV,/Src1::1
3130.5,/Dst2,RECV,/Src1::1
3135.07,/Dst1,RECV,/Rtr2::4
3135.07,/Dst2,RECV,/Rtr2::4
3135.73,/Rtr1,RECV,/Rtr2::4
3145.8,/Src1,RECV,/Rtr1::1
3145.8,/Src1,RECV,/Rtr1::2
3145.8,/Src1,RECV,/Rtr1::3
3145.8,/Src1,RECV,/Rtr2::1
3145.8,/Src1,RECV,/Rtr2::2
3145.8,/Src1,RECV,/Rtr2::3
3145.8,/Src1,RECV,/Rtr2::4
3145.8,/Src1,RECV,/Src2::1
3145.8,/Src1,RECV,/Src2::2
3145.8,/Src1,RECV,/Src2::3
3145.8,/Src2,RECV,/Rtr2::4
3146.3,/Src1,RECV,/Dst1::1
3146.3,/Src1,RECV,/Dst1::2
3146.3,/Src1,RECV,/Dst1::3
3146.3,/Src1,RECV,/Dst2::1
3146.3,/Src1,RECV,/Dst2::2
3146.3,/Src1,RECV,/Dst2::3
3228,/Dst1,PUB,/Dst1::4
3239.12,/Rtr2,RECV,/Dst1::4
3249.2,/Dst2,RECV,/Dst1::4
3250.32,/Rtr1,RECV,/Dst1::4
3260.37,/Src1,RECV,/Dst1::4
3260.37,/Src2,RECV,/Dst1::4
3321,/Dst2,PUB,/Dst2::4
3332.12,/Rtr2,RECV,/Dst2::4
3342.2,/Dst1,RECV,/Dst2::4
3343.32,/Rtr1,RECV,/Dst2::4
3353.37,/Src1,RECV,/Dst2::4
3353.37,/Src2,RECV,/Dst2::4
3461,/Src2,PUB,/Src2::4
3472.07,/Rtr1,RECV,/Src2::4
3482.15,/Src1,RECV,/Src2::4
3482.8,/Rtr2,RECV,/Src2::4
3492.87,/Dst1,RECV,/Src2::4
3492.87,/Dst2,RECV,/Src2::4
3856,/Rtr1,PUB,/Rtr1::4
3867.07,/Src1,RECV,/Rtr1::4
3867.07,/Src2,RECV,/Rtr1::4
3867.73,/Rtr2,RECV,/Rtr1::4
3868,/Src1,PUB,/Src1::2
3877.8,/Dst1,RECV,/Rtr1::4
3877.8,/Dst2,RECV,/Rtr1::4
3879.07,/Rtr1,RECV,/Src1::2
3889.15,/Src2,RECV,/Src1::2
3889.8,/Rtr2,RECV,/Src1::2
3899.87,/Dst1,RECV,/Src1::2
3899.87,/Dst2,RECV,/Src1::2
4375,/Rtr2,PUB,/Rtr2::5
4386.07,/Dst1,RECV,/Rtr2::5
4386.07,/Dst2,RECV,/Rtr2::5
4386.73,/Rtr1,RECV,/Rtr2::5
4396.8,/Src1,RECV,/Rtr2::5
4396.8,/Src2,RECV,/Rtr2::5
4547,/Dst2,PUB,/Dst2::5
4558.12,/Rtr2,RECV,/Dst2::5
4568.2,/Dst1,RECV,/Dst2::5
4569.32,/Rtr1,RECV,/Dst2::5
4579.37,/Src1,RECV,/Dst2::5
4579.37,/Src2,RECV,/Dst2::5
4609,/Src2,PUB,/Src2::5
4620.07,/Rtr1,RECV,/Src2::5
4630.15,/Src1,RECV,/Src2::5
4630.8,/Rtr2,RECV,/Src2::5
4640.87,/Dst1,RECV,/Src2::5
4640.87,/Dst2,RECV,/Src2::5
4645,/Dst1,PUB,/Dst1::5
4656.12,/Rtr2,RECV,/Dst1::5
4666.2,/Dst2,RECV,/Dst1::5
4667.32,/Rtr1,RECV,/Dst1::5
4677.37,/Src1,RECV,/Dst1::5
4677.37,/Src2,RECV,/Dst1::5
4938,/Rtr1,PUB,/Rtr1::5
4949.07,/Src1,RECV,/Rtr1::5
4949.07,/Src2,RECV,/Rtr1::5
4949.73,/Rtr2,RECV,/Rtr1::5
4959.8,/Dst1,RECV,/Rtr1::5
4959.8,/Dst2,RECV,/Rtr1::5
5240,/Src1,PUB,/Src1::3
5251.07,/Rtr1,RECV,/Src1::3
5261.15,/Src2,RECV,/Src1::3
5261.8,/Rtr2,RECV,/Src1::3
5271.87,/Dst1,RECV,/Src1::3
5271.87,/Dst2,RECV,/Src1::3
5372,/Rtr2,PUB,/Rtr2::6
5383.07,/Dst1,RECV,/Rtr2::6
5383.07,/Dst2,RECV,/Rtr2::6
5383.73,/Rtr1,RECV,/Rtr2::6
5393.8,/Src1,RECV,/Rtr2::6
5393.8,/Src2,RECV,/Rtr2::6
5704,/Src2,PUB,/Src2::6
5715.07,/Rtr1,RECV,/Src2::6
5725.15,/Src1,RECV,/Src2::6
5725.8,/Rtr2,RECV,/Src2::6
5735.87,/Dst1,RECV,/Src2::6
5735.87,/Dst2,RECV,/Src2::6
5757,/Dst2,PUB,/Dst2::6
5768.12,/Rtr2,RECV,/Dst2::6
5778.2,/Dst1,RECV,/Dst2::6
5779.32,/Rtr1,RECV,/Dst2::6
5789.37,/Src1,RECV,/Dst2::6
5789.37,/Src2,RECV,/Dst2::6
5859,/Dst1,PUB,/Dst1::6
5870.12,/Rtr2,RECV,/Dst1::6
5880.2,/Dst2,RECV,/Dst1::6
5881.32,/Rtr1,RECV,/Dst1::6
5891.37,/Src1,RECV,/Dst1::6
5891.37,/Src2,RECV,/Dst1::6
6149,/Src1,PUB,/Src1::4
6160.07,/Rtr1,RECV,/Src1::4
6170.15,/Src2,RECV,/Src1::4
6170.8,/Rtr2,RECV,/Src1::4
6180.87,/Dst1,RECV,/Src1::4
6180.87,/Dst2,RECV,/Src1::4
6285,/Rtr1,PUB,/Rtr1::6
6296.07,/Src1,RECV,/Rtr1::6
6296.07,/Src2,RECV,/Rtr1::6
6296.73,/Rtr2,RECV,/Rtr1::6
6306.8,/Dst1,RECV,/Rtr1::6
6306.8,/Dst2,RECV,/Rtr1::6
6763,/Rtr2,PUB,/Rtr2::7
6774.07,/Dst1,RECV,/Rtr2::7
6774.07,/Dst2,RECV,/Rtr2::7
6774.73,/Rtr1,RECV,/Rtr2::7
6784.8,/Src1,RECV,/Rtr2::7
6784.8,/Src2,RECV,/Rtr2::7
6823,/Dst2,PUB,/Dst2::7
6834.12,/Rtr2,RECV,/Dst2::7
6844.2,/Dst1,RECV,/Dst2::7
6845.32,/Rtr1,RECV,/Dst2::7
6855.37,/Src1,RECV,/Dst2::7
6855.37,/Src2,RECV,/Dst2::7
6876,/Src2,PUB,/Src2::7
6887.07,/Rtr1,RECV,/Src2::7
6897.15,/Src1,RECV,/Src2::7
6897.8,/Rtr2,RECV,/Src2::7
6907.87,/Dst1,RECV,/Src2::7
6907.87,/Dst2,RECV,/Src2::7
7078,/Src1,PUB,/Src1::5
7089.07,/Rtr1,RECV,/Src1::5
7099.15,/Src2,RECV,/Src1::5
7099.8,/Rtr2,RECV,/Src1::5
7109.87,/Dst1,RECV,/Src1::5
7109.87,/Dst2,RECV,/Src1::5
7202,/Dst1,PUB,/Dst1::7
7213.12,/Rtr2,RECV,/Dst1::7
7223.2,/Dst2,RECV,/Dst1::7
7224.32,/Rtr1,RECV,/Dst1::7
7234.37,/Src1,RECV,/Dst1::7
7234.37,/Src2,RECV,/Dst1::7
7464,/Rtr1,PUB,/Rtr1::7
7475.07,/Src1,RECV,/Rtr1::7
7475.07,/Src2,RECV,/Rtr1::7
7475.73,/Rtr2,RECV,/Rtr1::7
7485.8,/Dst1,RECV,/Rtr1::7
7485.8,/Dst2,RECV,/Rtr1::7
7680,/Rtr2,PUB,/Rtr2::8
7691.07,/Dst1,RECV,/Rtr2::8
7691.07,/Dst2,RECV,/Rtr2::8
7691.73,/Rtr1,RECV,/Rtr2::8
7701.8,/Src1,RECV,/Rtr2::8
7701.8,/Src2,RECV,/Rtr2::8
7926,/Dst2,PUB,/Dst2::8
7937.12,/Rtr2,RECV,/Dst2::8
7947.2,/Dst1,RECV,/Dst2::8
7948.32,/Rtr1,RECV,/Dst2::8
7958.37,/Src1,RECV,/Dst2::8
7958.37,/Src2,RECV,/Dst2::8
8286,/Src1,PUB,/Src1::6
8297.07,/Rtr1,RECV,/Src1::6
8307,/Src2,PUB,/Src2::8
8307.15,/Src2,RECV,/Src1::6
8307.8,/Rtr2,RECV,/Src1::6
8317.87,/Dst1,RECV,/Src1::6
8317.87,/Dst2,RECV,/Src1::6
8318.07,/Rtr1,RECV,/Src2::8
8328.15,/Src1,RECV,/Src2::8
8328.8,/Rtr2,RECV,/Src2::8
8329,/Dst1,PUB,/Dst1::8
8338.87,/Dst1,RECV,/Src2::8
8338.87,/Dst2,RECV,/Src2::8
8340.12,/Rtr2,RECV,/Dst1::8
8350.2,/Dst2,RECV,/Dst1::8
8351.32,/Rtr1,RECV,/Dst1::8
8361.37,/Src1,RECV,/Dst1::8
8361.37,/Src2,RECV,/Dst1::8
8399,/Rtr1,PUB,/Rtr1::8
8410.07,/Src1,RECV,/Rtr1::8
8410.07,/Src2,RECV,/Rtr1::8
8410.73,/Rtr2,RECV,/Rtr1::8
8420.8,/Dst1,RECV,/Rtr1::8
8420.8,/Dst2,RECV,/Rtr1::8
8792,/Rtr2,PUB,/Rtr2::9
8803.07,/Dst1,RECV,/Rtr2::9
8803.07,/Dst2,RECV,/Rtr2::9
8803.73,/Rtr1,RECV,/Rtr2::9
8813.8,/Src1,RECV,/Rtr2::9
8813.8,/Src2,RECV,/Rtr2::9
8997,/Dst2,PUB,/Dst2::9
9008.12,/Rtr2,RECV,/Dst2::9
9018.2,/Dst1,RECV,/Dst2::9
9019.32,/Rtr1,RECV,/Dst2::9
9029.37,/Src1,RECV,/Dst2::9
9029.37,/Src2,RECV,/Dst2::9
9243,/Src1,PUB,/Src1::7
9254.07,/Rtr1,RECV,/Src1::7
9264.15,/Src2,RECV,/Src1::7
9264.8,/Rtr2,RECV,/Src1::7
9274.87,/Dst1,RECV,/Src1::7
9274.87,/Dst2,RECV,/Src1::7
9304,/Dst1,PUB,/Dst1::9
9315.12,/Rtr2,RECV,/Dst1::9
9325.2,/Dst2,RECV,/Dst1::9
9326.32,/Rtr1,RECV,/Dst1::9
9336.37,/Src1,RECV,/Dst1::9
9336.37,/Src2,RECV,/Dst1::9
9400,/Src2,PUB,/Src2::9
9411.07,/Rtr1,RECV,/Src2::9
9421.15,/Src1,RECV,/Src2::9
9421.8,/Rtr2,RECV,/Src2::9
9431.87,/Dst1,RECV,/Src2::9
9431.87,/Dst2,RECV,/Src2::9
9544,/Rtr1,PUB,/Rtr1::9
9555.07,/Src1,RECV,/Rtr1::9
9555.07,/Src2,RECV,/Rtr1::9
9555.73,/Rtr2,RECV,/Rtr1::9
9565.8,/Dst1,RECV,/Rtr1::9
9565.8,/Dst2,RECV,/Rtr1::9
9791,/Rtr2,PUB,/Rtr2::10
9802.07,/Dst1,RECV,/Rtr2::10
9802.07,/Dst2,RECV,/Rtr2::10
9802.73,/Rtr1,RECV,/Rtr2::10
9812.8,/Src1,RECV,/Rtr2::10
9812.8,/Src2,RECV,/Rtr2::10
10075,/Dst2,PUB,/Dst2::10
10086.1,/Rtr2,RECV,/Dst2::10
10096.2,/Dst1,RECV,/Dst2::10
10097.3,/Rtr1,RECV,/Dst2::10
10107.4,/Src1,RECV,/Dst2::10
10107.4,/Src2,RECV,/Dst2::10
10484,/Src1,PUB,/Src1::8
10495.1,/Rtr1,RECV,/Src1::8
10505.1,/Src2,RECV,/Src1::8
10505.8,/Rtr2,RECV,/Src1::8
10508,/Dst1,PUB,/Dst1::10
10515.9,/Dst1,RECV,/Src1::8
10515.9,/Dst2,RECV,/Src1::8
10519.1,/Rtr2,RECV,/Dst1::10
10529.2,/Dst2,RECV,/Dst1::10
10530.3,/Rtr1,RECV,/Dst1::10
10540.4,/Src1,RECV,/Dst1::10
10540.4,/Src2,RECV,/Dst1::10
10669,/Src2,PUB,/Src2::10
10680.1,/Rtr1,RECV,/Src2::10
10690.1,/Src1,RECV,/Src2::10
10690.8,/Rtr2,RECV,/Src2::10
10694,/Rtr2,PUB,/Rtr2::11
10700.9,/Dst1,RECV,/Src2::10
10700.9,/Dst2,RECV,/Src2::10
10705.1,/Dst1,RECV,/Rtr2::11
10705.1,/Dst2,RECV,/Rtr2::11
10705.7,/Rtr1,RECV,/Rtr2::11
10715.8,/Src1,RECV,/Rtr2::11
10715.8,/Src2,RECV,/Rtr2::11
10811,/Rtr1,PUB,/Rtr1::10
10822.1,/Src1,RECV,/Rtr1::10
10822.1,/Src2,RECV,/Rtr1::10
10822.7,/Rtr2,RECV,/Rtr1::10
10832.8,/Dst1,RECV,/Rtr1::10
10832.8,/Dst2,RECV,/Rtr1::10
11459,/Dst2,PUB,/Dst2::11
11470.1,/Rtr2,RECV,/Dst2::11
11480.2,/Dst1,RECV,/Dst2::11
11481.3,/Rtr1,RECV,/Dst2::11
11485,/Dst1,PUB,/Dst1::11
11491.4,/Src1,RECV,/Dst2::11
11491.4,/Src2,RECV,/Dst2::11
11496.1,/Rtr2,RECV,/Dst1::11
11506.2,/Dst2,RECV,/Dst1::11
11507.3,/Rtr1,RECV,/Dst1::11
11517.4,/Src1,RECV,/Dst1::11
11517.4,/Src2,RECV,/Dst1::11
11741,/Src2,PUB,/Src2::11
11752.1,/Rtr1,RECV,/Src2::11
11762.1,/Src1,RECV,/Src2::11
11762.8,/Rtr2,RECV,/Src2::11
11772.9,/Dst1,RECV,/Src2::11
11772.9,/Dst2,RECV,/Src2::11
11792,/Src1,PUB,/Src1::9
11803.1,/Rtr1,RECV,/Src1::9
11813.1,/Src2,RECV,/Src1::9
11813.8,/Rtr2,RECV,/Src1::9
11823.9,/Dst1,RECV,/Src1::9
11823.9,/Dst2,RECV,/Src1::9
11944,/Rtr2,PUB,/Rtr2::12
11955.1,/Dst1,RECV,/Rtr2::12
11955.1,/Dst2,RECV,/Rtr2::12
11955.7,/Rtr1,RECV,/Rtr2::12
11965.8,/Src1,RECV,/Rtr2::12
11965.8,/Src2,RECV,/Rtr2::12
11977,/Rtr1,PUB,/Rtr1::11
11988.1,/Src1,RECV,/Rtr1::11
11988.1,/Src2,RECV,/Rtr1::11
11988.7,/Rtr2,RECV,/Rtr1::11
11998.8,/Dst1,RECV,/Rtr1::11
11998.8,/Dst2,RECV,/Rtr1::11
12539,/Dst2,PUB,/Dst2::12
12550.1,/Rtr2,RECV,/Dst2::12
12560.2,/Dst1,RECV,/Dst2::12
12561.3,/Rtr1,RECV,/Dst2::12
12571.4,/Src1,RECV,/Dst2::12
12571.4,/Src2,RECV,/Dst2::12
12587,/Dst1,PUB,/Dst1::12
12598.1,/Rtr2,RECV,/Dst1::12
12608.2,/Dst2,RECV,/Dst1::12
12609.3,/Rtr1,RECV,/Dst1::12
12619.4,/Src1,RECV,/Dst1::12
12619.4,/Src2,RECV,/Dst1::12
12721,/Src2,PUB,/Src2::12
12732.1,/Rtr1,RECV,/Src2::12
12742.1,/Src1,RECV,/Src2::12
12742.8,/Rtr2,RECV,/Src2::12
12752.9,/Dst1,RECV,/Src2::12
12752.9,/Dst2,RECV,/Src2::12
12935,/Rtr1,PUB,/Rtr1::12
12946.1,/Src1,RECV,/Rtr1::12
12946.1,/Src2,RECV,/Rtr1::12
12946.7,/Rtr2,RECV,/Rtr1::12
12956.8,/Dst1,RECV,/Rtr1::12
12956.8,/Dst2,RECV,/Rtr1::12
13065,/Rtr2,PUB,/Rtr2::13
13076.1,/Dst1,RECV,/Rtr2::13
13076.1,/Dst2,RECV,/Rtr2::13
13076.7,/Rtr1,RECV,/Rtr2::13
13086.8,/Src1,RECV,/Rtr2::13
13086.8,/Src2,RECV,/Rtr2::13
13164,/Src1,PUB,/Src1::10
13175.1,/Rtr1,RECV,/Src1::10
13185.1,/Src2,RECV,/Src1::10
13185.8,/Rtr2,RECV,/Src1::10
13195.9,/Dst1,RECV,/Src1::10
13195.9,/Dst2,RECV,/Src1::10
13422,/Dst2,PUB,/Dst2::13
13433.1,/Rtr2,RECV,/Dst2::13
13443.2,/Dst1,RECV,/Dst2::13
13444.3,/Rtr1,RECV,/Dst2::13
13454.4,/Src1,RECV,/Dst2::13
13454.4,/Src2,RECV,/Dst2::13
13758,/Src2,PUB,/Src2::13
13769.1,/Rtr1,RECV,/Src2::13
13779.1,/Src1,RECV,/Src2::13
13779.8,/Rtr2,RECV,/Src2::13
13789.9,/Dst1,RECV,/Src2::13
13789.9,/Dst2,RECV,/Src2::13
13920,/Rtr1,PUB,/Rtr1::13
13931.1,/Src1,RECV,/Rtr1::13
13931.1,/Src2,RECV,/Rtr1::13
13931.7,/Rtr2,RECV,/Rtr1::13
13941.8,/Dst1,RECV,/Rtr1::13
13941.8,/Dst2,RECV,/Rtr1::13
14001,/Dst1,PUB,/Dst1::13
14012.1,/Rtr2,RECV,/Dst1::13
14022.2,/Dst2,RECV,/Dst1::13
14023.3,/Rtr1,RECV,/Dst1::13
14030,/Rtr2,PUB,/Rtr2::14
14033.4,/Src1,RECV,/Dst1::13
14033.4,/Src2,RECV,/Dst1::13
14041.1,/Dst1,RECV,/Rtr2::14
14041.1,/Dst2,RECV,/Rtr2::14
14041.7,/Rtr1,RECV,/Rtr2::14
14051.8,/Src1,RECV,/Rtr2::14
14051.8,/Src2,RECV,/Rtr2::14
14090,/Src1,PUB,/Src1::11
14101.1,/Rtr1,RECV,/Src1::11
14111.1,/Src2,RECV,/Src1::11
14111.8,/Rtr2,RECV,/Src1::11
14121.9,/Dst1,RECV,/Src1::11
14121.9,/Dst2,RECV,/Src1::11
14682,/Dst2,PUB,/Dst2::14
14693.1,/Rtr2,RECV,/Dst2::14
14703.2,/Dst1,RECV,/Dst2::14
14704.3,/Rtr1,RECV,/Dst2::14
14714.4,/Src1,RECV,/Dst2::14
14714.4,/Src2,RECV,/Dst2::14
14793,/Src2,PUB,/Src2::14
14804.1,/Rtr1,RECV,/Src2::14
14814.1,/Src1,RECV,/Src2::14
14814.8,/Rtr2,RECV,/Src2::14
14824.9,/Dst1,RECV,/Src2::14
14824.9,/Dst2,RECV,/Src2::14
14895,/Rtr2,PUB,/Rtr2::15
14906.1,/Dst1,RECV,/Rtr2::15
14906.1,/Dst2,RECV,/Rtr2::15
14906.7,/Rtr1,RECV,/Rtr2::15
14916.8,/Src1,RECV,/Rtr2::15
14916.8,/Src2,RECV,/Rtr2::15
15016,/Dst1,PUB,/Dst1::14
15027.1,/Rtr2,RECV,/Dst1::14
15037.2,/Dst2,RECV,/Dst1::14
15038.3,/Rtr1,RECV,/Dst1::14
15048.4,/Src1,RECV,/Dst1::14
15048.4,/Src2,RECV,/Dst1::14
15177,/Src1,PUB,/Src1::12
15188.1,/Rtr1,RECV,/Src1::12
15198.1,/Src2,RECV,/Src1::12
15198.8,/Rtr2,RECV,/Src1::12
15208.9,/Dst1,RECV,/Src1::12
15208.9,/Dst2,RECV,/Src1::12
15217,/Rtr1,PUB,/Rtr1::14
15228.1,/Src1,RECV,/Rtr1::14
15228.1,/Src2,RECV,/Rtr1::14
15228.7,/Rtr2,RECV,/Rtr1::14
15238.8,/Dst1,RECV,/Rtr1::14
15238.8,/Dst2,RECV,/Rtr1::14
16007,/Src2,PUB,/Src2::15
16018.1,/Rtr1,RECV,/Src2::15
16028.1,/Src1,RECV,/Src2::15
16028.8,/Rtr2,RECV,/Src2::15
16038.9,/Dst1,RECV,/Src2::15
16038.9,/Dst2,RECV,/Src2::15
16112,/Dst2,PUB,/Dst2::15
16123.1,/Rtr2,RECV,/Dst2::15
16133.2,/Dst1,RECV,/Dst2::15
16134.3,/Rtr1,RECV,/Dst2::15
16144.4,/Src1,RECV,/Dst2::15
16144.4,/Src2,RECV,/Dst2::15
16223,/Src1,PUB,/Src1::13
16234.1,/Rtr1,RECV,/Src1::13
16244.1,/Src2,RECV,/Src1::13
16244.8,/Rtr2,RECV,/Src1::13
16252,/Rtr2,PUB,/Rtr2::16
16254.9,/Dst1,RECV,/Src1::13
16254.9,/Dst2,RECV,/Src1::13
16263.1,/Dst1,RECV,/Rtr2::16
16263.1,/Dst2,RECV,/Rtr2::16
16263.7,/Rtr1,RECV,/Rtr2::16
16273.8,/Src1,RECV,/Rtr2::16
16273.8,/Src2,RECV,/Rtr2::16
16373,/Rtr1,PUB,/Rtr1::15
16384.1,/Src1,RECV,/Rtr1::15
16384.1,/Src2,RECV,/Rtr1::15
16384.7,/Rtr2,RECV,/Rtr1::15
16394.8,/Dst1,RECV,/Rtr1::15
16394.8,/Dst2,RECV,/Rtr1::15
16430,/Dst1,PUB,/Dst1::15
16441.1,/Rtr2,RECV,/Dst1::15
16451.2,/Dst2,RECV,/Dst1::15
16452.3,/Rtr1,RECV,/Dst1::15
16462.4,/Src1,RECV,/Dst1::15
16462.4,/Src2,RECV,/Dst1::15
17085,/Dst2,PUB,/Dst2::16
17096.1,/Rtr2,RECV,/Dst2::16
17106.2,/Dst1,RECV,/Dst2::16
17107.3,/Rtr1,RECV,/Dst2::16
17117.4,/Src1,RECV,/Dst2::16
17117.4,/Src2,RECV,/Dst2::16
17172,/Src2,PUB,/Src2::16
17183.1,/Rtr1,RECV,/Src2::16
17193.1,/Src1,RECV,/Src2::16
17193.8,/Rtr2,RECV,/Src2::16
17203.9,/Dst1,RECV,/Src2::16
17203.9,/Dst2,RECV,/Src2::16
17355,/Src1,PUB,/Src1::14
17366.1,/Rtr1,RECV,/Src1::14
17374,/Rtr2,PUB,/Rtr2::17
17376.1,/Src2,RECV,/Src1::14
17376.8,/Rtr2,RECV,/Src1::14
17385.1,/Dst1,RECV,/Rtr2::17
17385.1,/Dst2,RECV,/Rtr2::17
17385.7,/Rtr1,RECV,/Rtr2::17
17386.9,/Dst1,RECV,/Src1::14
17386.9,/Dst2,RECV,/Src1::14
17395.8,/Src1,RECV,/Rtr2::17
17395.8,/Src2,RECV,/Rtr2::17
17440,/Rtr1,PUB,/Rtr1::16
17451.1,/Src1,RECV,/Rtr1::16
17451.1,/Src2,RECV,/Rtr1::16
17451.7,/Rtr2,RECV,/Rtr1::16
17461.8,/Dst1,RECV,/Rtr1::16
17461.8,/Dst2,RECV,/Rtr1::16
17552,/Dst1,PUB,/Dst1::16
17563.1,/Rtr2,RECV,/Dst1::16
17573.2,/Dst2,RECV,/Dst1::16
17574.3,/Rtr1,RECV,/Dst1::16
17584.4,/Src1,RECV,/Dst1::16
17584.4,/Src2,RECV,/Dst1::16
18146,/Src2,PUB,/Src2::17
18157.1,/Rtr1,RECV,/Src2::17
18167.1,/Src1,RECV,/Src2::17
18167.8,/Rtr2,RECV,/Src2::17
18177.9,/Dst1,RECV,/Src2::17
18177.9,/Dst2,RECV,/Src2::17
18280,/Dst2,PUB,/Dst2::17
18291.1,/Rtr2,RECV,/Dst2::17
18301.2,/Dst1,RECV,/Dst2::17
18302.3,/Rtr1,RECV,/Dst2::17
18312.4,/Src1,RECV,/Dst2::17
18312.4,/Src2,RECV,/Dst2::17
18402,/Src1,PUB,/Src1::15
18413.1,/Rtr1,RECV,/Src1::15
18423.1,/Src2,RECV,/Src1::15
18423.8,/Rtr2,RECV,/Src1::15
18433.9,/Dst1,RECV,/Src1::15
18433.9,/Dst2,RECV,/Src1::15
18626,/Rtr1,PUB,/Rtr1::17
18637.1,/Src1,RECV,/Rtr1::17
18637.1,/Src2,RECV,/Rtr1::17
18637.7,/Rtr2,RECV,/Rtr1::17
18647.8,/Dst1,RECV,/Rtr1::17
18647.8,/Dst2,RECV,/Rtr1::17
18737,/Rtr2,PUB,/Rtr2::18
18748.1,/Dst1,RECV,/Rtr2::18
18748.1,/Dst2,RECV,/Rtr2::18
18748.7,/Rtr1,RECV,/Rtr2::18
18758.8,/Src1,RECV,/Rtr2::18
18758.8,/Src2,RECV,/Rtr2::18
18985,/Dst1,PUB,/Dst1::17
18996.1,/Rtr2,RECV,/Dst1::17
19006.2,/Dst2,RECV,/Dst1::17
19007.3,/Rtr1,RECV,/Dst1::17
19017.4,/Src1,RECV,/Dst1::17
19017.4,/Src2,RECV,/Dst1::17
19241,/Src2,PUB,/Src2::18
19252.1,/Rtr1,RECV,/Src2::18
19262.1,/Src1,RECV,/Src2::18
19262.8,/Rtr2,RECV,/Src2::18
19272.9,/Dst1,RECV,/Src2::18
19272.9,/Dst2,RECV,/Src2::18
19275,/Src1,PUB,/Src1::16
19286.1,/Rtr1,RECV,/Src1::16
19296.1,/Src2,RECV,/Src1::16
19296.8,/Rtr2,RECV,/Src1::16
19306.9,/Dst1,RECV,/Src1::16
19306.9,/Dst2,RECV,/Src1::16
19399,/Dst2,PUB,/Dst2::18
19410.1,/Rtr2,RECV,/Dst2::18
19420.2,/Dst1,RECV,/Dst2::18
19421.3,/Rtr1,RECV,/Dst2::18
19431.4,/Src1,RECV,/Dst2::18
19431.4,/Src2,RECV,/Dst2::18
19703,/Rtr1,PUB,/Rtr1::18
19714.1,/Src1,RECV,/Rtr1::18
19714.1,/Src2,RECV,/Rtr1::18
19714.7,/Rtr2,RECV,/Rtr1::18
19724.8,/Dst1,RECV,/Rtr1::18
19724.8,/Dst2,RECV,/Rtr1::18
19768,/Rtr2,PUB,/Rtr2::19
19779.1,/Dst1,RECV,/Rtr2::19
19779.1,/Dst2,RECV,/Rtr2::19
19779.7,/Rtr1,RECV,/Rtr2::19
19789.8,/Src1,RECV,/Rtr2::19
19789.8,/Src2,RECV,/Rtr2::19
SYNC_PACK=214
SYNC_BYTE=14441
